[2-10-13 16:42:34] TraceInfo|VersionNumber|V1
[2-10-13 16:42:34] GameLoaded|GameFile|webapps/game/games/lvo/game.xml|MaxPlayers|5
[2-10-13 16:42:42] PlayerAdded|PlayerID|SP640679
[2-10-13 16:42:43] PlayerAdded|PlayerID|SP158846
[2-10-13 16:42:45] PlayerAdded|PlayerID|SP649181
[2-10-13 16:42:51] PortfolioAssigned|PlayerID|SP640679|PortfolioID|P1
[2-10-13 16:42:52] PlayerAdded|PlayerID|SP165096
[2-10-13 16:42:55] PlayerAdded|PlayerID|SP187510
[2-10-13 16:42:56] PortfolioAssigned|PlayerID|SP158846|PortfolioID|P3
[2-10-13 16:43:01] PortfolioAssigned|PlayerID|SP649181|PortfolioID|P2
[2-10-13 16:43:06] PortfolioAssigned|PlayerID|SP165096|PortfolioID|P4
[2-10-13 16:43:10] PortfolioAssigned|PlayerID|SP187510|PortfolioID|P5
[2-10-13 16:47:05] GameStarted|NumPlayers|5|GamePeriod|52
[2-10-13 16:48:32] StartedPlanning|GameTime|0
[2-10-13 16:50:28] PlanChanged|GameTime|0|PlayerID|SP640679|PlanChange|MethodAdded;T16.M2;26;
[2-10-13 16:52:00] PlanChanged|GameTime|0|PlayerID|SP640679|PlanChange|MethodAdded;T4.M1;38;
[2-10-13 16:52:02] PlanChanged|GameTime|0|PlayerID|SP158846|PlanChange|MethodAdded;T26.M4;25;
[2-10-13 16:52:46] PlanChanged|GameTime|0|PlayerID|SP158846|PlanChange|MethodAdded;T1.M4;0;
[2-10-13 16:52:49] PlanChanged|GameTime|0|PlayerID|SP640679|PlanChange|MethodAdded;T17.M1;0;
[2-10-13 16:53:21] PlanChanged|GameTime|0|PlayerID|SP158846|PlanChange|MethodAdded;T25.M2;10;
[2-10-13 16:53:37] PlanChanged|GameTime|0|PlayerID|SP640679|PlanChange|MethodAdded;T18.M3;17;
[2-10-13 16:54:11] PlanChanged|GameTime|0|PlayerID|SP158846|PlanChange|MethodAdded;T27.M2;42;
[2-10-13 16:54:14] PlanChanged|GameTime|0|PlayerID|SP165096|PlanChange|MethodAdded;T29.M2;25;
[2-10-13 16:54:35] PlanSubmitted|GameTime|0|PlayerID|SP640679
[2-10-13 16:55:19] PlanChanged|GameTime|0|PlayerID|SP187510|PlanChange|MethodAdded;T3.M2;8;
[2-10-13 16:56:02] PlanChanged|GameTime|0|PlayerID|SP165096|PlanChange|MethodAdded;T2.M2;0;
[2-10-13 16:56:13] PlanChanged|GameTime|0|PlayerID|SP649181|PlanChange|MethodAdded;T23.M2;17;
[2-10-13 16:56:58] PlanChanged|GameTime|0|PlayerID|SP187510|PlanChange|MethodAdded;T19.M4;0;
[2-10-13 16:57:18] PlanChanged|GameTime|0|PlayerID|SP165096|PlanChange|MethodAdded;T28.M4;17;
[2-10-13 16:57:26] PlanChanged|GameTime|0|PlayerID|SP649181|PlanChange|MethodAdded;T5.M4;36;
[2-10-13 16:57:54] PlanChanged|GameTime|0|PlayerID|SP158846|PlanChange|MethodMoved;T27.M2;16;T27.M2
[2-10-13 16:58:14] PlanChanged|GameTime|0|PlayerID|SP165096|PlanChange|MethodAdded;T30.M2;38;
[2-10-13 16:58:19] PlanChanged|GameTime|0|PlayerID|SP649181|PlanChange|MethodAdded;T22.M3;0;
[2-10-13 16:58:24] PlanSubmitted|GameTime|0|PlayerID|SP165096
[2-10-13 16:58:38] PlanChanged|GameTime|0|PlayerID|SP158846|PlanChange|MethodMoved;T25.M2;16;T25.M2
[2-10-13 16:59:03] PlanChanged|GameTime|0|PlayerID|SP649181|PlanChange|MethodAdded;T24.M2;8;
[2-10-13 16:59:23] PlanChanged|GameTime|0|PlayerID|SP158846|PlanChange|MethodMoved;T26.M4;39;T26.M4
[2-10-13 16:59:27] PlanSubmitted|GameTime|0|PlayerID|SP649181
[2-10-13 16:59:40] PlanChanged|GameTime|0|PlayerID|SP187510|PlanChange|MethodAdded;T20.M2;27;
[2-10-13 17:00:39] PlanChanged|GameTime|0|PlayerID|SP187510|PlanChange|MethodAdded;T21.M2;26;
[2-10-13 17:01:27] PlanChanged|GameTime|0|PlayerID|SP158846|PlanChange|MethodMoved;T27.M2;8;T27.M2
[2-10-13 17:01:33] PlanSubmitted|GameTime|0|PlayerID|SP158846
[2-10-13 17:01:50] PlanChanged|GameTime|0|PlayerID|SP187510|PlanChange|MethodMoved;T21.M2;20;T21.M2
[2-10-13 17:02:00] PlanSubmitted|GameTime|0|PlayerID|SP187510
[2-10-13 17:02:00] SubmittedAll|GameTime|0
[2-10-13 17:03:35] PlayerResponded|GameTime|0|PlayerID|SP165096|AcceptResponse|false
[2-10-13 17:03:35] RespondedAll|GameTime|0|AcceptResponse|false
[2-10-13 17:03:35] StartedPlanning|GameTime|0
[2-10-13 17:07:39] PlanChanged|GameTime|0|PlayerID|SP158846|PlanChange|MethodMoved;T27.M2;0;T27.M2
[2-10-13 17:07:45] PlanChanged|GameTime|0|PlayerID|SP649181|PlanChange|MethodMoved;T5.M4;34;T5.M4
[2-10-13 17:08:26] PlanChanged|GameTime|0|PlayerID|SP158846|PlanChange|MethodMoved;T1.M4;6;T1.M4
[2-10-13 17:08:36] PlanChanged|GameTime|0|PlayerID|SP649181|PlanChange|MethodMoved;T24.M2;10;T24.M2
[2-10-13 17:09:40] PlanChanged|GameTime|0|PlayerID|SP640679|PlanChange|MethodMoved;T4.M1;40;T4.M1
[2-10-13 17:10:29] PlanChanged|GameTime|0|PlayerID|SP640679|PlanChange|MethodChanged;T4.M2;39;T4.M1
[2-10-13 17:10:49] PlanChanged|GameTime|0|PlayerID|SP649181|PlanChange|MethodChanged;T24.M3;47;T24.M2
[2-10-13 17:10:49] PlanChanged|GameTime|0|PlayerID|SP158846|PlanChange|MethodMoved;T1.M4;29;T1.M4
[2-10-13 17:11:03] PlanSubmitted|GameTime|0|PlayerID|SP165096
[2-10-13 17:11:24] PlanChanged|GameTime|0|PlayerID|SP187510|PlanChange|MethodMoved;T21.M2;45;T21.M2
[2-10-13 17:11:32] PlanChanged|GameTime|0|PlayerID|SP158846|PlanChange|MethodMoved;T25.M2;9;T25.M2
[2-10-13 17:12:38] PlanChanged|GameTime|0|PlayerID|SP649181|PlanChange|MethodChanged;T22.M2;0;T22.M3
[2-10-13 17:12:58] PlanChanged|GameTime|0|PlayerID|SP640679|PlanChange|MethodChanged;T18.M2;17;T18.M3
[2-10-13 17:13:17] PlanChanged|GameTime|0|PlayerID|SP158846|PlanChange|MethodMoved;T26.M4;39;T26.M4
[2-10-13 17:13:21] PlanChanged|GameTime|0|PlayerID|SP187510|PlanChange|MethodMoved;T20.M2;24;T20.M2
[2-10-13 17:13:29] PlanChanged|GameTime|0|PlayerID|SP649181|PlanChange|MethodMoved;T22.M2;1;T22.M2
[2-10-13 17:13:46] PlanSubmitted|GameTime|0|PlayerID|SP187510
[2-10-13 17:13:46] PlanChanged|GameTime|0|PlayerID|SP158846|PlanChange|MethodMoved;T26.M4;41;T26.M4
[2-10-13 17:13:47] PlanSubmitted|GameTime|0|PlayerID|SP649181
[2-10-13 17:13:49] PlanChanged|GameTime|0|PlayerID|SP640679|PlanChange|MethodChanged;T17.M4;0;T17.M1
[2-10-13 17:13:50] PlanSubmitted|GameTime|0|PlayerID|SP158846
[2-10-13 17:14:15] PlanChanged|GameTime|0|PlayerID|SP640679|PlanChange|MethodMoved;T17.M4;5;T17.M4
[2-10-13 17:14:19] PlanSubmitted|GameTime|0|PlayerID|SP640679
[2-10-13 17:14:19] SubmittedAll|GameTime|0
[2-10-13 17:14:44] PlayerResponded|GameTime|0|PlayerID|SP165096|AcceptResponse|false
[2-10-13 17:14:44] RespondedAll|GameTime|0|AcceptResponse|false
[2-10-13 17:14:44] StartedPlanning|GameTime|0
[2-10-13 17:16:18] PlanChanged|GameTime|0|PlayerID|SP640679|PlanChange|MethodMoved;T17.M4;0;T17.M4
[2-10-13 17:16:39] PlanChanged|GameTime|0|PlayerID|SP187510|PlanChange|MethodChanged;T19.M2;0;T19.M4
[2-10-13 17:17:26] PlanChanged|GameTime|0|PlayerID|SP158846|PlanChange|MethodMoved;T25.M2;13;T25.M2
[2-10-13 17:18:09] PlanChanged|GameTime|0|PlayerID|SP640679|PlanChange|MethodChanged;T17.M2;0;T17.M4
[2-10-13 17:18:22] PlanChanged|GameTime|0|PlayerID|SP165096|PlanChange|MethodMoved;T30.M2;45;T30.M2
[2-10-13 17:18:54] PlanChanged|GameTime|0|PlayerID|SP640679|PlanChange|MethodChanged;T17.M1;0;T17.M2
[2-10-13 17:19:11] PlanChanged|GameTime|0|PlayerID|SP165096|PlanChange|MethodChanged;T29.M4;25;T29.M2
[2-10-13 17:19:14] PlanChanged|GameTime|0|PlayerID|SP187510|PlanChange|MethodMoved;T3.M2;12;T3.M2
[2-10-13 17:19:34] PlanChanged|GameTime|0|PlayerID|SP640679|PlanChange|MethodChanged;T17.M4;0;T17.M1
[2-10-13 17:20:01] PlanSubmitted|GameTime|0|PlayerID|SP640679
[2-10-13 17:20:03] PlanChanged|GameTime|0|PlayerID|SP165096|PlanChange|MethodChanged;T29.M2;25;T29.M4
[2-10-13 17:20:15] PlanSubmitted|GameTime|0|PlayerID|SP165096
[2-10-13 17:20:21] PlanChanged|GameTime|0|PlayerID|SP158846|PlanChange|MethodChanged;T1.M3;29;T1.M4
[2-10-13 17:20:22] PlanChanged|GameTime|0|PlayerID|SP187510|PlanChange|MethodMoved;T20.M2;23;T20.M2
[2-10-13 17:21:09] PlanSubmitted|GameTime|0|PlayerID|SP158846
[2-10-13 17:21:19] PlanSubmitted|GameTime|0|PlayerID|SP649181
[2-10-13 17:21:24] PlanSubmitted|GameTime|0|PlayerID|SP187510
[2-10-13 17:21:24] SubmittedAll|GameTime|0
[2-10-13 17:21:52] PlayerResponded|GameTime|0|PlayerID|SP187510|AcceptResponse|true
[2-10-13 17:21:53] PlayerResponded|GameTime|0|PlayerID|SP165096|AcceptResponse|true
[2-10-13 17:22:01] PlayerResponded|GameTime|0|PlayerID|SP640679|AcceptResponse|true
[2-10-13 17:22:02] PlayerResponded|GameTime|0|PlayerID|SP158846|AcceptResponse|true
[2-10-13 17:22:42] PlayerResponded|GameTime|0|PlayerID|SP649181|AcceptResponse|true
[2-10-13 17:22:42] RespondedAll|GameTime|0|AcceptResponse|true
[2-10-13 17:24:28] StartedExecution|GameTime|0|ExecutionMode|UntilEvent
[2-10-13 17:24:28] RoundExecuted|GameTime|1|TasksStarted|T27.M2;T2.M2;T19.M2;T17.M4;|TasksPending|
[2-10-13 17:24:28] RoundEnded|GameTime|1|TasksCompleted||TasksDelayed|
[2-10-13 17:24:29] RoundExecuted|GameTime|2|TasksStarted|T22.M2;|TasksPending|
[2-10-13 17:24:28] RoundEnded|GameTime|2|TasksCompleted||TasksDelayed|
[2-10-13 17:24:30] RoundExecuted|GameTime|3|TasksStarted||TasksPending|
[2-10-13 17:24:28] RoundEnded|GameTime|3|TasksCompleted||TasksDelayed|
[2-10-13 17:24:31] RoundExecuted|GameTime|4|TasksStarted||TasksPending|
[2-10-13 17:24:28] RoundEnded|GameTime|4|TasksCompleted||TasksDelayed|
[2-10-13 17:24:32] RoundExecuted|GameTime|5|TasksStarted||TasksPending|T27.M2;
[2-10-13 17:24:28] RoundEnded|GameTime|5|TasksCompleted|T27.M2;|TasksDelayed|
[2-10-13 17:25:09] RoundExecuted|GameTime|6|TasksStarted||TasksPending|
[2-10-13 17:24:28] RoundEnded|GameTime|6|TasksCompleted||TasksDelayed|
[2-10-13 17:25:10] RoundExecuted|GameTime|7|TasksStarted||TasksPending|
[2-10-13 17:24:28] RoundEnded|GameTime|7|TasksCompleted||TasksDelayed|
[2-10-13 17:25:11] RoundExecuted|GameTime|8|TasksStarted||TasksPending|T19.M2;
[2-10-13 17:24:28] RoundEnded|GameTime|8|TasksCompleted|T19.M2;|TasksDelayed|
[2-10-13 17:25:31] RoundExecuted|GameTime|9|TasksStarted||TasksPending|T2.M2;T17.M4;T22.M2;
[2-10-13 17:24:28] RoundEnded|GameTime|9|TasksCompleted|T2.M2;T17.M4;T22.M2;|TasksDelayed|
[2-10-13 17:26:09] RoundExecuted|GameTime|10|TasksStarted||TasksPending|
[2-10-13 17:24:28] RoundEnded|GameTime|10|TasksCompleted||TasksDelayed|
[2-10-13 17:26:10] RoundExecuted|GameTime|11|TasksStarted||TasksPending|
[2-10-13 17:24:28] RoundEnded|GameTime|11|TasksCompleted||TasksDelayed|
[2-10-13 17:26:11] RoundExecuted|GameTime|12|TasksStarted||TasksPending|
[2-10-13 17:24:28] RoundEnded|GameTime|12|TasksCompleted||TasksDelayed|
[2-10-13 17:26:12] RoundExecuted|GameTime|13|TasksStarted|T3.M2;|TasksPending|
[2-10-13 17:24:28] RoundEnded|GameTime|13|TasksCompleted||TasksDelayed|
[2-10-13 17:26:13] RoundExecuted|GameTime|14|TasksStarted|T25.M2;|TasksPending|
[2-10-13 17:24:28] RoundEnded|GameTime|14|TasksCompleted||TasksDelayed|
[2-10-13 17:26:14] RoundExecuted|GameTime|15|TasksStarted||TasksPending|
[2-10-13 17:24:28] RoundEnded|GameTime|15|TasksCompleted||TasksDelayed|
[2-10-13 17:26:15] RoundExecuted|GameTime|16|TasksStarted||TasksPending|
[2-10-13 17:24:28] RoundEnded|GameTime|16|TasksCompleted||TasksDelayed|
[2-10-13 17:26:16] RoundExecuted|GameTime|17|TasksStarted||TasksPending|
[2-10-13 17:24:28] RoundEnded|GameTime|17|TasksCompleted||TasksDelayed|
[2-10-13 17:26:17] RoundExecuted|GameTime|18|TasksStarted|T28.M4;T18.M2;T23.M2;|TasksPending|
[2-10-13 17:24:28] RoundEnded|GameTime|18|TasksCompleted||TasksDelayed|
[2-10-13 17:26:18] RoundExecuted|GameTime|19|TasksStarted||TasksPending|
[2-10-13 17:24:28] RoundEnded|GameTime|19|TasksCompleted||TasksDelayed|
[2-10-13 17:26:19] RoundExecuted|GameTime|20|TasksStarted||TasksPending|
[2-10-13 17:24:28] RoundEnded|GameTime|20|TasksCompleted||TasksDelayed|
[2-10-13 17:26:20] RoundExecuted|GameTime|21|TasksStarted||TasksPending|T25.M2;T3.M2;
[2-10-13 17:24:28] RoundEnded|GameTime|21|TasksCompleted|T25.M2;T3.M2;|TasksDelayed|
[2-10-13 17:26:47] RoundExecuted|GameTime|22|TasksStarted||TasksPending|T18.M2;
[2-10-13 17:24:28] RoundEnded|GameTime|22|TasksCompleted|T18.M2;|TasksDelayed|
[2-10-13 17:27:01] RoundExecuted|GameTime|23|TasksStarted||TasksPending|T28.M4;
[2-10-13 17:24:28] RoundEnded|GameTime|23|TasksCompleted|T28.M4;|TasksDelayed|
[2-10-13 17:27:24] RoundExecuted|GameTime|24|TasksStarted|T20.M2;|TasksPending|
[2-10-13 17:24:28] RoundEnded|GameTime|24|TasksCompleted||TasksDelayed|
[2-10-13 17:27:25] RoundExecuted|GameTime|25|TasksStarted||TasksPending|
[2-10-13 17:24:28] RoundEnded|GameTime|25|TasksCompleted||TasksDelayed|
[2-10-13 17:27:26] RoundExecuted|GameTime|26|TasksStarted|T29.M2;|TasksPending|
[2-10-13 17:24:28] RoundEnded|GameTime|26|TasksCompleted||TasksDelayed|
[2-10-13 17:27:27] RoundExecuted|GameTime|27|TasksStarted|T16.M2;|TasksPending|
[2-10-13 17:24:28] RoundEnded|GameTime|27|TasksCompleted||TasksDelayed|
[2-10-13 17:27:28] RoundExecuted|GameTime|28|TasksStarted||TasksPending|
[2-10-13 17:24:28] RoundEnded|GameTime|28|TasksCompleted||TasksDelayed|
[2-10-13 17:27:29] RoundExecuted|GameTime|29|TasksStarted||TasksPending|
[2-10-13 17:24:28] RoundEnded|GameTime|29|TasksCompleted||TasksDelayed|
[2-10-13 17:27:30] RoundExecuted|GameTime|30|TasksStarted|T1.M3;|TasksPending|T23.M2;
[2-10-13 17:24:28] RoundEnded|GameTime|30|TasksCompleted|T23.M2;|TasksDelayed|
[2-10-13 17:27:56] RoundExecuted|GameTime|31|TasksStarted||TasksPending|
[2-10-13 17:24:28] RoundEnded|GameTime|31|TasksCompleted||TasksDelayed|
[2-10-13 17:27:57] RoundExecuted|GameTime|32|TasksStarted||TasksPending|
[2-10-13 17:24:28] RoundEnded|GameTime|32|TasksCompleted||TasksDelayed|
[2-10-13 17:27:58] RoundExecuted|GameTime|33|TasksStarted||TasksPending|
[2-10-13 17:24:28] RoundEnded|GameTime|33|TasksCompleted||TasksDelayed|
[2-10-13 17:27:59] RoundExecuted|GameTime|34|TasksStarted||TasksPending|T16.M2;
[2-10-13 17:24:28] RoundEnded|GameTime|34|TasksCompleted|T16.M2;|TasksDelayed|
[2-10-13 17:28:07] RoundExecuted|GameTime|35|TasksStarted|T5.M4;|TasksPending|
[2-10-13 17:24:28] RoundEnded|GameTime|35|TasksCompleted||TasksDelayed|
[2-10-13 17:28:08] RoundExecuted|GameTime|36|TasksStarted||TasksPending|T20.M2;
[2-10-13 17:24:28] RoundEnded|GameTime|36|TasksCompleted|T20.M2;|TasksDelayed|
[2-10-13 17:28:21] RoundExecuted|GameTime|37|TasksStarted||TasksPending|
[2-10-13 17:24:28] RoundEnded|GameTime|37|TasksCompleted||TasksDelayed|
[2-10-13 17:28:22] RoundExecuted|GameTime|38|TasksStarted||TasksPending|T29.M2;
[2-10-13 17:24:28] RoundEnded|GameTime|38|TasksCompleted|T29.M2;|TasksDelayed|
[2-10-13 17:28:32] RoundExecuted|GameTime|39|TasksStarted||TasksPending|
[2-10-13 17:24:28] RoundEnded|GameTime|39|TasksCompleted||TasksDelayed|
[2-10-13 17:28:33] RoundExecuted|GameTime|40|TasksStarted|T4.M2;|TasksPending|T5.M4;
[2-10-13 17:24:28] RoundEnded|GameTime|40|TasksCompleted|T5.M4;|TasksDelayed|
[2-10-13 17:28:55] RoundExecuted|GameTime|41|TasksStarted||TasksPending|
[2-10-13 17:24:28] RoundEnded|GameTime|41|TasksCompleted||TasksDelayed|
[2-10-13 17:28:56] RoundExecuted|GameTime|42|TasksStarted|T26.M4;|TasksPending|
[2-10-13 17:24:28] RoundEnded|GameTime|42|TasksCompleted||TasksDelayed|
[2-10-13 17:28:57] RoundExecuted|GameTime|43|TasksStarted||TasksPending|
[2-10-13 17:24:28] RoundEnded|GameTime|43|TasksCompleted||TasksDelayed|
[2-10-13 17:28:58] RoundExecuted|GameTime|44|TasksStarted||TasksPending|
[2-10-13 17:24:28] RoundEnded|GameTime|44|TasksCompleted||TasksDelayed|
[2-10-13 17:28:59] RoundExecuted|GameTime|45|TasksStarted||TasksPending|
[2-10-13 17:24:28] RoundEnded|GameTime|45|TasksCompleted||TasksDelayed|
[2-10-13 17:29:00] RoundExecuted|GameTime|46|TasksStarted|T30.M2;T21.M2;|TasksPending|
[2-10-13 17:24:28] RoundEnded|GameTime|46|TasksCompleted||TasksDelayed|
[2-10-13 17:29:01] RoundExecuted|GameTime|47|TasksStarted||TasksPending|
[2-10-13 17:24:28] RoundEnded|GameTime|47|TasksCompleted||TasksDelayed|
[2-10-13 17:29:02] RoundExecuted|GameTime|48|TasksStarted|T24.M3;|TasksPending|T4.M2;
[2-10-13 17:24:28] RoundEnded|GameTime|48|TasksCompleted||TasksDelayed|
[2-10-13 17:29:14] RoundExecuted|GameTime|49|TasksStarted||TasksPending|
[2-10-13 17:24:28] RoundEnded|GameTime|49|TasksCompleted||TasksDelayed|
[2-10-13 17:29:15] RoundExecuted|GameTime|50|TasksStarted||TasksPending|T26.M4;T30.M2;T21.M2;
[2-10-13 17:24:28] RoundEnded|GameTime|50|TasksCompleted|T26.M4;T30.M2;T21.M2;|TasksDelayed|
[2-10-13 17:29:50] RoundExecuted|GameTime|51|TasksStarted||TasksPending|
[2-10-13 17:24:28] RoundEnded|GameTime|51|TasksCompleted||TasksDelayed|
[2-10-13 17:29:51] GameEnded
