[18-10-13 15:20:10] TraceInfo|VersionNumber|V1
[18-10-13 15:20:10] GameLoaded|GameFile|webapps/game/games/lvo/game.xml|MaxPlayers|5
[18-10-13 15:42:25] PlayerAdded|PlayerID|SP849255
[18-10-13 15:43:56] PortfolioAssigned|PlayerID|SP849255|PortfolioID|P3
[18-10-13 15:44:07] PlayerAdded|PlayerID|SP80240
[18-10-13 15:44:15] PortfolioAssigned|PlayerID|SP80240|PortfolioID|P5
[18-10-13 15:44:39] PlayerAdded|PlayerID|SP643126
[18-10-13 15:44:41] PlayerAdded|PlayerID|SP890631
[18-10-13 15:44:49] PortfolioAssigned|PlayerID|SP643126|PortfolioID|P2
[18-10-13 15:44:58] PortfolioAssigned|PlayerID|SP890631|PortfolioID|P4
[18-10-13 15:45:03] PlayerAdded|PlayerID|SP868345
[18-10-13 15:45:11] PortfolioAssigned|PlayerID|SP868345|PortfolioID|P1
[18-10-13 15:45:15] GameStarted|NumPlayers|5|GamePeriod|52
[18-10-13 15:52:16] StartedPlanning|GameTime|0
[18-10-13 15:54:09] PlanChanged|GameTime|0|PlayerID|SP849255|PlanChange|MethodAdded;T1.M1;0;
[18-10-13 15:55:39] PlanChanged|GameTime|0|PlayerID|SP849255|PlanChange|MethodAdded;T25.M1;25;
[18-10-13 15:56:31] PlanChanged|GameTime|0|PlayerID|SP868345|PlanChange|MethodAdded;T17.M2;23;
[18-10-13 15:56:41] PlanChanged|GameTime|0|PlayerID|SP643126|PlanChange|MethodAdded;T5.M2;0;
[18-10-13 15:57:05] PlanChanged|GameTime|0|PlayerID|SP80240|PlanChange|MethodAdded;T3.M2;26;
[18-10-13 15:57:29] PlanChanged|GameTime|0|PlayerID|SP890631|PlanChange|MethodAdded;T2.M4;26;
[18-10-13 15:57:38] PlanChanged|GameTime|0|PlayerID|SP849255|PlanChange|MethodAdded;T26.M1;18;
[18-10-13 15:58:47] PlanChanged|GameTime|0|PlayerID|SP849255|PlanChange|MethodAdded;T27.M1;30;
[18-10-13 15:58:58] PlanChanged|GameTime|0|PlayerID|SP80240|PlanChange|MethodAdded;T19.M2;0;
[18-10-13 15:59:44] PlanChanged|GameTime|0|PlayerID|SP890631|PlanChange|MethodAdded;T28.M4;26;
[18-10-13 15:59:58] PlanChanged|GameTime|0|PlayerID|SP643126|PlanChange|MethodAdded;T22.M2;26;
[18-10-13 16:00:17] PlanChanged|GameTime|0|PlayerID|SP849255|PlanChange|MethodMoved;T27.M1;10;T27.M1
[18-10-13 16:01:03] PlanChanged|GameTime|0|PlayerID|SP890631|PlanChange|MethodAdded;T30.M4;31;
[18-10-13 16:01:08] PlanChanged|GameTime|0|PlayerID|SP868345|PlanChange|MethodAdded;T4.M4;17;
[18-10-13 16:01:35] PlanChanged|GameTime|0|PlayerID|SP80240|PlanChange|MethodAdded;T21.M4;39;
[18-10-13 16:02:29] PlanChanged|GameTime|0|PlayerID|SP868345|PlanChange|MethodAdded;T16.M2;0;
[18-10-13 16:02:31] PlanChanged|GameTime|0|PlayerID|SP849255|PlanChange|MethodMoved;T25.M1;32;T25.M1
[18-10-13 16:02:36] PlanSubmitted|GameTime|0|PlayerID|SP849255
[18-10-13 16:02:44] PlanChanged|GameTime|0|PlayerID|SP80240|PlanChange|MethodAdded;T20.M2;12;
[18-10-13 16:03:14] PlanSubmitted|GameTime|0|PlayerID|SP80240
[18-10-13 16:03:15] PlanChanged|GameTime|0|PlayerID|SP868345|PlanChange|MethodAdded;T18.M1;40;
[18-10-13 16:03:24] PlanChanged|GameTime|0|PlayerID|SP890631|PlanChange|MethodAdded;T29.M2;26;
[18-10-13 16:03:35] PlanChanged|GameTime|0|PlayerID|SP643126|PlanChange|MethodAdded;T23.M3;34;
[18-10-13 16:04:26] PlanChanged|GameTime|0|PlayerID|SP890631|PlanChange|MethodMoved;T28.M4;0;T28.M4
[18-10-13 16:04:43] PlanChanged|GameTime|0|PlayerID|SP868345|PlanChange|MethodMoved;T18.M1;38;T18.M1
[18-10-13 16:04:58] PlanChanged|GameTime|0|PlayerID|SP890631|PlanChange|MethodMoved;T28.M4;17;T28.M4
[18-10-13 16:05:03] PlanSubmitted|GameTime|0|PlayerID|SP868345
[18-10-13 16:05:17] PlanChanged|GameTime|0|PlayerID|SP643126|PlanChange|MethodAdded;T24.M2;17;
[18-10-13 16:05:46] PlanChanged|GameTime|0|PlayerID|SP890631|PlanChange|MethodMoved;T2.M4;0;T2.M4
[18-10-13 16:06:05] PlanChanged|GameTime|0|PlayerID|SP643126|PlanChange|MethodMoved;T23.M3;26;T23.M3
[18-10-13 16:06:35] PlanChanged|GameTime|0|PlayerID|SP643126|PlanChange|MethodMoved;T24.M2;39;T24.M2
[18-10-13 16:07:04] PlanChanged|GameTime|0|PlayerID|SP890631|PlanChange|MethodMoved;T30.M4;40;T30.M4
[18-10-13 16:07:48] PlanSubmitted|GameTime|0|PlayerID|SP890631
[18-10-13 16:08:30] PlanChanged|GameTime|0|PlayerID|SP643126|PlanChange|MethodMoved;T22.M2;17;T22.M2
[18-10-13 16:08:40] PlanSubmitted|GameTime|0|PlayerID|SP643126
[18-10-13 16:08:40] SubmittedAll|GameTime|0
[18-10-13 16:10:29] PlayerResponded|GameTime|0|PlayerID|SP643126|AcceptResponse|false
[18-10-13 16:10:29] RespondedAll|GameTime|0|AcceptResponse|false
[18-10-13 16:10:29] StartedPlanning|GameTime|0
[18-10-13 16:13:22] PlanSubmitted|GameTime|0|PlayerID|SP868345
[18-10-13 16:14:54] PlanChanged|GameTime|0|PlayerID|SP80240|PlanChange|MethodMoved;T20.M2;8;T20.M2
[18-10-13 16:15:09] PlanChanged|GameTime|0|PlayerID|SP643126|PlanChange|MethodMoved;T22.M2;9;T22.M2
[18-10-13 16:15:41] PlanChanged|GameTime|0|PlayerID|SP643126|PlanChange|MethodMoved;T22.M2;10;T22.M2
[18-10-13 16:15:47] PlanChanged|GameTime|0|PlayerID|SP80240|PlanChange|MethodMoved;T3.M2;25;T3.M2
[18-10-13 16:17:12] PlanChanged|GameTime|0|PlayerID|SP643126|PlanChange|MethodMoved;T24.M2;45;T24.M2
[18-10-13 16:19:18] PlanChanged|GameTime|0|PlayerID|SP80240|PlanChange|MethodMoved;T3.M2;39;T3.M2
[18-10-13 16:20:19] PlanChanged|GameTime|0|PlayerID|SP80240|PlanChange|MethodChanged;T21.M2;29;T21.M4
[18-10-13 16:22:38] PlanSubmitted|GameTime|0|PlayerID|SP80240
[18-10-13 16:22:57] PlanChanged|GameTime|0|PlayerID|SP643126|PlanChange|MethodMoved;T5.M2;39;T5.M2
[18-10-13 16:23:41] PlanChanged|GameTime|0|PlayerID|SP643126|PlanChange|MethodMoved;T24.M2;6;T24.M2
[18-10-13 16:24:36] PlanChanged|GameTime|0|PlayerID|SP643126|PlanChange|MethodMoved;T24.M2;3;T24.M2
[18-10-13 16:24:38] PlanChanged|GameTime|0|PlayerID|SP849255|PlanChange|MethodMoved;T26.M1;6;T26.M1
[18-10-13 16:24:51] PlanSubmitted|GameTime|0|PlayerID|SP643126
[18-10-13 16:25:24] PlanChanged|GameTime|0|PlayerID|SP849255|PlanChange|MethodMoved;T1.M1;0;T1.M1
[18-10-13 16:25:47] PlanChanged|GameTime|0|PlayerID|SP890631|PlanChange|MethodChanged;T29.M4;41;T29.M2
[18-10-13 16:25:55] PlanChanged|GameTime|0|PlayerID|SP849255|PlanChange|MethodMoved;T1.M1;0;T1.M1
[18-10-13 16:26:43] PlanChanged|GameTime|0|PlayerID|SP890631|PlanChange|MethodMoved;T30.M4;13;T30.M4
[18-10-13 16:26:47] PlanSubmitted|GameTime|0|PlayerID|SP890631
[18-10-13 16:27:43] PlanChanged|GameTime|0|PlayerID|SP849255|PlanChange|MethodMoved;T1.M1;20;T1.M1
[18-10-13 16:28:22] PlanChanged|GameTime|0|PlayerID|SP849255|PlanChange|MethodMoved;T27.M1;0;T27.M1
[18-10-13 16:28:47] PlanSubmitted|GameTime|0|PlayerID|SP849255
[18-10-13 16:28:47] SubmittedAll|GameTime|0
[18-10-13 16:29:53] PlayerResponded|GameTime|0|PlayerID|SP849255|AcceptResponse|true
[18-10-13 16:30:12] PlayerResponded|GameTime|0|PlayerID|SP80240|AcceptResponse|false
[18-10-13 16:30:12] RespondedAll|GameTime|0|AcceptResponse|false
[18-10-13 16:30:12] StartedPlanning|GameTime|0
[18-10-13 16:32:27] PlanChanged|GameTime|0|PlayerID|SP868345|PlanChange|MethodChanged;T18.M2;45;T18.M1
[18-10-13 16:33:09] PlanChanged|GameTime|0|PlayerID|SP80240|PlanChange|MethodMoved;T21.M2;40;T21.M2
[18-10-13 16:33:35] PlanChanged|GameTime|0|PlayerID|SP643126|PlanChange|MethodMoved;T23.M3;25;T23.M3
[18-10-13 16:34:01] PlanChanged|GameTime|0|PlayerID|SP868345|PlanChange|MethodMoved;T4.M4;15;T4.M4
[18-10-13 16:34:18] PlanChanged|GameTime|0|PlayerID|SP80240|PlanChange|MethodMoved;T3.M2;27;T3.M2
[18-10-13 16:34:21] PlanChanged|GameTime|0|PlayerID|SP849255|PlanChange|MethodMoved;T26.M1;36;T26.M1
[18-10-13 16:34:49] PlanChanged|GameTime|0|PlayerID|SP868345|PlanChange|MethodChanged;T4.M2;12;T4.M4
[18-10-13 16:35:00] PlanChanged|GameTime|0|PlayerID|SP643126|PlanChange|MethodMoved;T5.M2;38;T5.M2
[18-10-13 16:35:00] PlanChanged|GameTime|0|PlayerID|SP80240|PlanChange|MethodMoved;T3.M2;26;T3.M2
[18-10-13 16:35:03] PlanChanged|GameTime|0|PlayerID|SP890631|PlanChange|MethodMoved;T2.M4;44;T2.M4
[18-10-13 16:35:25] PlanChanged|GameTime|0|PlayerID|SP868345|PlanChange|MethodMoved;T17.M2;25;T17.M2
[18-10-13 16:35:35] PlanChanged|GameTime|0|PlayerID|SP890631|PlanChange|MethodMoved;T29.M4;0;T29.M4
[18-10-13 16:36:21] PlanChanged|GameTime|0|PlayerID|SP80240|PlanChange|MethodMoved;T20.M2;10;T20.M2
[18-10-13 16:36:55] PlanChanged|GameTime|0|PlayerID|SP890631|PlanChange|MethodMoved;T2.M4;0;T2.M4
[18-10-13 16:37:19] PlanChanged|GameTime|0|PlayerID|SP643126|PlanChange|MethodChanged;T23.M2;25;T23.M3
[18-10-13 16:37:31] PlanChanged|GameTime|0|PlayerID|SP80240|PlanChange|MethodMoved;T20.M2;12;T20.M2
[18-10-13 16:37:59] PlanChanged|GameTime|0|PlayerID|SP849255|PlanChange|MethodMoved;T1.M1;5;T1.M1
[18-10-13 16:38:06] PlanChanged|GameTime|0|PlayerID|SP890631|PlanChange|MethodMoved;T29.M4;41;T29.M4
[18-10-13 16:38:44] PlanSubmitted|GameTime|0|PlayerID|SP890631
[18-10-13 16:38:46] PlanChanged|GameTime|0|PlayerID|SP849255|PlanChange|MethodMoved;T1.M1;6;T1.M1
[18-10-13 16:38:56] PlanChanged|GameTime|0|PlayerID|SP868345|PlanChange|MethodMoved;T4.M2;12;T4.M2
[18-10-13 16:39:05] PlanChanged|GameTime|0|PlayerID|SP643126|PlanChange|MethodMoved;T5.M2;39;T5.M2
[18-10-13 16:39:29] PlanChanged|GameTime|0|PlayerID|SP868345|PlanChange|MethodChanged;T4.M3;12;T4.M2
[18-10-13 16:39:52] PlanSubmitted|GameTime|0|PlayerID|SP643126
[18-10-13 16:40:04] PlanChanged|GameTime|0|PlayerID|SP849255|PlanChange|MethodMoved;T25.M1;27;T25.M1
[18-10-13 16:40:12] PlanChanged|GameTime|0|PlayerID|SP868345|PlanChange|MethodChanged;T4.M4;12;T4.M3
[18-10-13 16:41:09] PlanSubmitted|GameTime|0|PlayerID|SP80240
[18-10-13 16:41:19] PlanChanged|GameTime|0|PlayerID|SP868345|PlanChange|MethodMoved;T4.M4;18;T4.M4
[18-10-13 16:41:44] PlanSubmitted|GameTime|0|PlayerID|SP849255
[18-10-13 16:42:00] PlanChanged|GameTime|0|PlayerID|SP868345|PlanChange|MethodMoved;T4.M4;17;T4.M4
[18-10-13 16:43:24] PlanChanged|GameTime|0|PlayerID|SP868345|PlanChange|MethodMoved;T4.M4;12;T4.M4
[18-10-13 16:43:34] PlanSubmitted|GameTime|0|PlayerID|SP868345
[18-10-13 16:43:34] SubmittedAll|GameTime|0
[18-10-13 16:44:41] PlayerResponded|GameTime|0|PlayerID|SP849255|AcceptResponse|false
[18-10-13 16:44:41] RespondedAll|GameTime|0|AcceptResponse|false
[18-10-13 16:44:41] StartedPlanning|GameTime|0
[18-10-13 16:47:50] PlanChanged|GameTime|0|PlayerID|SP643126|PlanChange|MethodMoved;T23.M2;22;T23.M2
[18-10-13 16:48:28] PlanChanged|GameTime|0|PlayerID|SP868345|PlanChange|MethodMoved;T17.M2;26;T17.M2
[18-10-13 16:49:48] PlanChanged|GameTime|0|PlayerID|SP643126|PlanChange|MethodMoved;T22.M2;3;T22.M2
[18-10-13 16:49:49] PlanChanged|GameTime|0|PlayerID|SP849255|PlanChange|MethodMoved;T25.M1;26;T25.M1
[18-10-13 16:50:06] PlanChanged|GameTime|0|PlayerID|SP868345|PlanChange|MethodMoved;T4.M4;18;T4.M4
[18-10-13 16:50:18] PlanChanged|GameTime|0|PlayerID|SP643126|PlanChange|MethodMoved;T24.M2;10;T24.M2
[18-10-13 16:50:54] PlanChanged|GameTime|0|PlayerID|SP80240|PlanChange|MethodMoved;T20.M2;0;T20.M2
[18-10-13 16:51:11] PlanChanged|GameTime|0|PlayerID|SP643126|PlanChange|MethodMoved;T22.M2;0;T22.M2
[18-10-13 16:51:38] PlanSubmitted|GameTime|0|PlayerID|SP868345
[18-10-13 16:52:01] PlanChanged|GameTime|0|PlayerID|SP643126|PlanChange|MethodMoved;T24.M2;16;T24.M2
[18-10-13 16:52:07] PlanChanged|GameTime|0|PlayerID|SP80240|PlanChange|MethodMoved;T19.M2;17;T19.M2
[18-10-13 16:52:37] PlanSubmitted|GameTime|0|PlayerID|SP849255
[18-10-13 16:52:46] PlanChanged|GameTime|0|PlayerID|SP643126|PlanChange|MethodMoved;T24.M2;11;T24.M2
[18-10-13 16:53:18] PlanChanged|GameTime|0|PlayerID|SP643126|PlanChange|MethodMoved;T24.M2;12;T24.M2
[18-10-13 16:53:25] PlanSubmitted|GameTime|0|PlayerID|SP643126
[18-10-13 16:54:14] PlanSubmitted|GameTime|0|PlayerID|SP80240
[18-10-13 16:54:33] PlanSubmitted|GameTime|0|PlayerID|SP890631
[18-10-13 16:54:33] SubmittedAll|GameTime|0
[18-10-13 16:54:49] PlayerResponded|GameTime|0|PlayerID|SP868345|AcceptResponse|true
[18-10-13 16:55:02] PlayerResponded|GameTime|0|PlayerID|SP643126|AcceptResponse|true
[18-10-13 16:55:02] PlayerResponded|GameTime|0|PlayerID|SP849255|AcceptResponse|true
[18-10-13 16:55:05] PlayerResponded|GameTime|0|PlayerID|SP80240|AcceptResponse|true
[18-10-13 16:56:31] PlayerResponded|GameTime|0|PlayerID|SP890631|AcceptResponse|true
[18-10-13 16:56:31] RespondedAll|GameTime|0|AcceptResponse|true
[18-10-13 16:58:41] StartedExecution|GameTime|0|ExecutionMode|UntilEvent
[18-10-13 16:58:41] RoundExecuted|GameTime|1|TasksStarted|T22.M2;T20.M2;T27.M1;T16.M2;T2.M4;|TasksPending|
[18-10-13 16:58:41] RoundEnded|GameTime|1|TasksCompleted||TasksDelayed|
[18-10-13 16:58:42] RoundExecuted|GameTime|2|TasksStarted||TasksPending|
[18-10-13 16:58:42] RoundEnded|GameTime|2|TasksCompleted||TasksDelayed|
[18-10-13 16:58:43] RoundExecuted|GameTime|3|TasksStarted||TasksPending|
[18-10-13 16:58:43] RoundEnded|GameTime|3|TasksCompleted||TasksDelayed|
[18-10-13 16:58:44] RoundExecuted|GameTime|4|TasksStarted||TasksPending|
[18-10-13 16:58:44] RoundEnded|GameTime|4|TasksCompleted||TasksDelayed|
[18-10-13 16:58:45] RoundExecuted|GameTime|5|TasksStarted||TasksPending|
[18-10-13 16:58:45] RoundEnded|GameTime|5|TasksCompleted||TasksDelayed|
[18-10-13 16:58:46] RoundExecuted|GameTime|6|TasksStarted||TasksPending|T27.M1;T2.M4;
[18-10-13 16:59:19] RoundEnded|GameTime|6|TasksCompleted||TasksDelayed|T27.M1;T2.M4;
[18-10-13 16:59:55] StoppedExecution|GameTime|6
[18-10-13 17:00:01] StartedPlanning|GameTime|6
[18-10-13 17:00:01] GameStateForced|StateOld|Executing|StateNew|Planning
[18-10-13 17:00:10] PlanSubmitted|GameTime|6|PlayerID|SP80240
[18-10-13 17:00:11] PlanSubmitted|GameTime|6|PlayerID|SP890631
[18-10-13 17:00:15] PlanSubmitted|GameTime|6|PlayerID|SP868345
[18-10-13 17:00:23] PlanSubmitted|GameTime|6|PlayerID|SP643126
[18-10-13 17:02:30] PlanChanged|GameTime|6|PlayerID|SP849255|PlanChange|MethodChanged;T1.M4;11;T1.M1
[18-10-13 17:02:36] PlanSubmitted|GameTime|6|PlayerID|SP849255
[18-10-13 17:02:36] SubmittedAll|GameTime|6
[18-10-13 17:02:50] PlayerResponded|GameTime|6|PlayerID|SP890631|AcceptResponse|true
[18-10-13 17:02:54] PlayerResponded|GameTime|6|PlayerID|SP868345|AcceptResponse|true
[18-10-13 17:02:55] PlayerResponded|GameTime|6|PlayerID|SP80240|AcceptResponse|true
[18-10-13 17:02:58] PlayerResponded|GameTime|6|PlayerID|SP643126|AcceptResponse|true
[18-10-13 17:04:12] PlayerResponded|GameTime|6|PlayerID|SP849255|AcceptResponse|true
[18-10-13 17:04:12] RespondedAll|GameTime|6|AcceptResponse|true
[18-10-13 17:04:29] StartedExecution|GameTime|6|ExecutionMode|UntilEvent
[18-10-13 17:04:29] RoundExecuted|GameTime|7|TasksStarted||TasksPending|
[18-10-13 17:04:29] RoundEnded|GameTime|7|TasksCompleted|T27.M1;|TasksDelayed|
[18-10-13 17:04:29] RoundExecuted|GameTime|8|TasksStarted||TasksPending|T22.M2;T16.M2;
[18-10-13 17:04:48] RoundEnded|GameTime|8|TasksCompleted|T2.M4;T22.M2;T16.M2;|TasksDelayed|
[18-10-13 17:04:48] RoundExecuted|GameTime|9|TasksStarted||TasksPending|
[18-10-13 17:04:48] RoundEnded|GameTime|9|TasksCompleted||TasksDelayed|
[18-10-13 17:04:49] RoundExecuted|GameTime|10|TasksStarted||TasksPending|
[18-10-13 17:04:49] RoundEnded|GameTime|10|TasksCompleted||TasksDelayed|
[18-10-13 17:04:49] RoundExecuted|GameTime|11|TasksStarted||TasksPending|
[18-10-13 17:04:49] RoundEnded|GameTime|11|TasksCompleted||TasksDelayed|
[18-10-13 17:04:50] RoundExecuted|GameTime|12|TasksStarted|T1.M4;|TasksPending|
[18-10-13 17:04:50] RoundEnded|GameTime|12|TasksCompleted||TasksDelayed|
[18-10-13 17:04:50] RoundExecuted|GameTime|13|TasksStarted|T24.M2;|TasksPending|T20.M2;
[18-10-13 17:05:10] RoundEnded|GameTime|13|TasksCompleted|T20.M2;|TasksDelayed|
[18-10-13 17:05:11] RoundExecuted|GameTime|14|TasksStarted|T30.M4;|TasksPending|
[18-10-13 17:05:11] RoundEnded|GameTime|14|TasksCompleted||TasksDelayed|
[18-10-13 17:05:11] RoundExecuted|GameTime|15|TasksStarted||TasksPending|
[18-10-13 17:05:11] RoundEnded|GameTime|15|TasksCompleted||TasksDelayed|
[18-10-13 17:05:12] RoundExecuted|GameTime|16|TasksStarted||TasksPending|
[18-10-13 17:05:12] RoundEnded|GameTime|16|TasksCompleted||TasksDelayed|
[18-10-13 17:05:12] RoundExecuted|GameTime|17|TasksStarted||TasksPending|T24.M2;T1.M4;T30.M4;
[18-10-13 17:05:41] RoundEnded|GameTime|17|TasksCompleted|T1.M4;T30.M4;|TasksDelayed|T24.M2;
[18-10-13 17:05:41] RoundExecuted|GameTime|18|TasksStarted|T19.M2;T28.M4;|TasksPending|
[18-10-13 17:05:41] RoundEnded|GameTime|18|TasksCompleted||TasksDelayed|
[18-10-13 17:05:42] RoundExecuted|GameTime|19|TasksStarted|T4.M4;|TasksPending|
[18-10-13 17:05:42] RoundEnded|GameTime|19|TasksCompleted|T24.M2;|TasksDelayed|
[18-10-13 17:05:42] RoundExecuted|GameTime|20|TasksStarted||TasksPending|
[18-10-13 17:05:42] RoundEnded|GameTime|20|TasksCompleted||TasksDelayed|
[18-10-13 17:05:43] RoundExecuted|GameTime|21|TasksStarted||TasksPending|
[18-10-13 17:05:43] RoundEnded|GameTime|21|TasksCompleted||TasksDelayed|
[18-10-13 17:05:43] RoundExecuted|GameTime|22|TasksStarted||TasksPending|
[18-10-13 17:05:43] RoundEnded|GameTime|22|TasksCompleted||TasksDelayed|
[18-10-13 17:05:44] RoundExecuted|GameTime|23|TasksStarted|T23.M2;|TasksPending|T28.M4;
[18-10-13 17:05:57] RoundEnded|GameTime|23|TasksCompleted||TasksDelayed|T28.M4;
[18-10-13 17:05:57] RoundExecuted|GameTime|24|TasksStarted||TasksPending|T4.M4;
[18-10-13 17:06:10] RoundEnded|GameTime|24|TasksCompleted||TasksDelayed|T4.M4;
[18-10-13 17:06:10] RoundExecuted|GameTime|25|TasksStarted||TasksPending|T19.M2;
[18-10-13 17:06:16] RoundEnded|GameTime|25|TasksCompleted|T28.M4;T19.M2;|TasksDelayed|
[18-10-13 17:06:16] RoundExecuted|GameTime|26|TasksStarted||TasksPending|
[18-10-13 17:06:16] RoundEnded|GameTime|26|TasksCompleted|T4.M4;|TasksDelayed|
[18-10-13 17:06:17] RoundExecuted|GameTime|27|TasksStarted|T3.M2;T25.M1;T17.M2;|TasksPending|
[18-10-13 17:06:17] RoundEnded|GameTime|27|TasksCompleted||TasksDelayed|
[18-10-13 17:06:17] RoundExecuted|GameTime|28|TasksStarted||TasksPending|
[18-10-13 17:06:17] RoundEnded|GameTime|28|TasksCompleted||TasksDelayed|
[18-10-13 17:06:18] RoundExecuted|GameTime|29|TasksStarted||TasksPending|
[18-10-13 17:06:18] RoundEnded|GameTime|29|TasksCompleted||TasksDelayed|
[18-10-13 17:06:18] RoundExecuted|GameTime|30|TasksStarted||TasksPending|
[18-10-13 17:06:18] RoundEnded|GameTime|30|TasksCompleted||TasksDelayed|
[18-10-13 17:06:19] RoundExecuted|GameTime|31|TasksStarted||TasksPending|
[18-10-13 17:06:19] RoundEnded|GameTime|31|TasksCompleted||TasksDelayed|
[18-10-13 17:06:19] RoundExecuted|GameTime|32|TasksStarted||TasksPending|
[18-10-13 17:06:19] RoundEnded|GameTime|32|TasksCompleted||TasksDelayed|
[18-10-13 17:06:20] RoundExecuted|GameTime|33|TasksStarted||TasksPending|
[18-10-13 17:06:20] RoundEnded|GameTime|33|TasksCompleted||TasksDelayed|
[18-10-13 17:06:20] RoundExecuted|GameTime|34|TasksStarted||TasksPending|
[18-10-13 17:06:20] RoundEnded|GameTime|34|TasksCompleted||TasksDelayed|
[18-10-13 17:06:21] RoundExecuted|GameTime|35|TasksStarted||TasksPending|T23.M2;T3.M2;T25.M1;
[18-10-13 17:07:10] RoundEnded|GameTime|35|TasksCompleted|T23.M2;T3.M2;T25.M1;|TasksDelayed|
[18-10-13 17:07:11] RoundExecuted|GameTime|36|TasksStarted||TasksPending|
[18-10-13 17:07:11] RoundEnded|GameTime|36|TasksCompleted||TasksDelayed|
[18-10-13 17:07:11] RoundExecuted|GameTime|37|TasksStarted|T26.M1;|TasksPending|
[18-10-13 17:07:11] RoundEnded|GameTime|37|TasksCompleted||TasksDelayed|
[18-10-13 17:07:12] RoundExecuted|GameTime|38|TasksStarted||TasksPending|
[18-10-13 17:07:12] RoundEnded|GameTime|38|TasksCompleted||TasksDelayed|
[18-10-13 17:07:12] RoundExecuted|GameTime|39|TasksStarted||TasksPending|T17.M2;
[18-10-13 17:07:32] RoundEnded|GameTime|39|TasksCompleted||TasksDelayed|T17.M2;
[18-10-13 17:07:33] RoundExecuted|GameTime|40|TasksStarted|T5.M2;|TasksPending|
[18-10-13 17:07:33] RoundEnded|GameTime|40|TasksCompleted||TasksDelayed|
[18-10-13 17:07:33] RoundExecuted|GameTime|41|TasksStarted|T21.M2;|TasksPending|
[18-10-13 17:07:33] RoundEnded|GameTime|41|TasksCompleted||TasksDelayed|
[18-10-13 17:07:34] RoundExecuted|GameTime|42|TasksStarted|T29.M4;|TasksPending|
[18-10-13 17:07:34] RoundEnded|GameTime|42|TasksCompleted||TasksDelayed|
[18-10-13 17:07:34] RoundExecuted|GameTime|43|TasksStarted||TasksPending|
[18-10-13 17:07:34] RoundEnded|GameTime|43|TasksCompleted|T17.M2;|TasksDelayed|
[18-10-13 17:07:35] RoundExecuted|GameTime|44|TasksStarted||TasksPending|
[18-10-13 17:07:35] RoundEnded|GameTime|44|TasksCompleted||TasksDelayed|
[18-10-13 17:07:35] RoundExecuted|GameTime|45|TasksStarted||TasksPending|T21.M2;
[18-10-13 17:07:46] RoundEnded|GameTime|45|TasksCompleted||TasksDelayed|T21.M2;
[18-10-13 17:07:46] RoundExecuted|GameTime|46|TasksStarted|T18.M2;|TasksPending|
[18-10-13 17:07:46] RoundEnded|GameTime|46|TasksCompleted||TasksDelayed|
[18-10-13 17:07:47] RoundExecuted|GameTime|47|TasksStarted||TasksPending|
[18-10-13 17:07:47] RoundEnded|GameTime|47|TasksCompleted|T21.M2;|TasksDelayed|
[18-10-13 17:07:47] RoundExecuted|GameTime|48|TasksStarted||TasksPending|T5.M2;
[18-10-13 17:08:07] RoundEnded|GameTime|48|TasksCompleted|T5.M2;|TasksDelayed|
[18-10-13 17:08:07] RoundExecuted|GameTime|49|TasksStarted||TasksPending|
[18-10-13 17:08:07] RoundEnded|GameTime|49|TasksCompleted||TasksDelayed|
[18-10-13 17:08:08] RoundExecuted|GameTime|50|TasksStarted||TasksPending|T26.M1;T18.M2;T29.M4;
[18-10-13 17:08:28] RoundEnded|GameTime|50|TasksCompleted|T26.M1;T18.M2;|TasksDelayed|T29.M4;
[18-10-13 17:08:28] RoundExecuted|GameTime|51|TasksStarted||TasksPending|
[18-10-13 17:08:28] RoundEnded|GameTime|51|TasksCompleted||TasksDelayed|
[18-10-13 17:08:29] GameEnded
