Log started Fri Oct 18 15:18:31 CEST 2013
Types of log messages: Game Result Gameplay
[15:20:10 G GameAlmende (Game)] Created trace file 'C:\Program Files\Apache Software Foundation\Tomcat 7.0\webapps\game\traces\GameAlmende_18-10-13 15.20.10.log'
[15:20:15 G GameAlmende (Game)] Gamemanager 'GM247722' joined the game!
[15:20:15 C GM247722 (Game)] Joined the game
[15:20:23 G GameAlmende (Game)] Score board 'SB266185' is now monitoring the game!
[15:20:23 C SB266185 (Game)] Joined the game
[15:42:25 G GameAlmende (Game)] Player 'SP849255' joined the game
[15:42:25 G GameAlmende (Game)] Service Provider client 'SP849255' joined the game!
[15:42:25 C SP849255 (Game)] Joined the game
[15:43:56 G GameAlmende (Game)] Assigned portfolio 'Wit' to player 'SP849255'
[15:44:07 G GameAlmende (Game)] Player 'SP80240' joined the game
[15:44:07 G GameAlmende (Game)] Service Provider client 'SP80240' joined the game!
[15:44:07 C SP80240 (Game)] Joined the game
[15:44:15 G GameAlmende (Game)] Assigned portfolio 'Rood' to player 'SP80240'
[15:44:39 G GameAlmende (Game)] Player 'SP643126' joined the game
[15:44:39 G GameAlmende (Game)] Service Provider client 'SP643126' joined the game!
[15:44:39 C SP643126 (Game)] Joined the game
[15:44:41 G GameAlmende (Game)] Player 'SP890631' joined the game
[15:44:41 G GameAlmende (Game)] Service Provider client 'SP890631' joined the game!
[15:44:41 C SP890631 (Game)] Joined the game
[15:44:49 G GameAlmende (Game)] Assigned portfolio 'Blauw' to player 'SP643126'
[15:44:58 G GameAlmende (Game)] Assigned portfolio 'Zwart' to player 'SP890631'
[15:45:03 G GameAlmende (Game)] Player 'SP868345' joined the game
[15:45:03 G GameAlmende (Game)] Service Provider client 'SP868345' joined the game!
[15:45:03 C SP868345 (Game)] Joined the game
[15:45:11 G GameAlmende (Game)] Assigned portfolio 'Roze' to player 'SP868345'
[15:45:15 G GameAlmende (Game)] The game is ready to start!
[15:52:16 G GameAlmende (Game)] Starting a new plan round
[16:02:36 G GameAlmende (Game)] Player SP849255 has submitted his plan
[16:03:14 G GameAlmende (Game)] Player SP80240 has submitted his plan
[16:05:03 G GameAlmende (Game)] Player SP868345 has submitted his plan
[16:07:48 G GameAlmende (Game)] Player SP890631 has submitted his plan
[16:08:40 G GameAlmende (Game)] Player SP643126 has submitted his plan
[16:08:40 G GameAlmende (Game)] All players have submitted their plans, starting accept/decline round
[16:10:29 G GameAlmende (Game)] All players have responded to the joint plan, the plan has been declined
[16:13:22 G GameAlmende (Game)] Player SP868345 has submitted his plan
[16:22:38 G GameAlmende (Game)] Player SP80240 has submitted his plan
[16:24:51 G GameAlmende (Game)] Player SP643126 has submitted his plan
[16:26:47 G GameAlmende (Game)] Player SP890631 has submitted his plan
[16:28:47 G GameAlmende (Game)] Player SP849255 has submitted his plan
[16:28:47 G GameAlmende (Game)] All players have submitted their plans, starting accept/decline round
[16:30:12 G GameAlmende (Game)] All players have responded to the joint plan, the plan has been declined
[16:38:44 G GameAlmende (Game)] Player SP890631 has submitted his plan
[16:39:52 G GameAlmende (Game)] Player SP643126 has submitted his plan
[16:41:09 G GameAlmende (Game)] Player SP80240 has submitted his plan
[16:41:44 G GameAlmende (Game)] Player SP849255 has submitted his plan
[16:43:34 G GameAlmende (Game)] Player SP868345 has submitted his plan
[16:43:34 G GameAlmende (Game)] All players have submitted their plans, starting accept/decline round
[16:44:41 G GameAlmende (Game)] All players have responded to the joint plan, the plan has been declined
[16:51:38 G GameAlmende (Game)] Player SP868345 has submitted his plan
[16:52:37 G GameAlmende (Game)] Player SP849255 has submitted his plan
[16:53:25 G GameAlmende (Game)] Player SP643126 has submitted his plan
[16:54:14 G GameAlmende (Game)] Player SP80240 has submitted his plan
[16:54:33 G GameAlmende (Game)] Player SP890631 has submitted his plan
[16:54:33 G GameAlmende (Game)] All players have submitted their plans, starting accept/decline round
[16:56:31 G GameAlmende (Game)] All players have responded to the joint plan, the plan has been accepted
[16:58:41 G GameAlmende (Game)] Starting execution of the joint plan!
[16:58:41 G GameAlmende (Game)] Joint plan has been executed in week week 2
[16:58:42 G GameAlmende (Game)] Joint plan has been executed in week week 3
[16:58:43 G GameAlmende (Game)] Joint plan has been executed in week week 4
[16:58:44 G GameAlmende (Game)] Joint plan has been executed in week week 5
[16:58:45 G GameAlmende (Game)] Joint plan has been executed in week week 6
[16:58:46 G GameAlmende (Game)] Joint plan has been executed in week week 7
[16:59:55 G GameAlmende (Game)] Game manager interrupted execution (week 7)!
[17:00:01 G GameAlmende (Game)] Forced game state to change to 'Planning' (from 'Executing')
[17:00:10 G GameAlmende (Game)] Player SP80240 has submitted his plan
[17:00:11 G GameAlmende (Game)] Player SP890631 has submitted his plan
[17:00:15 G GameAlmende (Game)] Player SP868345 has submitted his plan
[17:00:23 G GameAlmende (Game)] Player SP643126 has submitted his plan
[17:02:36 G GameAlmende (Game)] Player SP849255 has submitted his plan
[17:02:36 G GameAlmende (Game)] All players have submitted their plans, starting accept/decline round
[17:04:12 G GameAlmende (Game)] All players have responded to the joint plan, the plan has been accepted
[17:04:29 G GameAlmende (Game)] Starting execution of the joint plan!
[17:04:29 G GameAlmende (Game)] Joint plan has been executed in week week 8
[17:04:29 G GameAlmende (Game)] Joint plan has been executed in week week 9
[17:04:48 G GameAlmende (Game)] Joint plan has been executed in week week 10
[17:04:49 G GameAlmende (Game)] Joint plan has been executed in week week 11
[17:04:49 G GameAlmende (Game)] Joint plan has been executed in week week 12
[17:04:50 G GameAlmende (Game)] Joint plan has been executed in week week 13
[17:04:50 G GameAlmende (Game)] Joint plan has been executed in week week 14
[17:05:11 G GameAlmende (Game)] Joint plan has been executed in week week 15
[17:05:11 G GameAlmende (Game)] Joint plan has been executed in week week 16
[17:05:12 G GameAlmende (Game)] Joint plan has been executed in week week 17
[17:05:12 G GameAlmende (Game)] Joint plan has been executed in week week 18
[17:05:41 G GameAlmende (Game)] Joint plan has been executed in week week 19
[17:05:42 G GameAlmende (Game)] Joint plan has been executed in week week 20
[17:05:42 G GameAlmende (Game)] Joint plan has been executed in week week 21
[17:05:43 G GameAlmende (Game)] Joint plan has been executed in week week 22
[17:05:43 G GameAlmende (Game)] Joint plan has been executed in week week 23
[17:05:44 G GameAlmende (Game)] Joint plan has been executed in week week 24
[17:05:57 G GameAlmende (Game)] Joint plan has been executed in week week 25
[17:06:10 G GameAlmende (Game)] Joint plan has been executed in week week 26
[17:06:16 G GameAlmende (Game)] Joint plan has been executed in week week 27
[17:06:17 G GameAlmende (Game)] Joint plan has been executed in week week 28
[17:06:17 G GameAlmende (Game)] Joint plan has been executed in week week 29
[17:06:18 G GameAlmende (Game)] Joint plan has been executed in week week 30
[17:06:18 G GameAlmende (Game)] Joint plan has been executed in week week 31
[17:06:19 G GameAlmende (Game)] Joint plan has been executed in week week 32
[17:06:19 G GameAlmende (Game)] Joint plan has been executed in week week 33
[17:06:20 G GameAlmende (Game)] Joint plan has been executed in week week 34
[17:06:20 G GameAlmende (Game)] Joint plan has been executed in week week 35
[17:06:21 G GameAlmende (Game)] Joint plan has been executed in week week 36
[17:07:11 G GameAlmende (Game)] Joint plan has been executed in week week 37
[17:07:11 G GameAlmende (Game)] Joint plan has been executed in week week 38
[17:07:12 G GameAlmende (Game)] Joint plan has been executed in week week 39
[17:07:12 G GameAlmende (Game)] Joint plan has been executed in week week 40
[17:07:33 G GameAlmende (Game)] Joint plan has been executed in week week 41
[17:07:33 G GameAlmende (Game)] Joint plan has been executed in week week 42
[17:07:34 G GameAlmende (Game)] Joint plan has been executed in week week 43
[17:07:34 G GameAlmende (Game)] Joint plan has been executed in week week 44
[17:07:35 G GameAlmende (Game)] Joint plan has been executed in week week 45
[17:07:35 G GameAlmende (Game)] Joint plan has been executed in week week 46
[17:07:46 G GameAlmende (Game)] Joint plan has been executed in week week 47
[17:07:47 G GameAlmende (Game)] Joint plan has been executed in week week 48
[17:07:47 G GameAlmende (Game)] Joint plan has been executed in week week 49
[17:08:07 G GameAlmende (Game)] Joint plan has been executed in week week 50
[17:08:08 G GameAlmende (Game)] Joint plan has been executed in week week 51
[17:08:28 G GameAlmende (Game)] Joint plan has been executed in week week 52
[17:08:29 G GameAlmende (Game)] The game has been finished!
