[6-10-14 14:00:20] TraceInfo|VersionNumber|V1
[6-10-14 14:00:20] GameLoaded|GameFile|webapps/game/games/roersteden/game.xml|MaxPlayers|5
[6-10-14 14:01:00] PlayerAdded|PlayerID|SP476387
[6-10-14 14:01:29] PlayerAdded|PlayerID|SP236249
[6-10-14 14:01:39] PlayerAdded|PlayerID|SP762036
[6-10-14 14:01:47] PlayerAdded|PlayerID|SP221588
[6-10-14 14:01:58] PortfolioAssigned|PlayerID|SP476387|PortfolioID|P5
[6-10-14 14:02:03] PortfolioAssigned|PlayerID|SP236249|PortfolioID|P4
[6-10-14 14:02:10] PortfolioAssigned|PlayerID|SP762036|PortfolioID|P2
[6-10-14 14:02:13] PortfolioAssigned|PlayerID|SP221588|PortfolioID|P1
[6-10-14 14:02:45] PlayerAdded|PlayerID|SP231520
[6-10-14 14:02:55] PortfolioAssigned|PlayerID|SP231520|PortfolioID|P3
[6-10-14 14:02:56] GameStarted|NumPlayers|5|GamePeriod|52
[6-10-14 14:04:07] StartedPlanning|GameTime|0
[6-10-14 14:07:36] PlanChanged|GameTime|0|PlayerID|SP231520|PlanChange|MethodAdded;T1.M1;0;
[6-10-14 14:07:40] PlanChanged|GameTime|0|PlayerID|SP236249|PlanChange|MethodAdded;T2.M1;0;
[6-10-14 14:08:08] PlanChanged|GameTime|0|PlayerID|SP221588|PlanChange|MethodAdded;T4.M2;27;
[6-10-14 14:08:12] PlanChanged|GameTime|0|PlayerID|SP762036|PlanChange|MethodAdded;T5.M4;25;
[6-10-14 14:08:19] PlanChanged|GameTime|0|PlayerID|SP476387|PlanChange|MethodAdded;T3.M3;25;
[6-10-14 14:14:12] PlanChanged|GameTime|0|PlayerID|SP231520|PlanChange|MethodRemoved;T1.M1;-1;T1.M1
[6-10-14 14:14:58] PlanChanged|GameTime|0|PlayerID|SP236249|PlanChange|MethodAdded;T29.M2;26;
[6-10-14 14:16:02] PlanChanged|GameTime|0|PlayerID|SP762036|PlanChange|MethodMoved;T5.M4;15;T5.M4
[6-10-14 14:16:36] PlanChanged|GameTime|0|PlayerID|SP236249|PlanChange|MethodAdded;T30.M4;40;
[6-10-14 14:17:22] PlanChanged|GameTime|0|PlayerID|SP762036|PlanChange|MethodAdded;T23.M4;25;
[6-10-14 14:18:06] PlanChanged|GameTime|0|PlayerID|SP231520|PlanChange|MethodAdded;T1.M4;0;
[6-10-14 14:18:35] PlanChanged|GameTime|0|PlayerID|SP476387|PlanChange|MethodMoved;T3.M3;0;T3.M3
[6-10-14 14:18:51] PlanChanged|GameTime|0|PlayerID|SP221588|PlanChange|MethodMoved;T4.M2;30;T4.M2
[6-10-14 14:19:46] PlanChanged|GameTime|0|PlayerID|SP476387|PlanChange|MethodAdded;T19.M2;10;
[6-10-14 14:19:58] PlanChanged|GameTime|0|PlayerID|SP236249|PlanChange|MethodAdded;T28.M2;15;
[6-10-14 14:20:50] PlanChanged|GameTime|0|PlayerID|SP221588|PlanChange|MethodMoved;T4.M2;0;T4.M2
[6-10-14 14:22:14] PlanChanged|GameTime|0|PlayerID|SP231520|PlanChange|MethodAdded;T25.M4;6;
[6-10-14 14:22:31] PlanChanged|GameTime|0|PlayerID|SP221588|PlanChange|MethodAdded;T16.M2;17;
[6-10-14 14:22:48] PlanChanged|GameTime|0|PlayerID|SP236249|PlanChange|MethodMoved;T30.M4;40;T30.M4
[6-10-14 14:23:22] PlanChanged|GameTime|0|PlayerID|SP236249|PlanChange|MethodMoved;T30.M4;39;T30.M4
[6-10-14 14:23:56] PlanChanged|GameTime|0|PlayerID|SP762036|PlanChange|MethodAdded;T22.M2;0;
[6-10-14 14:24:03] PlanChanged|GameTime|0|PlayerID|SP231520|PlanChange|MethodAdded;T26.M4;26;
[6-10-14 14:25:13] PlanChanged|GameTime|0|PlayerID|SP476387|PlanChange|MethodAdded;T21.M2;37;
[6-10-14 14:25:25] PlanChanged|GameTime|0|PlayerID|SP221588|PlanChange|MethodAdded;T18.M2;29;
[6-10-14 14:25:50] PlanChanged|GameTime|0|PlayerID|SP236249|PlanChange|MethodChanged;T2.M4;0;T2.M1
[6-10-14 14:26:16] PlanChanged|GameTime|0|PlayerID|SP236249|PlanChange|MethodChanged;T2.M2;0;T2.M4
[6-10-14 14:26:21] PlanChanged|GameTime|0|PlayerID|SP476387|PlanChange|MethodAdded;T20.M2;21;
[6-10-14 14:26:50] PlanChanged|GameTime|0|PlayerID|SP236249|PlanChange|MethodChanged;T30.M2;39;T30.M4
[6-10-14 14:27:18] PlanChanged|GameTime|0|PlayerID|SP221588|PlanChange|MethodAdded;T17.M2;34;
[6-10-14 14:27:24] PlanChanged|GameTime|0|PlayerID|SP762036|PlanChange|MethodAdded;T24.M2;35;
[6-10-14 14:27:56] PlanChanged|GameTime|0|PlayerID|SP231520|PlanChange|MethodAdded;T27.M3;39;
[6-10-14 14:28:10] PlanChanged|GameTime|0|PlayerID|SP221588|PlanChange|MethodMoved;T18.M2;27;T18.M2
[6-10-14 14:28:26] PlanSubmitted|GameTime|0|PlayerID|SP762036
[6-10-14 14:28:41] ClientStateForced|PlayerID|SP476387|StateOld|InPlanning|StateNew|Submitted
[6-10-14 14:28:47] PlanChanged|GameTime|0|PlayerID|SP236249|PlanChange|MethodMoved;T30.M2;9;T30.M2
[6-10-14 14:28:54] PlanSubmitted|GameTime|0|PlayerID|SP221588
[6-10-14 14:28:54] PlanChanged|GameTime|0|PlayerID|SP231520|PlanChange|MethodMoved;T25.M4;7;T25.M4
[6-10-14 14:29:20] PlanSubmitted|GameTime|0|PlayerID|SP236249
[6-10-14 14:29:36] PlanChanged|GameTime|0|PlayerID|SP231520|PlanChange|MethodMoved;T25.M4;6;T25.M4
[6-10-14 14:29:40] PlanSubmitted|GameTime|0|PlayerID|SP231520
[6-10-14 14:29:40] SubmittedAll|GameTime|0
[6-10-14 14:34:37] PlayerResponded|GameTime|0|PlayerID|SP221588|AcceptResponse|false
[6-10-14 14:34:37] RespondedAll|GameTime|0|AcceptResponse|false
[6-10-14 14:34:37] StartedPlanning|GameTime|0
[6-10-14 14:44:55] PlanChanged|GameTime|0|PlayerID|SP476387|PlanChange|MethodMoved;T3.M3;0;T3.M3
[6-10-14 14:45:18] PlanChanged|GameTime|0|PlayerID|SP762036|PlanChange|MethodMoved;T24.M2;35;T24.M2
[6-10-14 14:46:06] PlanChanged|GameTime|0|PlayerID|SP231520|PlanChange|MethodMoved;T27.M3;0;T27.M3
[6-10-14 14:46:18] PlanChanged|GameTime|0|PlayerID|SP236249|PlanChange|MethodMoved;T30.M2;0;T30.M2
[6-10-14 14:47:06] PlanChanged|GameTime|0|PlayerID|SP221588|PlanChange|MethodMoved;T17.M2;7;T17.M2
[6-10-14 14:47:06] PlanChanged|GameTime|0|PlayerID|SP236249|PlanChange|MethodMoved;T2.M2;4;T2.M2
[6-10-14 14:47:23] PlanChanged|GameTime|0|PlayerID|SP476387|PlanChange|MethodMoved;T20.M2;0;T20.M2
[6-10-14 14:48:12] PlanChanged|GameTime|0|PlayerID|SP236249|PlanChange|MethodChanged;T2.M4;6;T2.M2
[6-10-14 14:48:49] PlanChanged|GameTime|0|PlayerID|SP762036|PlanChange|MethodMoved;T24.M2;35;T24.M2
[6-10-14 14:48:51] PlanChanged|GameTime|0|PlayerID|SP476387|PlanChange|MethodChanged;T3.M4;20;T3.M3
[6-10-14 14:49:42] PlanChanged|GameTime|0|PlayerID|SP476387|PlanChange|MethodChanged;T20.M3;0;T20.M2
[6-10-14 14:50:12] PlanChanged|GameTime|0|PlayerID|SP762036|PlanChange|MethodMoved;T5.M4;10;T5.M4
[6-10-14 14:50:54] PlanChanged|GameTime|0|PlayerID|SP476387|PlanChange|MethodMoved;T19.M2;15;T19.M2
[6-10-14 14:51:58] PlanChanged|GameTime|0|PlayerID|SP476387|PlanChange|MethodChanged;T3.M2;25;T3.M4
[6-10-14 14:52:04] PlanChanged|GameTime|0|PlayerID|SP221588|PlanChange|MethodChanged;T4.M4;0;T4.M2
[6-10-14 14:52:50] PlanChanged|GameTime|0|PlayerID|SP221588|PlanChange|MethodMoved;T17.M2;8;T17.M2
[6-10-14 14:53:06] PlanChanged|GameTime|0|PlayerID|SP476387|PlanChange|MethodChanged;T3.M4;25;T3.M2
[6-10-14 14:53:10] PlanChanged|GameTime|0|PlayerID|SP231520|PlanChange|MethodMoved;T25.M4;8;T25.M4
[6-10-14 14:54:14] PlanChanged|GameTime|0|PlayerID|SP221588|PlanChange|MethodChanged;T16.M3;8;T16.M2
[6-10-14 14:54:37] PlanChanged|GameTime|0|PlayerID|SP762036|PlanChange|MethodChanged;T22.M3;0;T22.M2
[6-10-14 14:55:41] PlanChanged|GameTime|0|PlayerID|SP221588|PlanChange|MethodMoved;T17.M2;17;T17.M2
[6-10-14 14:55:58] PlanChanged|GameTime|0|PlayerID|SP236249|PlanChange|MethodMoved;T2.M4;44;T2.M4
[6-10-14 14:56:32] PlanChanged|GameTime|0|PlayerID|SP221588|PlanChange|MethodMoved;T18.M2;44;T18.M2
[6-10-14 14:56:53] PlanChanged|GameTime|0|PlayerID|SP476387|PlanChange|MethodMoved;T3.M4;30;T3.M4
[6-10-14 14:57:12] PlanSubmitted|GameTime|0|PlayerID|SP236249
[6-10-14 14:57:15] PlanSubmitted|GameTime|0|PlayerID|SP762036
[6-10-14 14:57:21] PlanChanged|GameTime|0|PlayerID|SP476387|PlanChange|MethodMoved;T21.M2;42;T21.M2
[6-10-14 14:57:34] PlanChanged|GameTime|0|PlayerID|SP231520|PlanChange|MethodMoved;T1.M4;17;T1.M4
[6-10-14 14:57:36] PlanSubmitted|GameTime|0|PlayerID|SP221588
[6-10-14 14:57:39] PlanSubmitted|GameTime|0|PlayerID|SP231520
[6-10-14 14:57:56] SubmittedAll|GameTime|0
[6-10-14 14:57:56] ClientStateForced|PlayerID|SP476387|StateOld|InPlanning|StateNew|Submitted
[6-10-14 14:59:21] PlayerResponded|GameTime|0|PlayerID|SP236249|AcceptResponse|true
[6-10-14 15:00:05] PlayerResponded|GameTime|0|PlayerID|SP762036|AcceptResponse|true
[6-10-14 15:00:06] StartedPlanning|GameTime|0
[6-10-14 15:00:06] GameStateForced|StateOld|Accept|StateNew|Planning
[6-10-14 15:00:30] PlanChanged|GameTime|0|PlayerID|SP762036|PlanChange|MethodMoved;T24.M2;35;T24.M2
[6-10-14 15:00:53] PlanChanged|GameTime|0|PlayerID|SP236249|PlanChange|MethodMoved;T29.M2;17;T29.M2
[6-10-14 15:01:08] PlanChanged|GameTime|0|PlayerID|SP231520|PlanChange|MethodChanged;T25.M2;8;T25.M4
[6-10-14 15:01:11] PlanChanged|GameTime|0|PlayerID|SP762036|PlanChange|MethodMoved;T24.M2;20;T24.M2
[6-10-14 15:01:47] PlanChanged|GameTime|0|PlayerID|SP221588|PlanChange|MethodMoved;T18.M2;17;T18.M2
[6-10-14 15:01:54] PlanChanged|GameTime|0|PlayerID|SP231520|PlanChange|MethodChanged;T27.M2;0;T27.M3
[6-10-14 15:01:57] PlanChanged|GameTime|0|PlayerID|SP236249|PlanChange|MethodMoved;T2.M4;26;T2.M4
[6-10-14 15:02:48] PlanChanged|GameTime|0|PlayerID|SP236249|PlanChange|MethodMoved;T28.M2;7;T28.M2
[6-10-14 15:03:00] PlanChanged|GameTime|0|PlayerID|SP231520|PlanChange|MethodChanged;T26.M3;26;T26.M4
[6-10-14 15:03:40] PlanChanged|GameTime|0|PlayerID|SP221588|PlanChange|MethodMoved;T17.M2;26;T17.M2
[6-10-14 15:03:56] PlanChanged|GameTime|0|PlayerID|SP236249|PlanChange|MethodMoved;T29.M2;35;T29.M2
[6-10-14 15:04:25] PlanChanged|GameTime|0|PlayerID|SP762036|PlanChange|MethodMoved;T23.M4;20;T23.M4
[6-10-14 15:04:57] PlanChanged|GameTime|0|PlayerID|SP762036|PlanChange|MethodMoved;T24.M2;25;T24.M2
[6-10-14 15:05:22] PlanChanged|GameTime|0|PlayerID|SP221588|PlanChange|MethodChanged;T17.M3;7;T17.M2
[6-10-14 15:05:23] PlanChanged|GameTime|0|PlayerID|SP236249|PlanChange|MethodMoved;T28.M2;35;T28.M2
[6-10-14 15:05:39] PlanChanged|GameTime|0|PlayerID|SP476387|PlanChange|MethodMoved;T3.M4;39;T3.M4
[6-10-14 15:05:43] PlanChanged|GameTime|0|PlayerID|SP231520|PlanChange|MethodMoved;T25.M2;17;T25.M2
[6-10-14 15:06:05] PlanChanged|GameTime|0|PlayerID|SP762036|PlanChange|MethodMoved;T24.M2;30;T24.M2
[6-10-14 15:06:16] PlanChanged|GameTime|0|PlayerID|SP221588|PlanChange|MethodChanged;T16.M2;26;T16.M3
[6-10-14 15:06:19] PlanChanged|GameTime|0|PlayerID|SP236249|PlanChange|MethodChanged;T29.M3;7;T29.M2
[6-10-14 15:06:24] PlanChanged|GameTime|0|PlayerID|SP476387|PlanChange|MethodMoved;T21.M2;37;T21.M2
[6-10-14 15:06:38] PlanChanged|GameTime|0|PlayerID|SP231520|PlanChange|MethodMoved;T25.M2;8;T25.M2
[6-10-14 15:06:46] PlanChanged|GameTime|0|PlayerID|SP762036|PlanChange|MethodMoved;T24.M2;35;T24.M2
[6-10-14 15:07:13] PlanChanged|GameTime|0|PlayerID|SP221588|PlanChange|MethodMoved;T17.M3;8;T17.M3
[6-10-14 15:07:20] PlanChanged|GameTime|0|PlayerID|SP476387|PlanChange|MethodMoved;T21.M2;22;T21.M2
[6-10-14 15:07:34] PlanSubmitted|GameTime|0|PlayerID|SP236249
[6-10-14 15:07:36] PlanSubmitted|GameTime|0|PlayerID|SP762036
[6-10-14 15:07:45] PlanSubmitted|GameTime|0|PlayerID|SP231520
[6-10-14 15:07:59] PlanChanged|GameTime|0|PlayerID|SP476387|PlanChange|MethodMoved;T21.M2;27;T21.M2
[6-10-14 15:08:11] PlanChanged|GameTime|0|PlayerID|SP221588|PlanChange|MethodMoved;T18.M2;44;T18.M2
[6-10-14 15:08:14] PlanSubmitted|GameTime|0|PlayerID|SP476387
[6-10-14 15:08:51] PlanChanged|GameTime|0|PlayerID|SP221588|PlanChange|MethodMoved;T16.M2;24;T16.M2
[6-10-14 15:09:00] PlanSubmitted|GameTime|0|PlayerID|SP221588
[6-10-14 15:09:00] SubmittedAll|GameTime|0
[6-10-14 15:09:40] PlayerResponded|GameTime|0|PlayerID|SP762036|AcceptResponse|true
[6-10-14 15:09:42] PlayerResponded|GameTime|0|PlayerID|SP231520|AcceptResponse|false
[6-10-14 15:09:42] RespondedAll|GameTime|0|AcceptResponse|false
[6-10-14 15:09:42] StartedPlanning|GameTime|0
[6-10-14 15:10:15] PlanChanged|GameTime|0|PlayerID|SP231520|PlanChange|MethodChanged;T25.M4;8;T25.M2
[6-10-14 15:11:01] PlanChanged|GameTime|0|PlayerID|SP236249|PlanChange|MethodMoved;T29.M3;13;T29.M3
[6-10-14 15:11:25] PlanSubmitted|GameTime|0|PlayerID|SP231520
[6-10-14 15:12:34] PlanSubmitted|GameTime|0|PlayerID|SP762036
[6-10-14 15:12:38] PlanSubmitted|GameTime|0|PlayerID|SP236249
[6-10-14 15:13:37] PlanSubmitted|GameTime|0|PlayerID|SP476387
[6-10-14 15:13:53] PlanSubmitted|GameTime|0|PlayerID|SP221588
[6-10-14 15:13:53] SubmittedAll|GameTime|0
[6-10-14 15:14:45] PlayerResponded|GameTime|0|PlayerID|SP231520|AcceptResponse|true
[6-10-14 15:14:45] PlayerResponded|GameTime|0|PlayerID|SP476387|AcceptResponse|true
[6-10-14 15:14:46] PlayerResponded|GameTime|0|PlayerID|SP221588|AcceptResponse|true
[6-10-14 15:14:46] PlayerResponded|GameTime|0|PlayerID|SP236249|AcceptResponse|true
[6-10-14 15:14:47] PlayerResponded|GameTime|0|PlayerID|SP762036|AcceptResponse|true
[6-10-14 15:14:47] RespondedAll|GameTime|0|AcceptResponse|true
[6-10-14 15:16:20] StartedExecution|GameTime|0|ExecutionMode|UntilEvent
[6-10-14 15:16:20] RoundExecuted|GameTime|1|TasksStarted|T4.M4;T27.M2;T30.M2;T20.M3;T22.M3;|TasksPending|
[6-10-14 15:16:20] RoundEnded|GameTime|1|TasksCompleted||TasksDelayed|
[6-10-14 15:16:21] RoundExecuted|GameTime|2|TasksStarted||TasksPending|
[6-10-14 15:16:21] RoundEnded|GameTime|2|TasksCompleted||TasksDelayed|
[6-10-14 15:16:22] RoundExecuted|GameTime|3|TasksStarted||TasksPending|
[6-10-14 15:16:22] RoundEnded|GameTime|3|TasksCompleted||TasksDelayed|
[6-10-14 15:16:23] RoundExecuted|GameTime|4|TasksStarted||TasksPending|
[6-10-14 15:16:23] RoundEnded|GameTime|4|TasksCompleted||TasksDelayed|
[6-10-14 15:16:24] RoundExecuted|GameTime|5|TasksStarted||TasksPending|T27.M2;T30.M2;
[6-10-14 15:17:41] RoundEnded|GameTime|5|TasksCompleted|T27.M2;T30.M2;|TasksDelayed|
[6-10-14 15:17:42] RoundExecuted|GameTime|6|TasksStarted||TasksPending|T4.M4;
[6-10-14 15:17:55] RoundEnded|GameTime|6|TasksCompleted|T4.M4;|TasksDelayed|
[6-10-14 15:17:56] RoundExecuted|GameTime|7|TasksStarted||TasksPending|
[6-10-14 15:17:56] RoundEnded|GameTime|7|TasksCompleted||TasksDelayed|
[6-10-14 15:17:57] RoundExecuted|GameTime|8|TasksStarted||TasksPending|
[6-10-14 15:17:57] RoundEnded|GameTime|8|TasksCompleted|T22.M3;|TasksDelayed|
[6-10-14 15:17:58] RoundExecuted|GameTime|9|TasksStarted|T17.M3;T25.M4;|TasksPending|
[6-10-14 15:17:58] RoundEnded|GameTime|9|TasksCompleted||TasksDelayed|
[6-10-14 15:17:59] RoundExecuted|GameTime|10|TasksStarted||TasksPending|
[6-10-14 15:17:59] RoundEnded|GameTime|10|TasksCompleted||TasksDelayed|
[6-10-14 15:18:00] RoundExecuted|GameTime|11|TasksStarted|T5.M4;|TasksPending|
[6-10-14 15:18:00] RoundEnded|GameTime|11|TasksCompleted||TasksDelayed|
[6-10-14 15:18:01] RoundExecuted|GameTime|12|TasksStarted||TasksPending|
[6-10-14 15:18:01] RoundEnded|GameTime|12|TasksCompleted||TasksDelayed|
[6-10-14 15:18:02] RoundExecuted|GameTime|13|TasksStarted||TasksPending|
[6-10-14 15:18:02] RoundEnded|GameTime|13|TasksCompleted|T20.M3;|TasksDelayed|
[6-10-14 15:18:03] RoundExecuted|GameTime|14|TasksStarted|T29.M3;|TasksPending|T25.M4;
[6-10-14 15:18:23] RoundEnded|GameTime|14|TasksCompleted|T25.M4;|TasksDelayed|
[6-10-14 15:18:24] RoundExecuted|GameTime|15|TasksStarted||TasksPending|
[6-10-14 15:18:24] RoundEnded|GameTime|15|TasksCompleted||TasksDelayed|
[6-10-14 15:18:25] RoundExecuted|GameTime|16|TasksStarted|T19.M2;|TasksPending|T5.M4;
[6-10-14 15:18:44] RoundEnded|GameTime|16|TasksCompleted|T5.M4;|TasksDelayed|
[6-10-14 15:18:45] RoundExecuted|GameTime|17|TasksStarted||TasksPending|
[6-10-14 15:18:45] RoundEnded|GameTime|17|TasksCompleted||TasksDelayed|
[6-10-14 15:18:46] RoundExecuted|GameTime|18|TasksStarted|T1.M4;|TasksPending|
[6-10-14 15:18:46] RoundEnded|GameTime|18|TasksCompleted||TasksDelayed|
[6-10-14 15:18:47] RoundExecuted|GameTime|19|TasksStarted||TasksPending|
[6-10-14 15:18:47] RoundEnded|GameTime|19|TasksCompleted||TasksDelayed|
[6-10-14 15:18:48] RoundExecuted|GameTime|20|TasksStarted||TasksPending|
[6-10-14 15:18:48] RoundEnded|GameTime|20|TasksCompleted||TasksDelayed|
[6-10-14 15:18:49] RoundExecuted|GameTime|21|TasksStarted|T23.M4;|TasksPending|
[6-10-14 15:18:49] RoundEnded|GameTime|21|TasksCompleted|T17.M3;|TasksDelayed|
[6-10-14 15:18:50] RoundExecuted|GameTime|22|TasksStarted||TasksPending|
[6-10-14 15:18:50] RoundEnded|GameTime|22|TasksCompleted||TasksDelayed|
[6-10-14 15:18:51] RoundExecuted|GameTime|23|TasksStarted||TasksPending|T1.M4;T19.M2;
[6-10-14 15:19:19] RoundEnded|GameTime|23|TasksCompleted|T19.M2;|TasksDelayed|T1.M4;
[6-10-14 15:19:20] RoundExecuted|GameTime|24|TasksStarted||TasksPending|
[6-10-14 15:19:20] RoundEnded|GameTime|24|TasksCompleted||TasksDelayed|
[6-10-14 15:19:21] RoundExecuted|GameTime|25|TasksStarted|T16.M2;|TasksPending|
[6-10-14 15:19:21] RoundEnded|GameTime|25|TasksCompleted|T1.M4;|TasksDelayed|
[6-10-14 15:19:23] RoundExecuted|GameTime|26|TasksStarted||TasksPending|
[6-10-14 15:19:23] RoundEnded|GameTime|26|TasksCompleted|T29.M3;|TasksDelayed|
[6-10-14 15:19:24] RoundExecuted|GameTime|27|TasksStarted|T26.M3;T2.M4;|TasksPending|
[6-10-14 15:19:24] RoundEnded|GameTime|27|TasksCompleted||TasksDelayed|
[6-10-14 15:19:25] RoundExecuted|GameTime|28|TasksStarted|T21.M2;|TasksPending|
[6-10-14 15:19:25] RoundEnded|GameTime|28|TasksCompleted||TasksDelayed|
[6-10-14 15:19:26] RoundExecuted|GameTime|29|TasksStarted||TasksPending|T23.M4;
[6-10-14 15:19:47] RoundEnded|GameTime|29|TasksCompleted|T23.M4;|TasksDelayed|
[6-10-14 15:19:48] RoundExecuted|GameTime|30|TasksStarted||TasksPending|
[6-10-14 15:19:48] RoundEnded|GameTime|30|TasksCompleted||TasksDelayed|
[6-10-14 15:19:49] RoundExecuted|GameTime|31|TasksStarted||TasksPending|
[6-10-14 15:19:49] RoundEnded|GameTime|31|TasksCompleted||TasksDelayed|
[6-10-14 15:19:50] RoundExecuted|GameTime|32|TasksStarted||TasksPending|T16.M2;T2.M4;T21.M2;
[6-10-14 15:20:41] RoundEnded|GameTime|32|TasksCompleted|T16.M2;T2.M4;T21.M2;|TasksDelayed|
[6-10-14 15:20:42] RoundExecuted|GameTime|33|TasksStarted||TasksPending|
[6-10-14 15:20:42] RoundEnded|GameTime|33|TasksCompleted||TasksDelayed|
[6-10-14 15:20:43] RoundExecuted|GameTime|34|TasksStarted||TasksPending|
[6-10-14 15:20:43] RoundEnded|GameTime|34|TasksCompleted||TasksDelayed|
[6-10-14 15:20:44] RoundExecuted|GameTime|35|TasksStarted||TasksPending|
[6-10-14 15:20:44] RoundEnded|GameTime|35|TasksCompleted||TasksDelayed|
[6-10-14 15:20:45] RoundExecuted|GameTime|36|TasksStarted|T28.M2;T24.M2;|TasksPending|
[6-10-14 15:20:45] RoundEnded|GameTime|36|TasksCompleted||TasksDelayed|
[6-10-14 15:20:46] RoundExecuted|GameTime|37|TasksStarted||TasksPending|
[6-10-14 15:20:46] RoundEnded|GameTime|37|TasksCompleted||TasksDelayed|
[6-10-14 15:20:47] RoundExecuted|GameTime|38|TasksStarted||TasksPending|
[6-10-14 15:20:47] RoundEnded|GameTime|38|TasksCompleted||TasksDelayed|
[6-10-14 15:20:48] RoundExecuted|GameTime|39|TasksStarted||TasksPending|
[6-10-14 15:20:48] RoundEnded|GameTime|39|TasksCompleted|T26.M3;|TasksDelayed|
[6-10-14 15:20:49] RoundExecuted|GameTime|40|TasksStarted|T3.M4;|TasksPending|T24.M2;
[6-10-14 15:21:25] RoundEnded|GameTime|40|TasksCompleted|T24.M2;|TasksDelayed|
[6-10-14 15:21:26] RoundExecuted|GameTime|41|TasksStarted||TasksPending|
[6-10-14 15:21:26] RoundEnded|GameTime|41|TasksCompleted||TasksDelayed|
[6-10-14 15:21:27] RoundExecuted|GameTime|42|TasksStarted||TasksPending|
[6-10-14 15:21:27] RoundEnded|GameTime|42|TasksCompleted||TasksDelayed|
[6-10-14 15:21:28] RoundExecuted|GameTime|43|TasksStarted||TasksPending|T28.M2;
[6-10-14 15:21:49] RoundEnded|GameTime|43|TasksCompleted||TasksDelayed|T28.M2;
[6-10-14 15:21:50] RoundExecuted|GameTime|44|TasksStarted||TasksPending|
[6-10-14 15:21:50] RoundEnded|GameTime|44|TasksCompleted||TasksDelayed|
[6-10-14 15:21:51] RoundExecuted|GameTime|45|TasksStarted|T18.M2;|TasksPending|T3.M4;
[6-10-14 15:22:16] RoundEnded|GameTime|45|TasksCompleted||TasksDelayed|T3.M4;
[6-10-14 15:22:17] RoundExecuted|GameTime|46|TasksStarted||TasksPending|
[6-10-14 15:22:17] RoundEnded|GameTime|46|TasksCompleted||TasksDelayed|
[6-10-14 15:22:18] RoundExecuted|GameTime|47|TasksStarted||TasksPending|
[6-10-14 15:22:18] RoundEnded|GameTime|47|TasksCompleted|T28.M2;T3.M4;|TasksDelayed|
[6-10-14 15:22:19] RoundExecuted|GameTime|48|TasksStarted||TasksPending|
[6-10-14 15:22:19] RoundEnded|GameTime|48|TasksCompleted||TasksDelayed|
[6-10-14 15:22:20] RoundExecuted|GameTime|49|TasksStarted||TasksPending|T18.M2;
[6-10-14 15:22:35] RoundEnded|GameTime|49|TasksCompleted|T18.M2;|TasksDelayed|
[6-10-14 15:22:36] RoundExecuted|GameTime|50|TasksStarted||TasksPending|
[6-10-14 15:22:36] RoundEnded|GameTime|50|TasksCompleted||TasksDelayed|
[6-10-14 15:22:37] RoundExecuted|GameTime|51|TasksStarted||TasksPending|
[6-10-14 15:22:37] RoundEnded|GameTime|51|TasksCompleted||TasksDelayed|
[6-10-14 15:22:38] GameEnded
