[21-11-13 14:58:06] TraceInfo|VersionNumber|V1
[21-11-13 14:58:06] GameLoaded|GameFile|webapps/game/games/roersteden/game.xml|MaxPlayers|5
[21-11-13 15:15:57] PlayerAdded|PlayerID|SP396900
[21-11-13 15:16:07] PlayerAdded|PlayerID|SP842714
[21-11-13 15:16:10] PortfolioAssigned|PlayerID|SP396900|PortfolioID|P4
[21-11-13 15:16:15] PortfolioAssigned|PlayerID|SP842714|PortfolioID|P1
[21-11-13 15:16:40] PlayerAdded|PlayerID|SP84026
[21-11-13 15:16:49] PlayerAdded|PlayerID|SP845539
[21-11-13 15:17:02] PortfolioAssigned|PlayerID|SP84026|PortfolioID|P5
[21-11-13 15:17:11] PortfolioAssigned|PlayerID|SP845539|PortfolioID|P3
[21-11-13 15:17:33] PlayerAdded|PlayerID|SP189565
[21-11-13 15:17:44] PortfolioAssigned|PlayerID|SP189565|PortfolioID|P2
[21-11-13 15:17:46] GameStarted|NumPlayers|5|GamePeriod|52
[21-11-13 15:18:48] StartedPlanning|GameTime|0
[21-11-13 15:22:07] PlanChanged|GameTime|0|PlayerID|SP842714|PlanChange|MethodAdded;T16.M3;0;
[21-11-13 15:22:51] PlanChanged|GameTime|0|PlayerID|SP845539|PlanChange|MethodAdded;T25.M4;27;
[21-11-13 15:24:01] PlanChanged|GameTime|0|PlayerID|SP842714|PlanChange|MethodMoved;T16.M3;0;T16.M3
[21-11-13 15:27:42] PlanChanged|GameTime|0|PlayerID|SP842714|PlanChange|MethodAdded;T4.M4;25;
[21-11-13 15:29:21] PlanChanged|GameTime|0|PlayerID|SP396900|PlanChange|MethodAdded;T29.M3;24;
[21-11-13 15:29:39] PlanChanged|GameTime|0|PlayerID|SP845539|PlanChange|MethodAdded;T1.M2;0;
[21-11-13 15:31:10] PlanChanged|GameTime|0|PlayerID|SP842714|PlanChange|MethodAdded;T17.M1;35;
[21-11-13 15:31:12] PlanChanged|GameTime|0|PlayerID|SP84026|PlanChange|MethodAdded;T21.M2;0;
[21-11-13 15:32:39] PlanChanged|GameTime|0|PlayerID|SP396900|PlanChange|MethodAdded;T28.M1;10;
[21-11-13 15:32:43] PlanChanged|GameTime|0|PlayerID|SP845539|PlanChange|MethodAdded;T26.M2;10;
[21-11-13 15:33:05] PlanChanged|GameTime|0|PlayerID|SP842714|PlanChange|MethodAdded;T18.M2;16;
[21-11-13 15:33:19] PlanSubmitted|GameTime|0|PlayerID|SP842714
[21-11-13 15:34:11] PlanChanged|GameTime|0|PlayerID|SP396900|PlanChange|MethodAdded;T2.M4;0;
[21-11-13 15:34:16] PlanChanged|GameTime|0|PlayerID|SP845539|PlanChange|MethodAdded;T27.M4;39;
[21-11-13 15:34:25] PlanChanged|GameTime|0|PlayerID|SP84026|PlanChange|MethodAdded;T20.M2;26;
[21-11-13 15:34:54] PlanChanged|GameTime|0|PlayerID|SP189565|PlanChange|MethodAdded;T22.M2;1;
[21-11-13 15:35:09] PlanChanged|GameTime|0|PlayerID|SP845539|PlanChange|MethodMoved;T27.M4;39;T27.M4
[21-11-13 15:35:38] PlanChanged|GameTime|0|PlayerID|SP84026|PlanChange|MethodAdded;T3.M2;0;
[21-11-13 15:35:44] PlanChanged|GameTime|0|PlayerID|SP189565|PlanChange|MethodAdded;T23.M4;10;
[21-11-13 15:36:31] PlanChanged|GameTime|0|PlayerID|SP845539|PlanChange|MethodChanged;T1.M3;26;T1.M2
[21-11-13 15:37:24] PlanChanged|GameTime|0|PlayerID|SP845539|PlanChange|MethodChanged;T25.M2;0;T25.M4
[21-11-13 15:37:25] PlanChanged|GameTime|0|PlayerID|SP189565|PlanChange|MethodAdded;T24.M2;38;
[21-11-13 15:37:42] PlanChanged|GameTime|0|PlayerID|SP396900|PlanChange|MethodAdded;T30.M3;39;
[21-11-13 15:38:22] PlanChanged|GameTime|0|PlayerID|SP84026|PlanChange|MethodAdded;T19.M2;40;
[21-11-13 15:38:36] PlanChanged|GameTime|0|PlayerID|SP845539|PlanChange|MethodMoved;T26.M2;9;T26.M2
[21-11-13 15:38:42] PlanChanged|GameTime|0|PlayerID|SP189565|PlanChange|MethodAdded;T5.M4;27;
[21-11-13 15:39:12] PlanChanged|GameTime|0|PlayerID|SP84026|PlanChange|MethodMoved;T21.M2;45;T21.M2
[21-11-13 15:39:24] PlanChanged|GameTime|0|PlayerID|SP189565|PlanChange|MethodMoved;T23.M4;12;T23.M4
[21-11-13 15:39:38] PlanChanged|GameTime|0|PlayerID|SP84026|PlanChange|MethodMoved;T19.M2;13;T19.M2
[21-11-13 15:39:40] PlanChanged|GameTime|0|PlayerID|SP396900|PlanChange|MethodChanged;T28.M3;10;T28.M1
[21-11-13 15:39:48] PlanSubmitted|GameTime|0|PlayerID|SP84026
[21-11-13 15:39:56] PlanChanged|GameTime|0|PlayerID|SP189565|PlanChange|MethodMoved;T23.M4;13;T23.M4
[21-11-13 15:40:22] PlanSubmitted|GameTime|0|PlayerID|SP189565
[21-11-13 15:40:28] PlanSubmitted|GameTime|0|PlayerID|SP396900
[21-11-13 15:40:40] PlanChanged|GameTime|0|PlayerID|SP845539|PlanChange|MethodChanged;T27.M2;39;T27.M4
[21-11-13 15:40:46] PlanSubmitted|GameTime|0|PlayerID|SP845539
[21-11-13 15:40:46] SubmittedAll|GameTime|0
[21-11-13 15:42:16] PlayerResponded|GameTime|0|PlayerID|SP842714|AcceptResponse|false
[21-11-13 15:42:16] RespondedAll|GameTime|0|AcceptResponse|false
[21-11-13 15:42:16] StartedPlanning|GameTime|0
[21-11-13 15:46:28] PlanChanged|GameTime|0|PlayerID|SP845539|PlanChange|MethodChanged;T25.M1;0;T25.M2
[21-11-13 15:47:12] PlanChanged|GameTime|0|PlayerID|SP845539|PlanChange|MethodChanged;T26.M1;9;T26.M2
[21-11-13 15:47:46] PlanChanged|GameTime|0|PlayerID|SP845539|PlanChange|MethodChanged;T1.M1;26;T1.M3
[21-11-13 15:48:25] PlanChanged|GameTime|0|PlayerID|SP845539|PlanChange|MethodChanged;T27.M1;39;T27.M2
[21-11-13 15:48:51] PlanChanged|GameTime|0|PlayerID|SP396900|PlanChange|MethodMoved;T28.M3;8;T28.M3
[21-11-13 15:50:08] PlanChanged|GameTime|0|PlayerID|SP842714|PlanChange|MethodMoved;T18.M2;8;T18.M2
[21-11-13 15:50:16] PlanChanged|GameTime|0|PlayerID|SP842714|PlanChange|MethodRemoved;T18.M2;-1;T18.M2
[21-11-13 15:51:06] PlanChanged|GameTime|0|PlayerID|SP842714|PlanChange|MethodAdded;T18.M2;9;
[21-11-13 15:52:08] PlanChanged|GameTime|0|PlayerID|SP842714|PlanChange|MethodChanged;T18.M3;9;T18.M2
[21-11-13 15:54:45] PlanChanged|GameTime|0|PlayerID|SP189565|PlanChange|MethodMoved;T24.M2;43;T24.M2
[21-11-13 15:55:22] PlanChanged|GameTime|0|PlayerID|SP84026|PlanChange|MethodMoved;T3.M2;39;T3.M2
[21-11-13 15:55:57] PlanChanged|GameTime|0|PlayerID|SP845539|PlanChange|MethodMoved;T26.M1;36;T26.M1
[21-11-13 15:56:00] PlanChanged|GameTime|0|PlayerID|SP189565|PlanChange|MethodMoved;T5.M4;34;T5.M4
[21-11-13 15:56:06] PlanChanged|GameTime|0|PlayerID|SP84026|PlanChange|MethodMoved;T21.M2;0;T21.M2
[21-11-13 15:56:50] PlanChanged|GameTime|0|PlayerID|SP845539|PlanChange|MethodMoved;T27.M1;11;T27.M1
[21-11-13 15:57:14] PlanChanged|GameTime|0|PlayerID|SP84026|PlanChange|MethodChanged;T3.M4;44;T3.M2
[21-11-13 15:57:43] PlanChanged|GameTime|0|PlayerID|SP84026|PlanChange|MethodChanged;T21.M4;0;T21.M2
[21-11-13 15:57:45] PlanChanged|GameTime|0|PlayerID|SP845539|PlanChange|MethodMoved;T27.M1;16;T27.M1
[21-11-13 15:57:50] PlanChanged|GameTime|0|PlayerID|SP842714|PlanChange|MethodMoved;T18.M3;17;T18.M3
[21-11-13 15:58:10] PlanChanged|GameTime|0|PlayerID|SP84026|PlanChange|MethodChanged;T19.M4;13;T19.M2
[21-11-13 15:58:15] PlanChanged|GameTime|0|PlayerID|SP845539|PlanChange|MethodMoved;T27.M1;17;T27.M1
[21-11-13 15:58:19] PlanChanged|GameTime|0|PlayerID|SP842714|PlanChange|MethodMoved;T18.M3;19;T18.M3
[21-11-13 15:58:38] PlanChanged|GameTime|0|PlayerID|SP84026|PlanChange|MethodChanged;T20.M4;26;T20.M2
[21-11-13 15:59:22] PlanChanged|GameTime|0|PlayerID|SP845539|PlanChange|MethodMoved;T1.M1;24;T1.M1
[21-11-13 15:59:40] PlanChanged|GameTime|0|PlayerID|SP189565|PlanChange|MethodMoved;T5.M4;32;T5.M4
[21-11-13 15:59:45] PlanSubmitted|GameTime|0|PlayerID|SP396900
[21-11-13 16:00:10] PlanSubmitted|GameTime|0|PlayerID|SP84026
[21-11-13 16:00:27] PlanSubmitted|GameTime|0|PlayerID|SP845539
[21-11-13 16:00:31] PlanChanged|GameTime|0|PlayerID|SP842714|PlanChange|MethodMoved;T17.M1;35;T17.M1
[21-11-13 16:00:34] PlanSubmitted|GameTime|0|PlayerID|SP842714
[21-11-13 16:00:46] PlanSubmitted|GameTime|0|PlayerID|SP189565
[21-11-13 16:00:46] SubmittedAll|GameTime|0
[21-11-13 16:03:11] PlayerResponded|GameTime|0|PlayerID|SP396900|AcceptResponse|false
[21-11-13 16:03:11] RespondedAll|GameTime|0|AcceptResponse|false
[21-11-13 16:03:11] StartedPlanning|GameTime|0
[21-11-13 16:11:11] PlanChanged|GameTime|0|PlayerID|SP396900|PlanChange|MethodMoved;T29.M3;19;T29.M3
[21-11-13 16:12:56] PlanChanged|GameTime|0|PlayerID|SP84026|PlanChange|MethodMoved;T19.M4;8;T19.M4
[21-11-13 16:14:13] PlanChanged|GameTime|0|PlayerID|SP842714|PlanChange|MethodMoved;T18.M3;9;T18.M3
[21-11-13 16:15:33] PlanSubmitted|GameTime|0|PlayerID|SP189565
[21-11-13 16:15:59] PlanChanged|GameTime|0|PlayerID|SP84026|PlanChange|MethodChanged;T3.M2;16;T3.M4
[21-11-13 16:16:03] PlanChanged|GameTime|0|PlayerID|SP845539|PlanChange|MethodChanged;T1.M4;24;T1.M1
[21-11-13 16:16:11] PlanChanged|GameTime|0|PlayerID|SP842714|PlanChange|MethodMoved;T18.M3;18;T18.M3
[21-11-13 16:16:17] PlanSubmitted|GameTime|0|PlayerID|SP842714
[21-11-13 16:16:28] PlanChanged|GameTime|0|PlayerID|SP84026|PlanChange|MethodMoved;T3.M2;16;T3.M2
[21-11-13 16:16:45] PlanSubmitted|GameTime|0|PlayerID|SP396900
[21-11-13 16:17:04] PlanChanged|GameTime|0|PlayerID|SP845539|PlanChange|MethodMoved;T1.M4;26;T1.M4
[21-11-13 16:17:08] PlanChanged|GameTime|0|PlayerID|SP84026|PlanChange|MethodMoved;T20.M4;26;T20.M4
[21-11-13 16:17:12] PlanSubmitted|GameTime|0|PlayerID|SP84026
[21-11-13 16:17:40] PlanChanged|GameTime|0|PlayerID|SP845539|PlanChange|MethodMoved;T26.M1;36;T26.M1
[21-11-13 16:17:44] PlanSubmitted|GameTime|0|PlayerID|SP845539
[21-11-13 16:17:44] SubmittedAll|GameTime|0
[21-11-13 16:18:00] PlayerResponded|GameTime|0|PlayerID|SP842714|AcceptResponse|true
[21-11-13 16:18:05] PlayerResponded|GameTime|0|PlayerID|SP84026|AcceptResponse|true
[21-11-13 16:18:35] PlayerResponded|GameTime|0|PlayerID|SP396900|AcceptResponse|true
[21-11-13 16:19:09] ClientStateForced|PlayerID|SP845539|StateOld|Accepting|StateNew|Accepted
[21-11-13 16:19:10] PlayerResponded|GameTime|0|PlayerID|SP189565|AcceptResponse|true
[21-11-13 16:19:10] RespondedAll|GameTime|0|AcceptResponse|true
[21-11-13 16:22:03] StartedExecution|GameTime|0|ExecutionMode|UntilEvent
[21-11-13 16:22:03] RoundExecuted|GameTime|1|TasksStarted|T2.M4;T21.M4;T16.M3;T25.M1;|TasksPending|
[21-11-13 16:22:03] RoundEnded|GameTime|1|TasksCompleted||TasksDelayed|
[21-11-13 16:22:04] RoundExecuted|GameTime|2|TasksStarted|T22.M2;|TasksPending|
[21-11-13 16:22:04] RoundEnded|GameTime|2|TasksCompleted||TasksDelayed|
[21-11-13 16:22:05] RoundExecuted|GameTime|3|TasksStarted||TasksPending|
[21-11-13 16:22:05] RoundEnded|GameTime|3|TasksCompleted||TasksDelayed|
[21-11-13 16:22:06] RoundExecuted|GameTime|4|TasksStarted||TasksPending|T21.M4;
[21-11-13 16:22:27] RoundEnded|GameTime|4|TasksCompleted||TasksDelayed|T21.M4;
[21-11-13 16:22:28] RoundExecuted|GameTime|5|TasksStarted||TasksPending|
[21-11-13 16:22:28] RoundEnded|GameTime|5|TasksCompleted|T21.M4;|TasksDelayed|
[21-11-13 16:22:29] RoundExecuted|GameTime|6|TasksStarted||TasksPending|T2.M4;
[21-11-13 16:23:18] RoundEnded|GameTime|6|TasksCompleted|T2.M4;|TasksDelayed|
[21-11-13 16:23:19] RoundExecuted|GameTime|7|TasksStarted||TasksPending|
[21-11-13 16:23:19] RoundEnded|GameTime|7|TasksCompleted||TasksDelayed|
[21-11-13 16:23:20] RoundExecuted|GameTime|8|TasksStarted||TasksPending|
[21-11-13 16:23:20] RoundEnded|GameTime|8|TasksCompleted|T16.M3;|TasksDelayed|
[21-11-13 16:23:21] RoundExecuted|GameTime|9|TasksStarted|T28.M3;T19.M4;|TasksPending|T22.M2;T25.M1;
[21-11-13 16:23:50] RoundEnded|GameTime|9|TasksCompleted|T25.M1;|TasksDelayed|T22.M2;
[21-11-13 16:23:51] RoundExecuted|GameTime|10|TasksStarted||TasksPending|
[21-11-13 16:23:51] RoundEnded|GameTime|10|TasksCompleted||TasksDelayed|
[21-11-13 16:23:52] RoundExecuted|GameTime|11|TasksStarted||TasksPending|
[21-11-13 16:23:52] RoundEnded|GameTime|11|TasksCompleted||TasksDelayed|
[21-11-13 16:23:53] RoundExecuted|GameTime|12|TasksStarted||TasksPending|
[21-11-13 16:23:53] RoundEnded|GameTime|12|TasksCompleted||TasksDelayed|
[21-11-13 16:23:54] RoundExecuted|GameTime|13|TasksStarted||TasksPending|
[21-11-13 16:23:54] RoundEnded|GameTime|13|TasksCompleted|T22.M2;|TasksDelayed|
[21-11-13 16:23:55] RoundExecuted|GameTime|14|TasksStarted|T23.M4;|TasksPending|T19.M4;
[21-11-13 16:24:10] RoundEnded|GameTime|14|TasksCompleted||TasksDelayed|T19.M4;
[21-11-13 16:24:11] RoundExecuted|GameTime|15|TasksStarted||TasksPending|
[21-11-13 16:24:11] RoundEnded|GameTime|15|TasksCompleted||TasksDelayed|
[21-11-13 16:24:12] RoundExecuted|GameTime|16|TasksStarted||TasksPending|
[21-11-13 16:24:12] RoundEnded|GameTime|16|TasksCompleted|T28.M3;T19.M4;|TasksDelayed|
[21-11-13 16:24:13] RoundExecuted|GameTime|17|TasksStarted|T3.M2;|TasksPending|
[21-11-13 16:24:13] RoundEnded|GameTime|17|TasksCompleted||TasksDelayed|
[21-11-13 16:24:14] RoundExecuted|GameTime|18|TasksStarted|T27.M1;|TasksPending|
[21-11-13 16:24:14] RoundEnded|GameTime|18|TasksCompleted||TasksDelayed|
[21-11-13 16:24:15] RoundExecuted|GameTime|19|TasksStarted|T18.M3;|TasksPending|
[21-11-13 16:24:15] RoundEnded|GameTime|19|TasksCompleted||TasksDelayed|
[21-11-13 16:24:16] RoundExecuted|GameTime|20|TasksStarted|T29.M3;|TasksPending|
[21-11-13 16:24:16] RoundEnded|GameTime|20|TasksCompleted||TasksDelayed|
[21-11-13 16:24:17] RoundExecuted|GameTime|21|TasksStarted||TasksPending|
[21-11-13 16:24:17] RoundEnded|GameTime|21|TasksCompleted||TasksDelayed|
[21-11-13 16:24:18] RoundExecuted|GameTime|22|TasksStarted||TasksPending|T23.M4;
[21-11-13 16:24:30] RoundEnded|GameTime|22|TasksCompleted|T23.M4;|TasksDelayed|
[21-11-13 16:24:31] RoundExecuted|GameTime|23|TasksStarted||TasksPending|T27.M1;
[21-11-13 16:24:41] RoundEnded|GameTime|23|TasksCompleted|T18.M3;T27.M1;|TasksDelayed|
[21-11-13 16:24:42] RoundExecuted|GameTime|24|TasksStarted||TasksPending|
[21-11-13 16:24:42] RoundEnded|GameTime|24|TasksCompleted||TasksDelayed|
[21-11-13 16:24:43] RoundExecuted|GameTime|25|TasksStarted||TasksPending|T3.M2;
[21-11-13 16:25:01] RoundEnded|GameTime|25|TasksCompleted|T3.M2;|TasksDelayed|
[21-11-13 16:25:02] RoundExecuted|GameTime|26|TasksStarted|T4.M4;|TasksPending|
[21-11-13 16:25:02] RoundEnded|GameTime|26|TasksCompleted||TasksDelayed|
[21-11-13 16:25:03] RoundExecuted|GameTime|27|TasksStarted|T20.M4;T1.M4;|TasksPending|
[21-11-13 16:25:03] RoundEnded|GameTime|27|TasksCompleted||TasksDelayed|
[21-11-13 16:25:04] RoundExecuted|GameTime|28|TasksStarted||TasksPending|
[21-11-13 16:25:04] RoundEnded|GameTime|28|TasksCompleted||TasksDelayed|
[21-11-13 16:25:05] RoundExecuted|GameTime|29|TasksStarted||TasksPending|
[21-11-13 16:25:05] RoundEnded|GameTime|29|TasksCompleted||TasksDelayed|
[21-11-13 16:25:06] RoundExecuted|GameTime|30|TasksStarted||TasksPending|
[21-11-13 16:25:06] RoundEnded|GameTime|30|TasksCompleted||TasksDelayed|
[21-11-13 16:25:07] RoundExecuted|GameTime|31|TasksStarted||TasksPending|T4.M4;
[21-11-13 16:25:18] RoundEnded|GameTime|31|TasksCompleted||TasksDelayed|T4.M4;
[21-11-13 16:25:19] RoundExecuted|GameTime|32|TasksStarted||TasksPending|T1.M4;
[21-11-13 16:25:35] RoundEnded|GameTime|32|TasksCompleted|T29.M3;|TasksDelayed|T1.M4;
[21-11-13 16:25:36] RoundExecuted|GameTime|33|TasksStarted|T5.M4;|TasksPending|
[21-11-13 16:25:36] RoundEnded|GameTime|33|TasksCompleted|T4.M4;|TasksDelayed|
[21-11-13 16:25:37] RoundExecuted|GameTime|34|TasksStarted||TasksPending|
[21-11-13 16:25:37] RoundEnded|GameTime|34|TasksCompleted|T1.M4;|TasksDelayed|
[21-11-13 16:25:38] RoundExecuted|GameTime|35|TasksStarted||TasksPending|T20.M4;
[21-11-13 16:25:54] RoundEnded|GameTime|35|TasksCompleted||TasksDelayed|T20.M4;
[21-11-13 16:25:55] RoundExecuted|GameTime|36|TasksStarted|T17.M1;|TasksPending|
[21-11-13 16:25:55] RoundEnded|GameTime|36|TasksCompleted||TasksDelayed|
[21-11-13 16:25:56] RoundExecuted|GameTime|37|TasksStarted|T26.M1;|TasksPending|
[21-11-13 16:25:56] RoundEnded|GameTime|37|TasksCompleted|T20.M4;|TasksDelayed|
[21-11-13 16:25:57] RoundExecuted|GameTime|38|TasksStarted||TasksPending|T5.M4;
[21-11-13 16:26:12] RoundEnded|GameTime|38|TasksCompleted|T5.M4;|TasksDelayed|
[21-11-13 16:26:13] RoundExecuted|GameTime|39|TasksStarted||TasksPending|
[21-11-13 16:26:13] RoundEnded|GameTime|39|TasksCompleted||TasksDelayed|
[21-11-13 16:26:14] RoundExecuted|GameTime|40|TasksStarted|T30.M3;|TasksPending|
[21-11-13 16:26:14] RoundEnded|GameTime|40|TasksCompleted||TasksDelayed|
[21-11-13 16:26:15] RoundExecuted|GameTime|41|TasksStarted||TasksPending|
[21-11-13 16:26:15] RoundEnded|GameTime|41|TasksCompleted||TasksDelayed|
[21-11-13 16:26:16] RoundExecuted|GameTime|42|TasksStarted||TasksPending|
[21-11-13 16:26:16] RoundEnded|GameTime|42|TasksCompleted||TasksDelayed|
[21-11-13 16:26:17] RoundExecuted|GameTime|43|TasksStarted||TasksPending|
[21-11-13 16:26:17] RoundEnded|GameTime|43|TasksCompleted||TasksDelayed|
[21-11-13 16:26:18] RoundExecuted|GameTime|44|TasksStarted|T24.M2;|TasksPending|
[21-11-13 16:26:18] RoundEnded|GameTime|44|TasksCompleted|T30.M3;|TasksDelayed|
[21-11-13 16:26:19] RoundExecuted|GameTime|45|TasksStarted||TasksPending|
[21-11-13 16:26:19] RoundEnded|GameTime|45|TasksCompleted||TasksDelayed|
[21-11-13 16:26:20] RoundExecuted|GameTime|46|TasksStarted||TasksPending|
[21-11-13 16:26:20] RoundEnded|GameTime|46|TasksCompleted||TasksDelayed|
[21-11-13 16:26:21] RoundExecuted|GameTime|47|TasksStarted||TasksPending|
[21-11-13 16:26:21] RoundEnded|GameTime|47|TasksCompleted||TasksDelayed|
[21-11-13 16:26:22] RoundExecuted|GameTime|48|TasksStarted||TasksPending|T24.M2;
[21-11-13 16:26:35] RoundEnded|GameTime|48|TasksCompleted|T24.M2;|TasksDelayed|
[21-11-13 16:26:36] RoundExecuted|GameTime|49|TasksStarted||TasksPending|T17.M1;
[21-11-13 16:26:48] RoundEnded|GameTime|49|TasksCompleted|T17.M1;|TasksDelayed|
[21-11-13 16:26:49] RoundExecuted|GameTime|50|TasksStarted||TasksPending|T26.M1;
[21-11-13 16:27:04] RoundEnded|GameTime|50|TasksCompleted|T26.M1;|TasksDelayed|
[21-11-13 16:27:05] RoundExecuted|GameTime|51|TasksStarted||TasksPending|
[21-11-13 16:27:05] RoundEnded|GameTime|51|TasksCompleted||TasksDelayed|
[21-11-13 16:27:06] GameEnded
