[20-11-13 22:18:23] TraceInfo|VersionNumber|V1
[20-11-13 22:18:23] GameLoaded|GameFile|games/roersteden/game.xml|MaxPlayers|5
[20-11-13 22:19:07] PlayerAdded|PlayerID|SP633212
[20-11-13 22:19:12] PlayerAdded|PlayerID|SP873789
[20-11-13 22:19:15] PlayerAdded|PlayerID|SP526093
[20-11-13 22:19:17] PlayerAdded|PlayerID|SP822139
[20-11-13 22:19:20] PlayerAdded|PlayerID|SP887686
[20-11-13 22:19:25] PortfolioAssigned|PlayerID|SP633212|PortfolioID|P1
[20-11-13 22:19:29] PortfolioAssigned|PlayerID|SP873789|PortfolioID|P2
[20-11-13 22:19:31] PortfolioAssigned|PlayerID|SP526093|PortfolioID|P3
[20-11-13 22:19:35] PortfolioAssigned|PlayerID|SP822139|PortfolioID|P4
[20-11-13 22:19:38] PortfolioAssigned|PlayerID|SP887686|PortfolioID|P5
[20-11-13 22:19:39] GameStarted|NumPlayers|5|GamePeriod|52
[20-11-13 22:20:24] StartedPlanning|GameTime|0
[20-11-13 22:20:40] PlanChanged|GameTime|0|PlayerID|SP633212|PlanChange|MethodAdded;T4.M3;15;
[20-11-13 22:20:45] PlanChanged|GameTime|0|PlayerID|SP633212|PlanChange|MethodAdded;T16.M1;0;
[20-11-13 22:20:46] PlanChanged|GameTime|0|PlayerID|SP633212|PlanChange|MethodMoved;T16.M1;34;T16.M1
[20-11-13 22:20:55] PlanChanged|GameTime|0|PlayerID|SP633212|PlanChange|MethodAdded;T17.M4;0;
[20-11-13 22:20:58] PlanChanged|GameTime|0|PlayerID|SP633212|PlanChange|MethodMoved;T17.M4;24;T17.M4
[20-11-13 22:21:07] PlanChanged|GameTime|0|PlayerID|SP633212|PlanChange|MethodAdded;T18.M2;0;
[20-11-13 22:21:09] PlanChanged|GameTime|0|PlayerID|SP633212|PlanChange|MethodMoved;T18.M2;6;T18.M2
[20-11-13 22:21:11] PlanChanged|GameTime|0|PlayerID|SP633212|PlanChange|MethodMoved;T16.M1;38;T16.M1
[20-11-13 22:21:13] PlanSubmitted|GameTime|0|PlayerID|SP633212
[20-11-13 22:21:22] PlanChanged|GameTime|0|PlayerID|SP873789|PlanChange|MethodAdded;T5.M2;0;
[20-11-13 22:21:23] PlanChanged|GameTime|0|PlayerID|SP873789|PlanChange|MethodMoved;T5.M2;27;T5.M2
[20-11-13 22:21:31] PlanChanged|GameTime|0|PlayerID|SP873789|PlanChange|MethodAdded;T23.M1;0;
[20-11-13 22:21:34] PlanChanged|GameTime|0|PlayerID|SP873789|PlanChange|MethodMoved;T23.M1;11;T23.M1
[20-11-13 22:21:41] PlanChanged|GameTime|0|PlayerID|SP873789|PlanChange|MethodAdded;T22.M4;0;
[20-11-13 22:21:45] PlanChanged|GameTime|0|PlayerID|SP873789|PlanChange|MethodMoved;T22.M4;43;T22.M4
[20-11-13 22:21:52] PlanChanged|GameTime|0|PlayerID|SP873789|PlanChange|MethodAdded;T24.M3;0;
[20-11-13 22:21:54] PlanChanged|GameTime|0|PlayerID|SP873789|PlanChange|MethodMoved;T24.M3;3;T24.M3
[20-11-13 22:21:56] PlanSubmitted|GameTime|0|PlayerID|SP873789
[20-11-13 22:22:07] PlanChanged|GameTime|0|PlayerID|SP526093|PlanChange|MethodAdded;T1.M2;0;
[20-11-13 22:22:10] PlanChanged|GameTime|0|PlayerID|SP526093|PlanChange|MethodMoved;T1.M2;35;T1.M2
[20-11-13 22:22:16] PlanChanged|GameTime|0|PlayerID|SP526093|PlanChange|MethodAdded;T27.M2;0;
[20-11-13 22:22:18] PlanChanged|GameTime|0|PlayerID|SP526093|PlanChange|MethodMoved;T27.M2;27;T27.M2
[20-11-13 22:22:27] PlanChanged|GameTime|0|PlayerID|SP526093|PlanChange|MethodAdded;T26.M4;0;
[20-11-13 22:22:28] PlanChanged|GameTime|0|PlayerID|SP526093|PlanChange|MethodMoved;T26.M4;11;T26.M4
[20-11-13 22:22:36] PlanChanged|GameTime|0|PlayerID|SP526093|PlanChange|MethodAdded;T25.M1;0;
[20-11-13 22:22:39] PlanSubmitted|GameTime|0|PlayerID|SP526093
[20-11-13 22:22:47] PlanChanged|GameTime|0|PlayerID|SP822139|PlanChange|MethodAdded;T2.M2;0;
[20-11-13 22:22:48] PlanChanged|GameTime|0|PlayerID|SP822139|PlanChange|MethodMoved;T2.M2;37;T2.M2
[20-11-13 22:22:54] PlanChanged|GameTime|0|PlayerID|SP822139|PlanChange|MethodAdded;T28.M1;0;
[20-11-13 22:22:55] PlanChanged|GameTime|0|PlayerID|SP822139|PlanChange|MethodMoved;T28.M1;23;T28.M1
[20-11-13 22:23:03] PlanChanged|GameTime|0|PlayerID|SP822139|PlanChange|MethodAdded;T29.M4;0;
[20-11-13 22:23:06] PlanChanged|GameTime|0|PlayerID|SP822139|PlanChange|MethodMoved;T29.M4;4;T29.M4
[20-11-13 22:23:10] PlanChanged|GameTime|0|PlayerID|SP822139|PlanChange|MethodAdded;T30.M1;0;
[20-11-13 22:23:13] PlanChanged|GameTime|0|PlayerID|SP822139|PlanChange|MethodMoved;T30.M1;16;T30.M1
[20-11-13 22:23:14] PlanSubmitted|GameTime|0|PlayerID|SP822139
[20-11-13 22:23:21] PlanChanged|GameTime|0|PlayerID|SP887686|PlanChange|MethodAdded;T3.M2;0;
[20-11-13 22:23:25] PlanChanged|GameTime|0|PlayerID|SP887686|PlanChange|MethodMoved;T3.M2;36;T3.M2
[20-11-13 22:23:30] PlanChanged|GameTime|0|PlayerID|SP887686|PlanChange|MethodAdded;T19.M2;0;
[20-11-13 22:23:32] PlanChanged|GameTime|0|PlayerID|SP887686|PlanChange|MethodMoved;T19.M2;19;T19.M2
[20-11-13 22:23:38] PlanChanged|GameTime|0|PlayerID|SP887686|PlanChange|MethodAdded;T20.M1;0;
[20-11-13 22:23:50] PlanChanged|GameTime|0|PlayerID|SP887686|PlanChange|MethodAdded;T21.M4;0;
[20-11-13 22:23:54] PlanChanged|GameTime|0|PlayerID|SP887686|PlanChange|MethodMoved;T21.M4;31;T21.M4
[20-11-13 22:23:56] PlanSubmitted|GameTime|0|PlayerID|SP887686
[20-11-13 22:23:56] SubmittedAll|GameTime|0
[20-11-13 22:24:10] PlayerResponded|GameTime|0|PlayerID|SP633212|AcceptResponse|true
[20-11-13 22:24:21] PlayerResponded|GameTime|0|PlayerID|SP822139|AcceptResponse|true
[20-11-13 22:24:24] PlayerResponded|GameTime|0|PlayerID|SP526093|AcceptResponse|true
[20-11-13 22:24:25] PlayerResponded|GameTime|0|PlayerID|SP887686|AcceptResponse|true
[20-11-13 22:24:26] PlayerResponded|GameTime|0|PlayerID|SP873789|AcceptResponse|true
[20-11-13 22:24:26] RespondedAll|GameTime|0|AcceptResponse|true
[20-11-13 22:24:40] StartedExecution|GameTime|0|ExecutionMode|Continuous
[20-11-13 22:24:40] RoundExecuted|GameTime|1|TasksStarted|T25.M1;T20.M1;|TasksPending|
[20-11-13 22:24:40] RoundEnded|GameTime|1|TasksCompleted||TasksDelayed|
[20-11-13 22:24:40] RoundExecuted|GameTime|2|TasksStarted||TasksPending|
[20-11-13 22:24:40] RoundEnded|GameTime|2|TasksCompleted||TasksDelayed|
[20-11-13 22:24:41] RoundExecuted|GameTime|3|TasksStarted||TasksPending|
[20-11-13 22:24:41] RoundEnded|GameTime|3|TasksCompleted||TasksDelayed|
[20-11-13 22:24:41] RoundExecuted|GameTime|4|TasksStarted|T24.M3;|TasksPending|
[20-11-13 22:24:41] RoundEnded|GameTime|4|TasksCompleted||TasksDelayed|
[20-11-13 22:24:42] RoundExecuted|GameTime|5|TasksStarted|T29.M4;|TasksPending|
[20-11-13 22:24:42] RoundEnded|GameTime|5|TasksCompleted||TasksDelayed|
[20-11-13 22:24:42] RoundExecuted|GameTime|6|TasksStarted||TasksPending|
[20-11-13 22:24:42] RoundEnded|GameTime|6|TasksCompleted||TasksDelayed|
[20-11-13 22:24:43] RoundExecuted|GameTime|7|TasksStarted|T18.M2;|TasksPending|
[20-11-13 22:24:43] RoundEnded|GameTime|7|TasksCompleted||TasksDelayed|
[20-11-13 22:24:44] RoundExecuted|GameTime|8|TasksStarted||TasksPending|
[20-11-13 22:24:44] RoundEnded|GameTime|8|TasksCompleted|T24.M3;|TasksDelayed|
[20-11-13 22:24:44] RoundExecuted|GameTime|9|TasksStarted||TasksPending|T25.M1;
[20-11-13 22:24:44] RoundEnded|GameTime|9|TasksCompleted||TasksDelayed|T25.M1;
[20-11-13 22:24:45] RoundExecuted|GameTime|10|TasksStarted||TasksPending|
[20-11-13 22:24:45] RoundEnded|GameTime|10|TasksCompleted||TasksDelayed|
[20-11-13 22:24:45] RoundExecuted|GameTime|11|TasksStarted||TasksPending|T18.M2;
[20-11-13 22:24:45] RoundEnded|GameTime|11|TasksCompleted|T25.M1;|TasksDelayed|T18.M2;
[20-11-13 22:24:46] RoundExecuted|GameTime|12|TasksStarted|T26.M4;T23.M1;|TasksPending|
[20-11-13 22:24:46] RoundEnded|GameTime|12|TasksCompleted||TasksDelayed|
[20-11-13 22:24:46] RoundExecuted|GameTime|13|TasksStarted||TasksPending|T29.M4;
[20-11-13 22:24:46] RoundEnded|GameTime|13|TasksCompleted|T18.M2;|TasksDelayed|T29.M4;
[20-11-13 22:24:47] RoundExecuted|GameTime|14|TasksStarted||TasksPending|T20.M1;
[20-11-13 22:24:47] RoundEnded|GameTime|14|TasksCompleted|T20.M1;|TasksDelayed|
[20-11-13 22:24:47] RoundExecuted|GameTime|15|TasksStarted||TasksPending|
[20-11-13 22:24:47] RoundEnded|GameTime|15|TasksCompleted|T29.M4;|TasksDelayed|
[20-11-13 22:24:48] RoundExecuted|GameTime|16|TasksStarted|T4.M3;|TasksPending|
[20-11-13 22:24:48] RoundEnded|GameTime|16|TasksCompleted||TasksDelayed|
[20-11-13 22:24:48] RoundExecuted|GameTime|17|TasksStarted|T30.M1;|TasksPending|
[20-11-13 22:24:48] RoundEnded|GameTime|17|TasksCompleted||TasksDelayed|
[20-11-13 22:24:49] RoundExecuted|GameTime|18|TasksStarted||TasksPending|
[20-11-13 22:24:49] RoundEnded|GameTime|18|TasksCompleted||TasksDelayed|
[20-11-13 22:24:49] RoundExecuted|GameTime|19|TasksStarted||TasksPending|
[20-11-13 22:24:49] RoundEnded|GameTime|19|TasksCompleted||TasksDelayed|
[20-11-13 22:24:50] RoundExecuted|GameTime|20|TasksStarted|T19.M2;|TasksPending|T26.M4;
[20-11-13 22:24:50] RoundEnded|GameTime|20|TasksCompleted|T26.M4;|TasksDelayed|
[20-11-13 22:24:50] RoundExecuted|GameTime|21|TasksStarted||TasksPending|
[20-11-13 22:24:50] RoundEnded|GameTime|21|TasksCompleted||TasksDelayed|
[20-11-13 22:24:51] RoundExecuted|GameTime|22|TasksStarted||TasksPending|T30.M1;
[20-11-13 22:24:51] RoundEnded|GameTime|22|TasksCompleted||TasksDelayed|T30.M1;
[20-11-13 22:24:51] RoundExecuted|GameTime|23|TasksStarted||TasksPending|
[20-11-13 22:24:51] RoundEnded|GameTime|23|TasksCompleted|T30.M1;|TasksDelayed|
[20-11-13 22:24:52] RoundExecuted|GameTime|24|TasksStarted|T28.M1;|TasksPending|
[20-11-13 22:24:52] RoundEnded|GameTime|24|TasksCompleted|T4.M3;|TasksDelayed|
[20-11-13 22:24:52] RoundExecuted|GameTime|25|TasksStarted|T17.M4;|TasksPending|T23.M1;
[20-11-13 22:24:52] RoundEnded|GameTime|25|TasksCompleted|T23.M1;|TasksDelayed|
[20-11-13 22:24:53] RoundExecuted|GameTime|26|TasksStarted||TasksPending|
[20-11-13 22:24:53] RoundEnded|GameTime|26|TasksCompleted||TasksDelayed|
[20-11-13 22:24:53] RoundExecuted|GameTime|27|TasksStarted||TasksPending|T19.M2;
[20-11-13 22:24:53] RoundEnded|GameTime|27|TasksCompleted|T19.M2;|TasksDelayed|
[20-11-13 22:24:54] RoundExecuted|GameTime|28|TasksStarted|T27.M2;T5.M2;|TasksPending|
[20-11-13 22:24:54] RoundEnded|GameTime|28|TasksCompleted||TasksDelayed|
[20-11-13 22:24:54] RoundExecuted|GameTime|29|TasksStarted||TasksPending|
[20-11-13 22:24:54] RoundEnded|GameTime|29|TasksCompleted||TasksDelayed|
[20-11-13 22:24:55] RoundExecuted|GameTime|30|TasksStarted||TasksPending|
[20-11-13 22:24:55] RoundEnded|GameTime|30|TasksCompleted||TasksDelayed|
[20-11-13 22:24:55] RoundExecuted|GameTime|31|TasksStarted||TasksPending|
[20-11-13 22:24:55] RoundEnded|GameTime|31|TasksCompleted||TasksDelayed|
[20-11-13 22:24:56] RoundExecuted|GameTime|32|TasksStarted|T21.M4;|TasksPending|T27.M2;T28.M1;
[20-11-13 22:24:56] RoundEnded|GameTime|32|TasksCompleted|T27.M2;T28.M1;|TasksDelayed|
[20-11-13 22:24:56] RoundExecuted|GameTime|33|TasksStarted||TasksPending|T17.M4;
[20-11-13 22:24:56] RoundEnded|GameTime|33|TasksCompleted|T17.M4;|TasksDelayed|
[20-11-13 22:24:57] RoundExecuted|GameTime|34|TasksStarted||TasksPending|
[20-11-13 22:24:57] RoundEnded|GameTime|34|TasksCompleted||TasksDelayed|
[20-11-13 22:24:57] RoundExecuted|GameTime|35|TasksStarted||TasksPending|T21.M4;
[20-11-13 22:24:57] RoundEnded|GameTime|35|TasksCompleted|T21.M4;|TasksDelayed|
[20-11-13 22:24:58] RoundExecuted|GameTime|36|TasksStarted|T1.M2;|TasksPending|T5.M2;
[20-11-13 22:24:58] RoundEnded|GameTime|36|TasksCompleted||TasksDelayed|T5.M2;
[20-11-13 22:24:58] RoundExecuted|GameTime|37|TasksStarted|T3.M2;|TasksPending|
[20-11-13 22:24:58] RoundEnded|GameTime|37|TasksCompleted||TasksDelayed|
[20-11-13 22:24:59] RoundExecuted|GameTime|38|TasksStarted|T2.M2;|TasksPending|
[20-11-13 22:24:59] RoundEnded|GameTime|38|TasksCompleted||TasksDelayed|
[20-11-13 22:24:59] RoundExecuted|GameTime|39|TasksStarted|T16.M1;|TasksPending|
[20-11-13 22:24:59] RoundEnded|GameTime|39|TasksCompleted||TasksDelayed|
[20-11-13 22:25:00] RoundExecuted|GameTime|40|TasksStarted||TasksPending|
[20-11-13 22:25:00] RoundEnded|GameTime|40|TasksCompleted|T5.M2;|TasksDelayed|
[20-11-13 22:25:00] RoundExecuted|GameTime|41|TasksStarted||TasksPending|
[20-11-13 22:25:00] RoundEnded|GameTime|41|TasksCompleted||TasksDelayed|
[20-11-13 22:25:01] RoundExecuted|GameTime|42|TasksStarted||TasksPending|
[20-11-13 22:25:01] RoundEnded|GameTime|42|TasksCompleted||TasksDelayed|
[20-11-13 22:25:01] RoundExecuted|GameTime|43|TasksStarted||TasksPending|
[20-11-13 22:25:01] RoundEnded|GameTime|43|TasksCompleted||TasksDelayed|
[20-11-13 22:25:02] RoundExecuted|GameTime|44|TasksStarted|T22.M4;|TasksPending|T1.M2;
[20-11-13 22:25:02] RoundEnded|GameTime|44|TasksCompleted|T1.M2;|TasksDelayed|
[20-11-13 22:25:02] RoundExecuted|GameTime|45|TasksStarted||TasksPending|T3.M2;
[20-11-13 22:25:02] RoundEnded|GameTime|45|TasksCompleted||TasksDelayed|T3.M2;
[20-11-13 22:25:03] RoundExecuted|GameTime|46|TasksStarted||TasksPending|T2.M2;
[20-11-13 22:25:03] RoundEnded|GameTime|46|TasksCompleted|T2.M2;|TasksDelayed|
[20-11-13 22:25:03] RoundExecuted|GameTime|47|TasksStarted||TasksPending|T16.M1;
[20-11-13 22:25:03] RoundEnded|GameTime|47|TasksCompleted|T16.M1;|TasksDelayed|
[20-11-13 22:25:04] RoundExecuted|GameTime|48|TasksStarted||TasksPending|
[20-11-13 22:25:04] RoundEnded|GameTime|48|TasksCompleted||TasksDelayed|
[20-11-13 22:25:04] RoundExecuted|GameTime|49|TasksStarted||TasksPending|T22.M4;
[20-11-13 22:25:04] RoundEnded|GameTime|49|TasksCompleted|T3.M2;T22.M4;|TasksDelayed|
[20-11-13 22:25:05] RoundExecuted|GameTime|50|TasksStarted||TasksPending|
[20-11-13 22:25:05] RoundEnded|GameTime|50|TasksCompleted||TasksDelayed|
[20-11-13 22:25:05] RoundExecuted|GameTime|51|TasksStarted||TasksPending|
[20-11-13 22:25:05] RoundEnded|GameTime|51|TasksCompleted||TasksDelayed|
[20-11-13 22:25:06] GameEnded
