[3-2-14 13:00:12] TraceInfo|VersionNumber|V1
[3-2-14 13:00:13] GameLoaded|GameFile|games/lvo/game.xml|MaxPlayers|5
[3-2-14 13:01:45] PlayerAdded|PlayerID|SP620643
[3-2-14 13:02:50] PlayerAdded|PlayerID|SP147046
[3-2-14 13:03:09] PlayerAdded|PlayerID|SP145111
[3-2-14 13:03:19] PlayerAdded|PlayerID|SP95942
[3-2-14 13:03:28] PlayerAdded|PlayerID|SP596819
[3-2-14 13:04:31] PortfolioAssigned|PlayerID|SP620643|PortfolioID|P5
[3-2-14 13:04:35] PortfolioAssigned|PlayerID|SP147046|PortfolioID|P2
[3-2-14 13:04:39] PortfolioAssigned|PlayerID|SP145111|PortfolioID|P1
[3-2-14 13:04:44] PortfolioAssigned|PlayerID|SP95942|PortfolioID|P4
[3-2-14 13:04:51] PortfolioAssigned|PlayerID|SP596819|PortfolioID|P3
[3-2-14 13:04:54] GameStarted|NumPlayers|5|GamePeriod|52
[3-2-14 13:07:43] GameStarted|NumPlayers|5|GamePeriod|52
[3-2-14 13:07:43] GameStateForced|StateOld|Idle|StateNew|Starting
[3-2-14 13:08:25] GameStarted|NumPlayers|5|GamePeriod|52
[3-2-14 13:08:25] GameStateForced|StateOld|Idle|StateNew|Starting
[3-2-14 13:08:55] GameStarted|NumPlayers|5|GamePeriod|52
[3-2-14 13:08:55] GameStateForced|StateOld|Idle|StateNew|Starting
[3-2-14 13:11:29] StartedPlanning|GameTime|0
[3-2-14 13:15:03] PlanChanged|GameTime|0|PlayerID|SP620643|PlanChange|MethodAdded;T20.M2;26;
[3-2-14 13:15:21] PlanChanged|GameTime|0|PlayerID|SP620643|PlanChange|MethodAdded;T3.M4;0;
[3-2-14 13:15:24] PlanChanged|GameTime|0|PlayerID|SP620643|PlanChange|MethodMoved;T3.M4;15;T3.M4
[3-2-14 13:15:35] PlanChanged|GameTime|0|PlayerID|SP620643|PlanChange|MethodAdded;T19.M1;0;
[3-2-14 13:15:49] PlanChanged|GameTime|0|PlayerID|SP620643|PlanChange|MethodAdded;T21.M1;0;
[3-2-14 13:15:54] PlanChanged|GameTime|0|PlayerID|SP620643|PlanChange|MethodMoved;T21.M1;9;T21.M1
[3-2-14 13:16:50] PlanSubmitted|GameTime|0|PlayerID|SP620643
[3-2-14 13:17:04] PlanChanged|GameTime|0|PlayerID|SP147046|PlanChange|MethodAdded;T22.M1;0;
[3-2-14 13:17:06] PlanChanged|GameTime|0|PlayerID|SP147046|PlanChange|MethodMoved;T22.M1;33;T22.M1
[3-2-14 13:17:23] PlanChanged|GameTime|0|PlayerID|SP147046|PlanChange|MethodAdded;T5.M1;5;
[3-2-14 13:17:24] PlanChanged|GameTime|0|PlayerID|SP147046|PlanChange|MethodMoved;T5.M1;12;T5.M1
[3-2-14 13:17:32] PlanChanged|GameTime|0|PlayerID|SP147046|PlanChange|MethodAdded;T23.M4;0;
[3-2-14 13:17:42] PlanChanged|GameTime|0|PlayerID|SP147046|PlanChange|MethodAdded;T24.M3;0;
[3-2-14 13:17:44] PlanChanged|GameTime|0|PlayerID|SP147046|PlanChange|MethodMoved;T24.M3;26;T24.M3
[3-2-14 13:17:46] PlanSubmitted|GameTime|0|PlayerID|SP147046
[3-2-14 13:17:55] PlanChanged|GameTime|0|PlayerID|SP145111|PlanChange|MethodAdded;T4.M1;0;
[3-2-14 13:18:03] PlanChanged|GameTime|0|PlayerID|SP145111|PlanChange|MethodAdded;T16.M3;0;
[3-2-14 13:18:05] PlanChanged|GameTime|0|PlayerID|SP145111|PlanChange|MethodMoved;T4.M1;40;T4.M1
[3-2-14 13:18:15] PlanChanged|GameTime|0|PlayerID|SP145111|PlanChange|MethodAdded;T17.M2;0;
[3-2-14 13:18:18] PlanChanged|GameTime|0|PlayerID|SP145111|PlanChange|MethodMoved;T17.M2;25;T17.M2
[3-2-14 13:18:27] PlanChanged|GameTime|0|PlayerID|SP145111|PlanChange|MethodAdded;T18.M1;0;
[3-2-14 13:18:29] PlanChanged|GameTime|0|PlayerID|SP145111|PlanChange|MethodMoved;T18.M1;14;T18.M1
[3-2-14 13:18:33] PlanChanged|GameTime|0|PlayerID|SP145111|PlanChange|MethodMoved;T18.M1;18;T18.M1
[3-2-14 13:18:35] PlanChanged|GameTime|0|PlayerID|SP145111|PlanChange|MethodMoved;T18.M1;19;T18.M1
[3-2-14 13:18:37] PlanSubmitted|GameTime|0|PlayerID|SP145111
[3-2-14 13:18:47] PlanChanged|GameTime|0|PlayerID|SP95942|PlanChange|MethodAdded;T2.M3;0;
[3-2-14 13:18:49] PlanChanged|GameTime|0|PlayerID|SP95942|PlanChange|MethodMoved;T2.M3;17;T2.M3
[3-2-14 13:18:58] PlanChanged|GameTime|0|PlayerID|SP95942|PlanChange|MethodAdded;T29.M2;0;
[3-2-14 13:19:00] PlanChanged|GameTime|0|PlayerID|SP95942|PlanChange|MethodMoved;T29.M2;31;T29.M2
[3-2-14 13:19:11] PlanChanged|GameTime|0|PlayerID|SP95942|PlanChange|MethodAdded;T30.M1;0;
[3-2-14 13:19:13] PlanChanged|GameTime|0|PlayerID|SP95942|PlanChange|MethodMoved;T30.M1;26;T30.M1
[3-2-14 13:19:15] PlanChanged|GameTime|0|PlayerID|SP95942|PlanChange|MethodMoved;T29.M2;32;T29.M2
[3-2-14 13:19:17] PlanChanged|GameTime|0|PlayerID|SP95942|PlanChange|MethodMoved;T29.M2;33;T29.M2
[3-2-14 13:19:26] PlanChanged|GameTime|0|PlayerID|SP95942|PlanChange|MethodAdded;T28.M3;0;
[3-2-14 13:19:28] PlanChanged|GameTime|0|PlayerID|SP95942|PlanChange|MethodMoved;T28.M3;5;T28.M3
[3-2-14 13:19:29] PlanSubmitted|GameTime|0|PlayerID|SP95942
[3-2-14 13:20:00] PlanChanged|GameTime|0|PlayerID|SP596819|PlanChange|MethodAdded;T1.M3;0;
[3-2-14 13:20:02] PlanChanged|GameTime|0|PlayerID|SP596819|PlanChange|MethodMoved;T1.M3;7;T1.M3
[3-2-14 13:20:12] PlanChanged|GameTime|0|PlayerID|SP596819|PlanChange|MethodAdded;T27.M4;0;
[3-2-14 13:20:14] PlanChanged|GameTime|0|PlayerID|SP596819|PlanChange|MethodMoved;T27.M4;44;T27.M4
[3-2-14 13:20:23] PlanChanged|GameTime|0|PlayerID|SP596819|PlanChange|MethodAdded;T25.M2;0;
[3-2-14 13:20:26] PlanChanged|GameTime|0|PlayerID|SP596819|PlanChange|MethodMoved;T25.M2;28;T25.M2
[3-2-14 13:20:33] PlanChanged|GameTime|0|PlayerID|SP596819|PlanChange|MethodAdded;T26.M1;0;
[3-2-14 13:20:36] PlanChanged|GameTime|0|PlayerID|SP596819|PlanChange|MethodMoved;T26.M1;13;T26.M1
[3-2-14 13:20:39] PlanChanged|GameTime|0|PlayerID|SP596819|PlanChange|MethodMoved;T1.M3;3;T1.M3
[3-2-14 13:20:42] PlanSubmitted|GameTime|0|PlayerID|SP596819
[3-2-14 13:20:42] SubmittedAll|GameTime|0
