[21-11-13 11:43:41] TraceInfo|VersionNumber|V1
[21-11-13 11:43:41] GameLoaded|GameFile|webapps/game/games/roersteden/game.xml|MaxPlayers|5
[21-11-13 12:20:25] PlayerAdded|PlayerID|SP319600
[21-11-13 12:20:36] PortfolioAssigned|PlayerID|SP319600|PortfolioID|P2
[21-11-13 12:20:50] PlayerAdded|PlayerID|SP219166
[21-11-13 12:20:55] PortfolioAssigned|PlayerID|SP219166|PortfolioID|P1
[21-11-13 12:21:42] PlayerAdded|PlayerID|SP23008
[21-11-13 12:21:55] PortfolioAssigned|PlayerID|SP23008|PortfolioID|P4
[21-11-13 12:21:59] PlayerAdded|PlayerID|SP222825
[21-11-13 12:22:05] PortfolioAssigned|PlayerID|SP222825|PortfolioID|P5
[21-11-13 12:22:22] PlayerAdded|PlayerID|SP403798
[21-11-13 12:22:36] PortfolioAssigned|PlayerID|SP403798|PortfolioID|P3
[21-11-13 12:23:04] GameStarted|NumPlayers|5|GamePeriod|52
[21-11-13 12:23:42] StartedPlanning|GameTime|0
[21-11-13 12:28:30] PlanChanged|GameTime|0|PlayerID|SP23008|PlanChange|MethodAdded;T2.M2;17;
[21-11-13 12:29:34] PlanChanged|GameTime|0|PlayerID|SP222825|PlanChange|MethodAdded;T21.M1;26;
[21-11-13 12:30:58] PlanChanged|GameTime|0|PlayerID|SP23008|PlanChange|MethodAdded;T28.M2;28;
[21-11-13 12:31:41] PlanChanged|GameTime|0|PlayerID|SP23008|PlanChange|MethodAdded;T29.M2;0;
[21-11-13 12:31:50] PlanChanged|GameTime|0|PlayerID|SP319600|PlanChange|MethodAdded;T5.M4;26;
[21-11-13 12:31:54] PlanChanged|GameTime|0|PlayerID|SP219166|PlanChange|MethodAdded;T4.M4;17;
[21-11-13 12:32:10] PlanChanged|GameTime|0|PlayerID|SP403798|PlanChange|MethodAdded;T1.M2;26;
[21-11-13 12:32:51] PlanChanged|GameTime|0|PlayerID|SP319600|PlanChange|MethodAdded;T23.M2;0;
[21-11-13 12:33:24] PlanChanged|GameTime|0|PlayerID|SP23008|PlanChange|MethodAdded;T30.M2;39;
[21-11-13 12:33:50] PlanChanged|GameTime|0|PlayerID|SP222825|PlanChange|MethodAdded;T3.M1;0;
[21-11-13 12:34:06] PlanChanged|GameTime|0|PlayerID|SP319600|PlanChange|MethodAdded;T22.M2;0;
[21-11-13 12:34:32] PlanChanged|GameTime|0|PlayerID|SP219166|PlanChange|MethodAdded;T17.M4;26;
[21-11-13 12:34:42] PlanChanged|GameTime|0|PlayerID|SP319600|PlanChange|MethodMoved;T22.M2;0;T22.M2
[21-11-13 12:35:20] PlanChanged|GameTime|0|PlayerID|SP222825|PlanChange|MethodAdded;T19.M2;13;
[21-11-13 12:35:21] PlanChanged|GameTime|0|PlayerID|SP319600|PlanChange|MethodMoved;T22.M2;17;T22.M2
[21-11-13 12:35:34] PlanSubmitted|GameTime|0|PlayerID|SP23008
[21-11-13 12:36:03] PlanChanged|GameTime|0|PlayerID|SP319600|PlanChange|MethodAdded;T24.M4;32;
[21-11-13 12:36:33] PlanChanged|GameTime|0|PlayerID|SP222825|PlanChange|MethodAdded;T20.M3;34;
[21-11-13 12:36:42] PlanChanged|GameTime|0|PlayerID|SP403798|PlanChange|MethodRemoved;T1.M2;-1;T1.M2
[21-11-13 12:37:20] PlanSubmitted|GameTime|0|PlayerID|SP319600
[21-11-13 12:38:32] PlanChanged|GameTime|0|PlayerID|SP219166|PlanChange|MethodAdded;T16.M2;0;
[21-11-13 12:39:20] PlanChanged|GameTime|0|PlayerID|SP403798|PlanChange|MethodAdded;T25.M2;26;
[21-11-13 12:39:36] PlanChanged|GameTime|0|PlayerID|SP219166|PlanChange|MethodAdded;T18.M4;35;
[21-11-13 12:41:07] PlanChanged|GameTime|0|PlayerID|SP403798|PlanChange|MethodAdded;T26.M2;9;
[21-11-13 12:41:53] PlanChanged|GameTime|0|PlayerID|SP222825|PlanChange|MethodMoved;T20.M3;30;T20.M3
[21-11-13 12:42:21] PlanChanged|GameTime|0|PlayerID|SP219166|PlanChange|MethodChanged;T18.M1;35;T18.M4
[21-11-13 12:42:50] PlanSubmitted|GameTime|0|PlayerID|SP219166
[21-11-13 12:43:46] PlanChanged|GameTime|0|PlayerID|SP403798|PlanChange|MethodAdded;T1.M2;34;
[21-11-13 12:44:32] PlanChanged|GameTime|0|PlayerID|SP222825|PlanChange|MethodMoved;T20.M3;32;T20.M3
[21-11-13 12:44:51] PlanChanged|GameTime|0|PlayerID|SP403798|PlanChange|MethodAdded;T27.M2;0;
[21-11-13 12:45:03] PlanSubmitted|GameTime|0|PlayerID|SP403798
[21-11-13 12:45:36] PlanSubmitted|GameTime|0|PlayerID|SP222825
[21-11-13 12:45:36] SubmittedAll|GameTime|0
[21-11-13 12:47:43] PlayerResponded|GameTime|0|PlayerID|SP219166|AcceptResponse|false
[21-11-13 12:47:43] RespondedAll|GameTime|0|AcceptResponse|false
[21-11-13 12:47:43] StartedPlanning|GameTime|0
[21-11-13 12:53:07] PlanChanged|GameTime|0|PlayerID|SP403798|PlanChange|MethodMoved;T1.M2;39;T1.M2
[21-11-13 12:53:23] PlanSubmitted|GameTime|0|PlayerID|SP403798
[21-11-13 12:58:55] PlanChanged|GameTime|0|PlayerID|SP319600|PlanChange|MethodMoved;T5.M4;25;T5.M4
[21-11-13 12:59:32] PlanChanged|GameTime|0|PlayerID|SP319600|PlanChange|MethodMoved;T24.M4;31;T24.M4
[21-11-13 12:59:40] PlanChanged|GameTime|0|PlayerID|SP219166|PlanChange|MethodMoved;T18.M1;38;T18.M1
[21-11-13 13:02:06] PlanSubmitted|GameTime|0|PlayerID|SP222825
[21-11-13 13:03:49] PlanChanged|GameTime|0|PlayerID|SP319600|PlanChange|MethodChanged;T23.M4;0;T23.M2
[21-11-13 13:04:28] PlanSubmitted|GameTime|0|PlayerID|SP23008
[21-11-13 13:04:43] PlanChanged|GameTime|0|PlayerID|SP319600|PlanChange|MethodChanged;T23.M2;0;T23.M4
[21-11-13 13:05:06] PlanSubmitted|GameTime|0|PlayerID|SP319600
[21-11-13 13:05:35] PlanSubmitted|GameTime|0|PlayerID|SP219166
[21-11-13 13:05:35] SubmittedAll|GameTime|0
[21-11-13 13:06:29] PlayerResponded|GameTime|0|PlayerID|SP23008|AcceptResponse|false
[21-11-13 13:06:29] RespondedAll|GameTime|0|AcceptResponse|false
[21-11-13 13:06:29] StartedPlanning|GameTime|0
[21-11-13 13:08:09] PlanChanged|GameTime|0|PlayerID|SP23008|PlanChange|MethodMoved;T29.M2;0;T29.M2
[21-11-13 13:08:24] PlanChanged|GameTime|0|PlayerID|SP219166|PlanChange|MethodChanged;T18.M2;45;T18.M1
[21-11-13 13:08:36] PlanChanged|GameTime|0|PlayerID|SP319600|PlanChange|MethodChanged;T5.M2;25;T5.M4
[21-11-13 13:10:00] PlanChanged|GameTime|0|PlayerID|SP319600|PlanChange|MethodMoved;T24.M4;45;T24.M4
[21-11-13 13:10:20] PlanSubmitted|GameTime|0|PlayerID|SP219166
[21-11-13 13:10:48] PlanChanged|GameTime|0|PlayerID|SP319600|PlanChange|MethodChanged;T24.M2;45;T24.M4
[21-11-13 13:11:49] PlanChanged|GameTime|0|PlayerID|SP319600|PlanChange|MethodMoved;T5.M2;26;T5.M2
[21-11-13 13:12:48] PlanSubmitted|GameTime|0|PlayerID|SP319600
[21-11-13 13:13:20] PlanChanged|GameTime|0|PlayerID|SP222825|PlanChange|MethodChanged;T3.M3;0;T3.M1
[21-11-13 13:13:42] PlanSubmitted|GameTime|0|PlayerID|SP222825
[21-11-13 13:13:43] PlanSubmitted|GameTime|0|PlayerID|SP403798
[21-11-13 13:14:23] PlanChanged|GameTime|0|PlayerID|SP23008|PlanChange|MethodChanged;T29.M3;0;T29.M2
[21-11-13 13:14:31] PlanSubmitted|GameTime|0|PlayerID|SP23008
[21-11-13 13:14:31] SubmittedAll|GameTime|0
[21-11-13 13:15:59] PlayerResponded|GameTime|0|PlayerID|SP319600|AcceptResponse|false
[21-11-13 13:15:59] RespondedAll|GameTime|0|AcceptResponse|false
[21-11-13 13:15:59] StartedPlanning|GameTime|0
[21-11-13 13:16:43] PlanChanged|GameTime|0|PlayerID|SP319600|PlanChange|MethodMoved;T24.M2;39;T24.M2
[21-11-13 13:17:35] PlanChanged|GameTime|0|PlayerID|SP319600|PlanChange|MethodMoved;T24.M2;45;T24.M2
[21-11-13 13:18:22] PlanChanged|GameTime|0|PlayerID|SP219166|PlanChange|MethodChanged;T17.M2;26;T17.M4
[21-11-13 13:18:42] PlanSubmitted|GameTime|0|PlayerID|SP219166
[21-11-13 13:19:12] PlanChanged|GameTime|0|PlayerID|SP319600|PlanChange|MethodChanged;T23.M3;0;T23.M2
[21-11-13 13:19:21] PlanChanged|GameTime|0|PlayerID|SP23008|PlanChange|MethodMoved;T29.M3;39;T29.M3
[21-11-13 13:19:47] PlanChanged|GameTime|0|PlayerID|SP403798|PlanChange|MethodMoved;T26.M2;7;T26.M2
[21-11-13 13:20:13] PlanChanged|GameTime|0|PlayerID|SP23008|PlanChange|MethodMoved;T30.M2;0;T30.M2
[21-11-13 13:20:34] PlanChanged|GameTime|0|PlayerID|SP319600|PlanChange|MethodChanged;T23.M2;0;T23.M3
[21-11-13 13:20:56] PlanChanged|GameTime|0|PlayerID|SP403798|PlanChange|MethodMoved;T25.M2;24;T25.M2
[21-11-13 13:21:05] PlanSubmitted|GameTime|0|PlayerID|SP403798
[21-11-13 13:21:19] PlanSubmitted|GameTime|0|PlayerID|SP222825
[21-11-13 13:21:19] PlanChanged|GameTime|0|PlayerID|SP23008|PlanChange|MethodMoved;T2.M2;12;T2.M2
[21-11-13 13:21:24] PlanSubmitted|GameTime|0|PlayerID|SP23008
[21-11-13 13:21:36] PlanChanged|GameTime|0|PlayerID|SP319600|PlanChange|MethodChanged;T5.M3;26;T5.M2
[21-11-13 13:21:50] PlanSubmitted|GameTime|0|PlayerID|SP319600
[21-11-13 13:21:50] SubmittedAll|GameTime|0
[21-11-13 13:22:08] PlayerResponded|GameTime|0|PlayerID|SP222825|AcceptResponse|true
[21-11-13 13:22:10] PlayerResponded|GameTime|0|PlayerID|SP23008|AcceptResponse|true
[21-11-13 13:22:14] PlayerResponded|GameTime|0|PlayerID|SP319600|AcceptResponse|true
[21-11-13 13:22:15] PlayerResponded|GameTime|0|PlayerID|SP403798|AcceptResponse|true
[21-11-13 13:22:15] PlayerResponded|GameTime|0|PlayerID|SP219166|AcceptResponse|true
[21-11-13 13:22:15] RespondedAll|GameTime|0|AcceptResponse|true
[21-11-13 13:24:28] StartedExecution|GameTime|0|ExecutionMode|UntilEvent
[21-11-13 13:24:28] RoundExecuted|GameTime|1|TasksStarted|T16.M2;T3.M3;T30.M2;T23.M2;T27.M2;|TasksPending|
[21-11-13 13:24:28] RoundEnded|GameTime|1|TasksCompleted||TasksDelayed|
[21-11-13 13:24:29] RoundExecuted|GameTime|2|TasksStarted||TasksPending|
[21-11-13 13:24:29] RoundEnded|GameTime|2|TasksCompleted||TasksDelayed|
[21-11-13 13:24:30] RoundExecuted|GameTime|3|TasksStarted||TasksPending|
[21-11-13 13:24:30] RoundEnded|GameTime|3|TasksCompleted||TasksDelayed|
[21-11-13 13:24:31] RoundExecuted|GameTime|4|TasksStarted||TasksPending|
[21-11-13 13:24:31] RoundEnded|GameTime|4|TasksCompleted||TasksDelayed|
[21-11-13 13:24:32] RoundExecuted|GameTime|5|TasksStarted||TasksPending|T30.M2;T27.M2;
[21-11-13 13:25:03] RoundEnded|GameTime|5|TasksCompleted|T30.M2;|TasksDelayed|T27.M2;
[21-11-13 13:25:04] RoundExecuted|GameTime|6|TasksStarted||TasksPending|
[21-11-13 13:25:04] RoundEnded|GameTime|6|TasksCompleted||TasksDelayed|
[21-11-13 13:25:05] RoundExecuted|GameTime|7|TasksStarted||TasksPending|
[21-11-13 13:25:05] RoundEnded|GameTime|7|TasksCompleted|T27.M2;|TasksDelayed|
[21-11-13 13:25:06] RoundExecuted|GameTime|8|TasksStarted|T26.M2;|TasksPending|T16.M2;
[21-11-13 13:25:33] RoundEnded|GameTime|8|TasksCompleted||TasksDelayed|T16.M2;
[21-11-13 13:25:34] RoundExecuted|GameTime|9|TasksStarted||TasksPending|
[21-11-13 13:25:34] RoundEnded|GameTime|9|TasksCompleted|T3.M3;|TasksDelayed|
[21-11-13 13:25:35] RoundExecuted|GameTime|10|TasksStarted||TasksPending|
[21-11-13 13:25:35] RoundEnded|GameTime|10|TasksCompleted||TasksDelayed|
[21-11-13 13:25:36] RoundExecuted|GameTime|11|TasksStarted||TasksPending|
[21-11-13 13:25:36] RoundEnded|GameTime|11|TasksCompleted||TasksDelayed|
[21-11-13 13:25:37] RoundExecuted|GameTime|12|TasksStarted||TasksPending|
[21-11-13 13:25:37] RoundEnded|GameTime|12|TasksCompleted|T16.M2;|TasksDelayed|
[21-11-13 13:25:38] RoundExecuted|GameTime|13|TasksStarted|T2.M2;|TasksPending|T23.M2;
[21-11-13 13:26:27] RoundEnded|GameTime|13|TasksCompleted||TasksDelayed|T23.M2;
[21-11-13 13:26:28] RoundExecuted|GameTime|14|TasksStarted|T19.M2;|TasksPending|
[21-11-13 13:26:28] RoundEnded|GameTime|14|TasksCompleted||TasksDelayed|
[21-11-13 13:26:29] RoundExecuted|GameTime|15|TasksStarted||TasksPending|
[21-11-13 13:26:29] RoundEnded|GameTime|15|TasksCompleted||TasksDelayed|
[21-11-13 13:26:30] RoundExecuted|GameTime|16|TasksStarted||TasksPending|
[21-11-13 13:26:30] RoundEnded|GameTime|16|TasksCompleted||TasksDelayed|
[21-11-13 13:26:31] RoundExecuted|GameTime|17|TasksStarted||TasksPending|
[21-11-13 13:26:31] RoundEnded|GameTime|17|TasksCompleted|T23.M2;|TasksDelayed|
[21-11-13 13:26:32] RoundExecuted|GameTime|18|TasksStarted|T4.M4;T22.M2;|TasksPending|
[21-11-13 13:26:32] RoundEnded|GameTime|18|TasksCompleted||TasksDelayed|
[21-11-13 13:26:33] RoundExecuted|GameTime|19|TasksStarted||TasksPending|
[21-11-13 13:26:33] RoundEnded|GameTime|19|TasksCompleted||TasksDelayed|
[21-11-13 13:26:34] RoundExecuted|GameTime|20|TasksStarted||TasksPending|T26.M2;
[21-11-13 13:27:12] RoundEnded|GameTime|20|TasksCompleted||TasksDelayed|T26.M2;
[21-11-13 13:27:13] RoundExecuted|GameTime|21|TasksStarted||TasksPending|T19.M2;T2.M2;
[21-11-13 13:27:35] RoundEnded|GameTime|21|TasksCompleted|T2.M2;|TasksDelayed|T19.M2;
[21-11-13 13:27:36] RoundExecuted|GameTime|22|TasksStarted||TasksPending|
[21-11-13 13:27:36] RoundEnded|GameTime|22|TasksCompleted||TasksDelayed|
[21-11-13 13:27:37] RoundExecuted|GameTime|23|TasksStarted||TasksPending|T4.M4;
[21-11-13 13:27:53] RoundEnded|GameTime|23|TasksCompleted||TasksDelayed|T4.M4;
[21-11-13 13:27:54] RoundExecuted|GameTime|24|TasksStarted||TasksPending|
[21-11-13 13:27:54] RoundEnded|GameTime|24|TasksCompleted|T26.M2;|TasksDelayed|
[21-11-13 13:27:55] RoundExecuted|GameTime|25|TasksStarted|T25.M2;|TasksPending|T22.M2;
[21-11-13 13:28:14] RoundEnded|GameTime|25|TasksCompleted|T4.M4;T19.M2;|TasksDelayed|T22.M2;
[21-11-13 13:28:37] StoppedExecution|GameTime|25
[21-11-13 13:28:42] StartedPlanning|GameTime|25
[21-11-13 13:28:42] GameStateForced|StateOld|Executing|StateNew|Planning
[21-11-13 13:28:50] PlanSubmitted|GameTime|25|PlayerID|SP219166
[21-11-13 13:28:57] PlanSubmitted|GameTime|25|PlayerID|SP222825
[21-11-13 13:28:57] PlanSubmitted|GameTime|25|PlayerID|SP23008
[21-11-13 13:29:06] PlanSubmitted|GameTime|25|PlayerID|SP403798
[21-11-13 13:29:25] PlanChanged|GameTime|25|PlayerID|SP319600|PlanChange|MethodMoved;T5.M3;29;T5.M3
[21-11-13 13:29:33] PlanSubmitted|GameTime|25|PlayerID|SP319600
[21-11-13 13:29:33] SubmittedAll|GameTime|25
[21-11-13 13:29:47] PlayerResponded|GameTime|25|PlayerID|SP219166|AcceptResponse|true
[21-11-13 13:29:49] PlayerResponded|GameTime|25|PlayerID|SP23008|AcceptResponse|true
[21-11-13 13:29:49] PlayerResponded|GameTime|25|PlayerID|SP319600|AcceptResponse|true
[21-11-13 13:30:02] PlayerResponded|GameTime|25|PlayerID|SP222825|AcceptResponse|true
[21-11-13 13:30:37] RespondedAll|GameTime|25|AcceptResponse|true
[21-11-13 13:30:37] ClientStateForced|PlayerID|SP403798|StateOld|Accepting|StateNew|Accepted
[21-11-13 13:30:42] StartedExecution|GameTime|25|ExecutionMode|UntilEvent
[21-11-13 13:30:42] RoundExecuted|GameTime|26|TasksStarted||TasksPending|
[21-11-13 13:30:42] RoundEnded|GameTime|26|TasksCompleted||TasksDelayed|
[21-11-13 13:30:43] RoundExecuted|GameTime|27|TasksStarted|T17.M2;T21.M1;|TasksPending|
[21-11-13 13:30:43] RoundEnded|GameTime|27|TasksCompleted||TasksDelayed|
[21-11-13 13:30:44] RoundExecuted|GameTime|28|TasksStarted||TasksPending|
[21-11-13 13:30:44] RoundEnded|GameTime|28|TasksCompleted||TasksDelayed|
[21-11-13 13:30:45] RoundExecuted|GameTime|29|TasksStarted|T28.M2;|TasksPending|
[21-11-13 13:30:45] RoundEnded|GameTime|29|TasksCompleted|T22.M2;|TasksDelayed|
[21-11-13 13:30:46] RoundExecuted|GameTime|30|TasksStarted|T5.M3;|TasksPending|
[21-11-13 13:30:46] RoundEnded|GameTime|30|TasksCompleted||TasksDelayed|
[21-11-13 13:30:47] RoundExecuted|GameTime|31|TasksStarted||TasksPending|
[21-11-13 13:30:47] RoundEnded|GameTime|31|TasksCompleted||TasksDelayed|
[21-11-13 13:30:48] RoundExecuted|GameTime|32|TasksStarted||TasksPending|T21.M1;T25.M2;
[21-11-13 13:31:15] RoundEnded|GameTime|32|TasksCompleted|T21.M1;T25.M2;|TasksDelayed|
[21-11-13 13:31:16] RoundExecuted|GameTime|33|TasksStarted|T20.M3;|TasksPending|
[21-11-13 13:31:16] RoundEnded|GameTime|33|TasksCompleted||TasksDelayed|
[21-11-13 13:31:17] RoundExecuted|GameTime|34|TasksStarted||TasksPending|
[21-11-13 13:31:17] RoundEnded|GameTime|34|TasksCompleted||TasksDelayed|
[21-11-13 13:31:18] RoundExecuted|GameTime|35|TasksStarted||TasksPending|
[21-11-13 13:31:18] RoundEnded|GameTime|35|TasksCompleted||TasksDelayed|
[21-11-13 13:31:19] RoundExecuted|GameTime|36|TasksStarted||TasksPending|T28.M2;
[21-11-13 13:31:29] RoundEnded|GameTime|36|TasksCompleted|T28.M2;|TasksDelayed|
[21-11-13 13:31:30] RoundExecuted|GameTime|37|TasksStarted||TasksPending|
[21-11-13 13:31:30] RoundEnded|GameTime|37|TasksCompleted||TasksDelayed|
[21-11-13 13:31:31] RoundExecuted|GameTime|38|TasksStarted||TasksPending|
[21-11-13 13:31:31] RoundEnded|GameTime|38|TasksCompleted|T5.M3;|TasksDelayed|
[21-11-13 13:31:32] RoundExecuted|GameTime|39|TasksStarted||TasksPending|T17.M2;
[21-11-13 13:31:43] RoundEnded|GameTime|39|TasksCompleted|T17.M2;|TasksDelayed|
[21-11-13 13:31:44] RoundExecuted|GameTime|40|TasksStarted|T29.M3;T1.M2;|TasksPending|
[21-11-13 13:31:44] RoundEnded|GameTime|40|TasksCompleted||TasksDelayed|
[21-11-13 13:31:45] RoundExecuted|GameTime|41|TasksStarted||TasksPending|
[21-11-13 13:31:45] RoundEnded|GameTime|41|TasksCompleted||TasksDelayed|
[21-11-13 13:31:47] RoundExecuted|GameTime|42|TasksStarted||TasksPending|
[21-11-13 13:31:47] RoundEnded|GameTime|42|TasksCompleted||TasksDelayed|
[21-11-13 13:31:48] RoundExecuted|GameTime|43|TasksStarted||TasksPending|
[21-11-13 13:31:48] RoundEnded|GameTime|43|TasksCompleted||TasksDelayed|
[21-11-13 13:31:49] RoundExecuted|GameTime|44|TasksStarted||TasksPending|
[21-11-13 13:31:49] RoundEnded|GameTime|44|TasksCompleted||TasksDelayed|
[21-11-13 13:31:50] RoundExecuted|GameTime|45|TasksStarted||TasksPending|
[21-11-13 13:31:50] RoundEnded|GameTime|45|TasksCompleted|T20.M3;|TasksDelayed|
[21-11-13 13:31:51] RoundExecuted|GameTime|46|TasksStarted|T18.M2;T24.M2;|TasksPending|
[21-11-13 13:31:51] RoundEnded|GameTime|46|TasksCompleted||TasksDelayed|
[21-11-13 13:31:52] RoundExecuted|GameTime|47|TasksStarted||TasksPending|
[21-11-13 13:31:52] RoundEnded|GameTime|47|TasksCompleted||TasksDelayed|
[21-11-13 13:31:53] RoundExecuted|GameTime|48|TasksStarted||TasksPending|T1.M2;
[21-11-13 13:32:08] RoundEnded|GameTime|48|TasksCompleted|T1.M2;|TasksDelayed|
[21-11-13 13:32:09] RoundExecuted|GameTime|49|TasksStarted||TasksPending|
[21-11-13 13:32:09] RoundEnded|GameTime|49|TasksCompleted||TasksDelayed|
[21-11-13 13:32:10] RoundExecuted|GameTime|50|TasksStarted||TasksPending|T18.M2;T24.M2;
[21-11-13 13:32:36] RoundEnded|GameTime|50|TasksCompleted|T18.M2;T24.M2;|TasksDelayed|
[21-11-13 13:32:37] RoundExecuted|GameTime|51|TasksStarted||TasksPending|
[21-11-13 13:32:37] RoundEnded|GameTime|51|TasksCompleted||TasksDelayed|
[21-11-13 13:32:38] GameEnded
