[18-9-14 17:18:27] TraceInfo|VersionNumber|V1
[18-9-14 17:18:27] GameLoaded|GameFile|webapps/game/games/roersteden/game.xml|MaxPlayers|5
[18-9-14 18:48:41] PlayerAdded|PlayerID|SP949132
[18-9-14 18:53:13] PlayerAdded|PlayerID|SP778870
[18-9-14 18:53:21] PortfolioAssigned|PlayerID|SP949132|PortfolioID|P4
[18-9-14 18:53:25] PortfolioAssigned|PlayerID|SP778870|PortfolioID|P5
[18-9-14 18:53:37] PlayerAdded|PlayerID|SP382289
[18-9-14 18:53:43] PlayerAdded|PlayerID|SP372239
[18-9-14 18:53:50] PlayerAdded|PlayerID|SP898599
[18-9-14 18:53:50] PortfolioAssigned|PlayerID|SP382289|PortfolioID|P2
[18-9-14 18:53:57] PortfolioAssigned|PlayerID|SP898599|PortfolioID|P1
[18-9-14 18:54:01] PortfolioAssigned|PlayerID|SP372239|PortfolioID|P3
[18-9-14 18:54:02] GameStarted|NumPlayers|5|GamePeriod|52
[18-9-14 18:56:20] StartedPlanning|GameTime|0
[18-9-14 19:00:21] PlanChanged|GameTime|0|PlayerID|SP372239|PlanChange|MethodAdded;T1.M2;26;
[18-9-14 19:04:26] PlanChanged|GameTime|0|PlayerID|SP382289|PlanChange|MethodAdded;T5.M4;27;
[18-9-14 19:05:02] PlanChanged|GameTime|0|PlayerID|SP898599|PlanChange|MethodAdded;T4.M1;1;
[18-9-14 19:05:13] PlanChanged|GameTime|0|PlayerID|SP372239|PlanChange|MethodMoved;T1.M2;0;T1.M2
[18-9-14 19:07:27] PlanChanged|GameTime|0|PlayerID|SP372239|PlanChange|MethodAdded;T25.M2;13;
[18-9-14 19:08:01] PlanChanged|GameTime|0|PlayerID|SP382289|PlanChange|MethodAdded;T22.M2;0;
[18-9-14 19:10:30] PlanChanged|GameTime|0|PlayerID|SP949132|PlanChange|MethodAdded;T2.M3;26;
[18-9-14 19:10:30] PlanChanged|GameTime|0|PlayerID|SP898599|PlanChange|MethodAdded;T16.M2;40;
[18-9-14 19:10:32] PlanChanged|GameTime|0|PlayerID|SP372239|PlanChange|MethodAdded;T26.M3;26;
[18-9-14 19:11:20] PlanChanged|GameTime|0|PlayerID|SP382289|PlanChange|MethodAdded;T23.M4;10;
[18-9-14 19:11:57] PlanChanged|GameTime|0|PlayerID|SP898599|PlanChange|MethodAdded;T18.M2;35;
[18-9-14 19:12:30] PlanChanged|GameTime|0|PlayerID|SP372239|PlanChange|MethodAdded;T27.M2;40;
[18-9-14 19:13:26] PlanChanged|GameTime|0|PlayerID|SP382289|PlanChange|MethodAdded;T24.M2;36;
[18-9-14 19:13:47] PlanChanged|GameTime|0|PlayerID|SP898599|PlanChange|MethodAdded;T17.M3;22;
[18-9-14 19:14:40] PlanChanged|GameTime|0|PlayerID|SP778870|PlanChange|MethodAdded;T3.M2;22;
[18-9-14 19:14:57] PlanChanged|GameTime|0|PlayerID|SP949132|PlanChange|MethodAdded;T29.M4;9;
[18-9-14 19:14:57] PlanSubmitted|GameTime|0|PlayerID|SP372239
[18-9-14 19:15:00] PlanSubmitted|GameTime|0|PlayerID|SP382289
[18-9-14 19:15:04] PlanSubmitted|GameTime|0|PlayerID|SP898599
[18-9-14 19:15:32] PlanChanged|GameTime|0|PlayerID|SP778870|PlanChange|MethodAdded;T19.M2;10;
[18-9-14 19:16:09] PlanChanged|GameTime|0|PlayerID|SP778870|PlanChange|MethodAdded;T20.M2;0;
[18-9-14 19:16:48] PlanChanged|GameTime|0|PlayerID|SP949132|PlanChange|MethodAdded;T28.M2;19;
[18-9-14 19:16:59] PlanChanged|GameTime|0|PlayerID|SP778870|PlanChange|MethodAdded;T21.M1;37;
[18-9-14 19:18:13] PlanChanged|GameTime|0|PlayerID|SP949132|PlanChange|MethodAdded;T30.M2;36;
[18-9-14 19:19:06] PlanChanged|GameTime|0|PlayerID|SP949132|PlanChange|MethodMoved;T2.M3;27;T2.M3
[18-9-14 19:19:42] PlanChanged|GameTime|0|PlayerID|SP949132|PlanChange|MethodMoved;T2.M3;26;T2.M3
[18-9-14 19:20:04] PlanChanged|GameTime|0|PlayerID|SP949132|PlanChange|MethodMoved;T28.M2;18;T28.M2
[18-9-14 19:20:08] PlanSubmitted|GameTime|0|PlayerID|SP949132
[18-9-14 19:20:49] PlanChanged|GameTime|0|PlayerID|SP778870|PlanChange|MethodMoved;T19.M2;13;T19.M2
[18-9-14 19:20:55] PlanSubmitted|GameTime|0|PlayerID|SP778870
[18-9-14 19:20:55] SubmittedAll|GameTime|0
[18-9-14 19:27:02] PlayerResponded|GameTime|0|PlayerID|SP382289|AcceptResponse|false
[18-9-14 19:27:02] RespondedAll|GameTime|0|AcceptResponse|false
[18-9-14 19:27:02] StartedPlanning|GameTime|0
[18-9-14 19:28:48] PlanChanged|GameTime|0|PlayerID|SP372239|PlanChange|MethodChanged;T27.M4;47;T27.M2
[18-9-14 19:28:58] PlanChanged|GameTime|0|PlayerID|SP778870|PlanChange|MethodMoved;T19.M2;40;T19.M2
[18-9-14 19:30:08] PlanChanged|GameTime|0|PlayerID|SP778870|PlanChange|MethodChanged;T19.M4;40;T19.M2
[18-9-14 19:30:40] PlanChanged|GameTime|0|PlayerID|SP778870|PlanChange|MethodMoved;T19.M4;44;T19.M4
[18-9-14 19:32:17] PlanChanged|GameTime|0|PlayerID|SP949132|PlanChange|MethodMoved;T29.M4;0;T29.M4
[18-9-14 19:33:36] PlanChanged|GameTime|0|PlayerID|SP778870|PlanChange|MethodChanged;T19.M2;40;T19.M4
[18-9-14 19:33:42] PlanChanged|GameTime|0|PlayerID|SP382289|PlanChange|MethodMoved;T5.M4;42;T5.M4
[18-9-14 19:35:01] PlanChanged|GameTime|0|PlayerID|SP898599|PlanChange|MethodChanged;T4.M4;1;T4.M1
[18-9-14 19:35:48] PlanChanged|GameTime|0|PlayerID|SP778870|PlanChange|MethodMoved;T3.M2;39;T3.M2
[18-9-14 19:36:23] PlanChanged|GameTime|0|PlayerID|SP898599|PlanChange|MethodMoved;T4.M4;16;T4.M4
[18-9-14 19:37:00] PlanChanged|GameTime|0|PlayerID|SP778870|PlanChange|MethodMoved;T19.M2;16;T19.M2
[18-9-14 19:37:22] PlanChanged|GameTime|0|PlayerID|SP382289|PlanChange|MethodMoved;T24.M2;11;T24.M2
[18-9-14 19:37:23] PlanChanged|GameTime|0|PlayerID|SP778870|PlanChange|MethodMoved;T19.M2;17;T19.M2
[18-9-14 19:37:26] PlanChanged|GameTime|0|PlayerID|SP898599|PlanChange|MethodMoved;T4.M4;10;T4.M4
[18-9-14 19:38:02] PlanChanged|GameTime|0|PlayerID|SP778870|PlanChange|MethodMoved;T21.M1;32;T21.M1
[18-9-14 19:38:11] PlanChanged|GameTime|0|PlayerID|SP898599|PlanChange|MethodMoved;T4.M4;0;T4.M4
[18-9-14 19:39:18] PlanChanged|GameTime|0|PlayerID|SP949132|PlanChange|MethodMoved;T30.M2;17;T30.M2
[18-9-14 19:39:29] PlanChanged|GameTime|0|PlayerID|SP898599|PlanChange|MethodChanged;T17.M1;22;T17.M3
[18-9-14 19:40:12] PlanChanged|GameTime|0|PlayerID|SP898599|PlanChange|MethodChanged;T17.M4;22;T17.M1
[18-9-14 19:40:25] PlanChanged|GameTime|0|PlayerID|SP949132|PlanChange|MethodMoved;T28.M2;36;T28.M2
[18-9-14 19:40:56] PlanSubmitted|GameTime|0|PlayerID|SP949132
[18-9-14 19:40:57] PlanSubmitted|GameTime|0|PlayerID|SP778870
[18-9-14 19:41:02] PlanSubmitted|GameTime|0|PlayerID|SP372239
[18-9-14 19:41:19] PlanChanged|GameTime|0|PlayerID|SP898599|PlanChange|MethodChanged;T17.M3;22;T17.M4
[18-9-14 19:41:25] PlanSubmitted|GameTime|0|PlayerID|SP898599
[18-9-14 19:42:14] PlanChanged|GameTime|0|PlayerID|SP382289|PlanChange|MethodMoved;T24.M2;21;T24.M2
[18-9-14 19:42:20] PlanSubmitted|GameTime|0|PlayerID|SP382289
[18-9-14 19:42:20] SubmittedAll|GameTime|0
[18-9-14 19:43:50] PlayerResponded|GameTime|0|PlayerID|SP382289|AcceptResponse|false
[18-9-14 19:43:50] RespondedAll|GameTime|0|AcceptResponse|false
[18-9-14 19:43:50] StartedPlanning|GameTime|0
[18-9-14 19:51:00] PlanChanged|GameTime|0|PlayerID|SP372239|PlanChange|MethodChanged;T1.M4;0;T1.M2
[18-9-14 19:51:21] PlanChanged|GameTime|0|PlayerID|SP382289|PlanChange|MethodMoved;T5.M4;44;T5.M4
[18-9-14 19:51:30] PlanChanged|GameTime|0|PlayerID|SP778870|PlanChange|MethodChanged;T3.M4;39;T3.M2
[18-9-14 19:51:50] PlanChanged|GameTime|0|PlayerID|SP372239|PlanChange|MethodChanged;T26.M2;26;T26.M3
[18-9-14 19:52:58] PlanChanged|GameTime|0|PlayerID|SP382289|PlanChange|MethodMoved;T24.M2;21;T24.M2
[18-9-14 19:53:26] PlanChanged|GameTime|0|PlayerID|SP382289|PlanChange|MethodMoved;T24.M2;23;T24.M2
[18-9-14 19:53:31] PlanChanged|GameTime|0|PlayerID|SP778870|PlanChange|MethodMoved;T3.M4;25;T3.M4
[18-9-14 19:53:57] PlanChanged|GameTime|0|PlayerID|SP382289|PlanChange|MethodMoved;T23.M4;12;T23.M4
[18-9-14 19:54:12] PlanChanged|GameTime|0|PlayerID|SP778870|PlanChange|MethodMoved;T21.M1;45;T21.M1
[18-9-14 19:55:11] PlanSubmitted|GameTime|0|PlayerID|SP382289
[18-9-14 19:55:28] PlanChanged|GameTime|0|PlayerID|SP778870|PlanChange|MethodChanged;T3.M2;25;T3.M4
[18-9-14 19:56:35] PlanSubmitted|GameTime|0|PlayerID|SP949132
[18-9-14 19:56:59] PlanSubmitted|GameTime|0|PlayerID|SP898599
[18-9-14 19:57:16] PlanChanged|GameTime|0|PlayerID|SP372239|PlanChange|MethodChanged;T27.M2;45;T27.M4
[18-9-14 19:57:26] PlanChanged|GameTime|0|PlayerID|SP778870|PlanChange|MethodMoved;T3.M2;28;T3.M2
[18-9-14 19:57:58] PlanSubmitted|GameTime|0|PlayerID|SP778870
[18-9-14 19:58:11] PlanSubmitted|GameTime|0|PlayerID|SP372239
[18-9-14 19:58:11] SubmittedAll|GameTime|0
[18-9-14 19:59:24] PlayerResponded|GameTime|0|PlayerID|SP382289|AcceptResponse|false
[18-9-14 19:59:24] RespondedAll|GameTime|0|AcceptResponse|false
[18-9-14 19:59:24] StartedPlanning|GameTime|0
[18-9-14 20:00:07] PlanChanged|GameTime|0|PlayerID|SP778870|PlanChange|MethodChanged;T21.M2;45;T21.M1
[18-9-14 20:00:48] PlanChanged|GameTime|0|PlayerID|SP778870|PlanChange|MethodMoved;T21.M2;42;T21.M2
[18-9-14 20:01:38] PlanChanged|GameTime|0|PlayerID|SP778870|PlanChange|MethodMoved;T21.M2;42;T21.M2
[18-9-14 20:01:45] PlanChanged|GameTime|0|PlayerID|SP898599|PlanChange|MethodMoved;T4.M4;5;T4.M4
[18-9-14 20:02:03] PlanChanged|GameTime|0|PlayerID|SP778870|PlanChange|MethodMoved;T21.M2;45;T21.M2
[18-9-14 20:02:28] PlanChanged|GameTime|0|PlayerID|SP778870|PlanChange|MethodMoved;T3.M2;29;T3.M2
[18-9-14 20:02:51] PlanSubmitted|GameTime|0|PlayerID|SP778870
[18-9-14 20:02:56] PlanChanged|GameTime|0|PlayerID|SP949132|PlanChange|MethodMoved;T30.M2;11;T30.M2
[18-9-14 20:04:00] PlanChanged|GameTime|0|PlayerID|SP898599|PlanChange|MethodMoved;T17.M3;17;T17.M3
[18-9-14 20:04:27] PlanChanged|GameTime|0|PlayerID|SP949132|PlanChange|MethodChanged;T29.M2;0;T29.M4
[18-9-14 20:05:53] PlanChanged|GameTime|0|PlayerID|SP372239|PlanChange|MethodChanged;T1.M2;0;T1.M4
[18-9-14 20:06:27] PlanSubmitted|GameTime|0|PlayerID|SP898599
[18-9-14 20:06:34] PlanChanged|GameTime|0|PlayerID|SP949132|PlanChange|MethodMoved;T30.M2;15;T30.M2
[18-9-14 20:06:54] PlanChanged|GameTime|0|PlayerID|SP949132|PlanChange|MethodMoved;T30.M2;15;T30.M2
[18-9-14 20:07:18] PlanChanged|GameTime|0|PlayerID|SP372239|PlanChange|MethodRemoved;T27.M2;-1;T27.M2
[18-9-14 20:07:35] PlanChanged|GameTime|0|PlayerID|SP949132|PlanChange|MethodMoved;T30.M2;16;T30.M2
[18-9-14 20:07:40] PlanSubmitted|GameTime|0|PlayerID|SP949132
[18-9-14 20:08:06] PlanChanged|GameTime|0|PlayerID|SP372239|PlanChange|MethodMoved;T26.M2;35;T26.M2
[18-9-14 20:08:09] PlanSubmitted|GameTime|0|PlayerID|SP382289
[18-9-14 20:09:30] PlanChanged|GameTime|0|PlayerID|SP372239|PlanChange|MethodAdded;T27.M2;26;
[18-9-14 20:09:38] PlanSubmitted|GameTime|0|PlayerID|SP372239
[18-9-14 20:09:38] SubmittedAll|GameTime|0
[18-9-14 20:11:54] PlayerResponded|GameTime|0|PlayerID|SP778870|AcceptResponse|true
[18-9-14 20:11:54] PlayerResponded|GameTime|0|PlayerID|SP372239|AcceptResponse|true
[18-9-14 20:11:55] PlayerResponded|GameTime|0|PlayerID|SP382289|AcceptResponse|true
[18-9-14 20:12:02] PlayerResponded|GameTime|0|PlayerID|SP949132|AcceptResponse|true
[18-9-14 20:12:16] PlayerResponded|GameTime|0|PlayerID|SP898599|AcceptResponse|true
[18-9-14 20:12:16] RespondedAll|GameTime|0|AcceptResponse|true
[18-9-14 20:12:49] StartedExecution|GameTime|0|ExecutionMode|UntilEvent
[18-9-14 20:12:49] RoundExecuted|GameTime|1|TasksStarted|T1.M2;T22.M2;T20.M2;T29.M2;|TasksPending|
[18-9-14 20:12:49] RoundEnded|GameTime|1|TasksCompleted||TasksDelayed|
[18-9-14 20:12:51] RoundExecuted|GameTime|2|TasksStarted||TasksPending|
[18-9-14 20:12:51] RoundEnded|GameTime|2|TasksCompleted||TasksDelayed|
[18-9-14 20:12:53] RoundExecuted|GameTime|3|TasksStarted||TasksPending|
[18-9-14 20:12:53] RoundEnded|GameTime|3|TasksCompleted||TasksDelayed|
[18-9-14 20:12:55] RoundExecuted|GameTime|4|TasksStarted||TasksPending|
[18-9-14 20:12:55] RoundEnded|GameTime|4|TasksCompleted||TasksDelayed|
[18-9-14 20:12:57] RoundExecuted|GameTime|5|TasksStarted||TasksPending|
[18-9-14 20:12:57] RoundEnded|GameTime|5|TasksCompleted||TasksDelayed|
[18-9-14 20:12:59] RoundExecuted|GameTime|6|TasksStarted|T4.M4;|TasksPending|
[18-9-14 20:12:59] RoundEnded|GameTime|6|TasksCompleted||TasksDelayed|
[18-9-14 20:13:01] RoundExecuted|GameTime|7|TasksStarted||TasksPending|
[18-9-14 20:13:01] RoundEnded|GameTime|7|TasksCompleted||TasksDelayed|
[18-9-14 20:13:03] RoundExecuted|GameTime|8|TasksStarted||TasksPending|T22.M2;
[18-9-14 20:13:34] RoundEnded|GameTime|8|TasksCompleted||TasksDelayed|T22.M2;
[18-9-14 20:13:36] RoundExecuted|GameTime|9|TasksStarted||TasksPending|T1.M2;
[18-9-14 20:14:12] RoundEnded|GameTime|9|TasksCompleted|T1.M2;|TasksDelayed|
[18-9-14 20:14:14] RoundExecuted|GameTime|10|TasksStarted||TasksPending|
[18-9-14 20:14:14] RoundEnded|GameTime|10|TasksCompleted||TasksDelayed|
[18-9-14 20:14:16] RoundExecuted|GameTime|11|TasksStarted||TasksPending|T4.M4;
[18-9-14 20:14:28] RoundEnded|GameTime|11|TasksCompleted|T4.M4;|TasksDelayed|
[18-9-14 20:14:30] RoundExecuted|GameTime|12|TasksStarted||TasksPending|
[18-9-14 20:14:30] RoundEnded|GameTime|12|TasksCompleted|T22.M2;|TasksDelayed|
[18-9-14 20:14:32] RoundExecuted|GameTime|13|TasksStarted|T23.M4;|TasksPending|T20.M2;T29.M2;
[18-9-14 20:15:06] RoundEnded|GameTime|13|TasksCompleted||TasksDelayed|T20.M2;T29.M2;
[18-9-14 20:15:39] StoppedExecution|GameTime|13
[18-9-14 20:15:43] StartedPlanning|GameTime|13
[18-9-14 20:15:43] GameStateForced|StateOld|Executing|StateNew|Planning
[18-9-14 20:15:48] PlanSubmitted|GameTime|13|PlayerID|SP372239
[18-9-14 20:15:54] PlanSubmitted|GameTime|13|PlayerID|SP382289
[18-9-14 20:15:56] PlanSubmitted|GameTime|13|PlayerID|SP898599
[18-9-14 20:15:59] PlanSubmitted|GameTime|13|PlayerID|SP778870
[18-9-14 20:16:17] PlanChanged|GameTime|13|PlayerID|SP949132|PlanChange|MethodMoved;T30.M2;17;T30.M2
[18-9-14 20:16:21] PlanSubmitted|GameTime|13|PlayerID|SP949132
[18-9-14 20:16:21] SubmittedAll|GameTime|13
[18-9-14 20:16:43] PlayerResponded|GameTime|13|PlayerID|SP372239|AcceptResponse|true
[18-9-14 20:16:57] PlayerResponded|GameTime|13|PlayerID|SP382289|AcceptResponse|true
[18-9-14 20:16:58] PlayerResponded|GameTime|13|PlayerID|SP898599|AcceptResponse|true
[18-9-14 20:17:02] PlayerResponded|GameTime|13|PlayerID|SP949132|AcceptResponse|true
[18-9-14 20:17:04] PlayerResponded|GameTime|13|PlayerID|SP778870|AcceptResponse|true
[18-9-14 20:17:04] RespondedAll|GameTime|13|AcceptResponse|true
[18-9-14 20:17:12] StartedExecution|GameTime|13|ExecutionMode|UntilEvent
[18-9-14 20:17:12] RoundExecuted|GameTime|14|TasksStarted|T25.M2;|TasksPending|
[18-9-14 20:17:12] RoundEnded|GameTime|14|TasksCompleted||TasksDelayed|
[18-9-14 20:17:13] RoundExecuted|GameTime|15|TasksStarted||TasksPending|
[18-9-14 20:17:13] RoundEnded|GameTime|15|TasksCompleted||TasksDelayed|
[18-9-14 20:17:14] RoundExecuted|GameTime|16|TasksStarted||TasksPending|
[18-9-14 20:17:14] RoundEnded|GameTime|16|TasksCompleted||TasksDelayed|
[18-9-14 20:17:15] RoundExecuted|GameTime|17|TasksStarted||TasksPending|
[18-9-14 20:17:15] RoundEnded|GameTime|17|TasksCompleted|T20.M2;T29.M2;|TasksDelayed|
[18-9-14 20:17:16] RoundExecuted|GameTime|18|TasksStarted|T19.M2;T17.M3;T30.M2;|TasksPending|
[18-9-14 20:17:16] RoundEnded|GameTime|18|TasksCompleted||TasksDelayed|
[18-9-14 20:17:17] RoundExecuted|GameTime|19|TasksStarted||TasksPending|
[18-9-14 20:17:17] RoundEnded|GameTime|19|TasksCompleted||TasksDelayed|
[18-9-14 20:17:18] RoundExecuted|GameTime|20|TasksStarted||TasksPending|
[18-9-14 20:17:18] RoundEnded|GameTime|20|TasksCompleted||TasksDelayed|
[18-9-14 20:17:19] RoundExecuted|GameTime|21|TasksStarted||TasksPending|T25.M2;T23.M4;
[18-9-14 20:17:59] RoundEnded|GameTime|21|TasksCompleted|T25.M2;T23.M4;|TasksDelayed|
[18-9-14 20:18:00] RoundExecuted|GameTime|22|TasksStarted||TasksPending|T30.M2;
[18-9-14 20:18:30] RoundEnded|GameTime|22|TasksCompleted|T30.M2;|TasksDelayed|
[18-9-14 20:18:31] RoundExecuted|GameTime|23|TasksStarted||TasksPending|
[18-9-14 20:18:31] RoundEnded|GameTime|23|TasksCompleted||TasksDelayed|
[18-9-14 20:18:32] RoundExecuted|GameTime|24|TasksStarted|T24.M2;|TasksPending|
[18-9-14 20:18:32] RoundEnded|GameTime|24|TasksCompleted||TasksDelayed|
[18-9-14 20:18:33] RoundExecuted|GameTime|25|TasksStarted||TasksPending|T19.M2;
[18-9-14 20:18:56] RoundEnded|GameTime|25|TasksCompleted||TasksDelayed|T19.M2;
[18-9-14 20:18:57] RoundExecuted|GameTime|26|TasksStarted||TasksPending|
[18-9-14 20:18:57] RoundEnded|GameTime|26|TasksCompleted||TasksDelayed|
[18-9-14 20:18:58] RoundExecuted|GameTime|27|TasksStarted|T27.M2;T2.M3;|TasksPending|
[18-9-14 20:18:58] RoundEnded|GameTime|27|TasksCompleted||TasksDelayed|
[18-9-14 20:18:59] RoundExecuted|GameTime|28|TasksStarted||TasksPending|T24.M2;
[18-9-14 20:19:20] RoundEnded|GameTime|28|TasksCompleted|T24.M2;|TasksDelayed|
[18-9-14 20:19:21] RoundExecuted|GameTime|29|TasksStarted||TasksPending|
[18-9-14 20:19:21] RoundEnded|GameTime|29|TasksCompleted|T19.M2;|TasksDelayed|
[18-9-14 20:19:22] RoundExecuted|GameTime|30|TasksStarted|T3.M2;|TasksPending|
[18-9-14 20:19:22] RoundEnded|GameTime|30|TasksCompleted|T17.M3;|TasksDelayed|
[18-9-14 20:19:23] RoundExecuted|GameTime|31|TasksStarted||TasksPending|T27.M2;
[18-9-14 20:19:54] RoundEnded|GameTime|31|TasksCompleted|T27.M2;|TasksDelayed|
[18-9-14 20:19:55] RoundExecuted|GameTime|32|TasksStarted||TasksPending|
[18-9-14 20:19:55] RoundEnded|GameTime|32|TasksCompleted||TasksDelayed|
[18-9-14 20:19:56] RoundExecuted|GameTime|33|TasksStarted||TasksPending|
[18-9-14 20:19:56] RoundEnded|GameTime|33|TasksCompleted||TasksDelayed|
[18-9-14 20:19:57] RoundExecuted|GameTime|34|TasksStarted||TasksPending|
[18-9-14 20:19:57] RoundEnded|GameTime|34|TasksCompleted||TasksDelayed|
[18-9-14 20:19:58] RoundExecuted|GameTime|35|TasksStarted||TasksPending|
[18-9-14 20:19:58] RoundEnded|GameTime|35|TasksCompleted|T2.M3;|TasksDelayed|
[18-9-14 20:19:59] RoundExecuted|GameTime|36|TasksStarted|T26.M2;T18.M2;|TasksPending|
[18-9-14 20:19:59] RoundEnded|GameTime|36|TasksCompleted||TasksDelayed|
[18-9-14 20:20:00] RoundExecuted|GameTime|37|TasksStarted|T28.M2;|TasksPending|
[18-9-14 20:20:00] RoundEnded|GameTime|37|TasksCompleted||TasksDelayed|
[18-9-14 20:20:01] RoundExecuted|GameTime|38|TasksStarted||TasksPending|T3.M2;
[18-9-14 20:20:22] RoundEnded|GameTime|38|TasksCompleted|T3.M2;|TasksDelayed|
[18-9-14 20:20:23] RoundExecuted|GameTime|39|TasksStarted||TasksPending|
[18-9-14 20:20:23] RoundEnded|GameTime|39|TasksCompleted||TasksDelayed|
[18-9-14 20:20:24] RoundExecuted|GameTime|40|TasksStarted||TasksPending|T18.M2;
[18-9-14 20:20:39] RoundEnded|GameTime|40|TasksCompleted|T18.M2;|TasksDelayed|
[18-9-14 20:20:40] RoundExecuted|GameTime|41|TasksStarted|T16.M2;|TasksPending|
[18-9-14 20:20:40] RoundEnded|GameTime|41|TasksCompleted||TasksDelayed|
[18-9-14 20:20:41] RoundExecuted|GameTime|42|TasksStarted||TasksPending|
[18-9-14 20:20:41] RoundEnded|GameTime|42|TasksCompleted||TasksDelayed|
[18-9-14 20:20:42] RoundExecuted|GameTime|43|TasksStarted||TasksPending|
[18-9-14 20:20:42] RoundEnded|GameTime|43|TasksCompleted||TasksDelayed|
[18-9-14 20:20:43] RoundExecuted|GameTime|44|TasksStarted||TasksPending|T28.M2;
[18-9-14 20:21:06] RoundEnded|GameTime|44|TasksCompleted||TasksDelayed|T28.M2;
[18-9-14 20:21:07] RoundExecuted|GameTime|45|TasksStarted|T5.M4;|TasksPending|
[18-9-14 20:21:07] RoundEnded|GameTime|45|TasksCompleted||TasksDelayed|
[18-9-14 20:21:08] RoundExecuted|GameTime|46|TasksStarted|T21.M2;|TasksPending|
[18-9-14 20:21:08] RoundEnded|GameTime|46|TasksCompleted||TasksDelayed|
[18-9-14 20:21:09] RoundExecuted|GameTime|47|TasksStarted||TasksPending|
[18-9-14 20:21:09] RoundEnded|GameTime|47|TasksCompleted||TasksDelayed|
[18-9-14 20:21:10] RoundExecuted|GameTime|48|TasksStarted||TasksPending|T26.M2;T16.M2;
[18-9-14 20:21:49] RoundEnded|GameTime|48|TasksCompleted|T28.M2;T26.M2;|TasksDelayed|T16.M2;
[18-9-14 20:21:50] RoundExecuted|GameTime|49|TasksStarted||TasksPending|
[18-9-14 20:21:50] RoundEnded|GameTime|49|TasksCompleted||TasksDelayed|
[18-9-14 20:21:51] RoundExecuted|GameTime|50|TasksStarted||TasksPending|T5.M4;T21.M2;
[18-9-14 20:22:22] RoundEnded|GameTime|50|TasksCompleted|T5.M4;T21.M2;|TasksDelayed|
[18-9-14 20:22:23] RoundExecuted|GameTime|51|TasksStarted||TasksPending|
[18-9-14 20:22:23] RoundEnded|GameTime|51|TasksCompleted||TasksDelayed|
[18-9-14 20:22:24] GameEnded
