[18-12-13 10:24:09] TraceInfo|VersionNumber|V1
[18-12-13 10:24:09] GameLoaded|GameFile|webapps/game/games/roersteden/game.xml|MaxPlayers|5
[18-12-13 10:47:44] PlayerAdded|PlayerID|SP600467
[18-12-13 10:47:56] PortfolioAssigned|PlayerID|SP600467|PortfolioID|P5
[18-12-13 10:48:06] PlayerAdded|PlayerID|SP811746
[18-12-13 10:48:08] PlayerAdded|PlayerID|SP62675
[18-12-13 10:48:30] PortfolioAssigned|PlayerID|SP811746|PortfolioID|P2
[18-12-13 10:48:32] PlayerAdded|PlayerID|SP263689
[18-12-13 10:48:41] PortfolioAssigned|PlayerID|SP62675|PortfolioID|P1
[18-12-13 10:48:46] PortfolioAssigned|PlayerID|SP263689|PortfolioID|P3
[18-12-13 10:48:57] PlayerAdded|PlayerID|SP757900
[18-12-13 10:49:04] PortfolioAssigned|PlayerID|SP757900|PortfolioID|P4
[18-12-13 10:49:25] GameStarted|NumPlayers|5|GamePeriod|52
[18-12-13 10:50:11] StartedPlanning|GameTime|0
[18-12-13 10:53:41] PlanChanged|GameTime|0|PlayerID|SP600467|PlanChange|MethodAdded;T20.M3;22;
[18-12-13 10:55:36] PlanChanged|GameTime|0|PlayerID|SP811746|PlanChange|MethodAdded;T5.M3;26;
[18-12-13 10:56:18] PlanChanged|GameTime|0|PlayerID|SP757900|PlanChange|MethodAdded;T28.M4;8;
[18-12-13 10:57:44] PlanChanged|GameTime|0|PlayerID|SP600467|PlanChange|MethodAdded;T19.M2;0;
[18-12-13 10:58:52] PlanChanged|GameTime|0|PlayerID|SP811746|PlanChange|MethodAdded;T22.M3;0;
[18-12-13 10:58:57] PlanChanged|GameTime|0|PlayerID|SP600467|PlanChange|MethodMoved;T20.M3;8;T20.M3
[18-12-13 10:59:06] PlanChanged|GameTime|0|PlayerID|SP62675|PlanChange|MethodAdded;T4.M1;40;
[18-12-13 11:00:18] PlanChanged|GameTime|0|PlayerID|SP263689|PlanChange|MethodAdded;T27.M2;17;
[18-12-13 11:00:22] PlanChanged|GameTime|0|PlayerID|SP757900|PlanChange|MethodAdded;T2.M4;27;
[18-12-13 11:00:33] PlanChanged|GameTime|0|PlayerID|SP811746|PlanChange|MethodAdded;T23.M4;15;
[18-12-13 11:00:59] PlanChanged|GameTime|0|PlayerID|SP811746|PlanChange|MethodMoved;T23.M4;17;T23.M4
[18-12-13 11:01:03] PlanChanged|GameTime|0|PlayerID|SP600467|PlanChange|MethodAdded;T3.M1;21;
[18-12-13 11:01:50] PlanChanged|GameTime|0|PlayerID|SP757900|PlanChange|MethodRemoved;T28.M4;-1;T28.M4
[18-12-13 11:02:45] PlanChanged|GameTime|0|PlayerID|SP600467|PlanChange|MethodAdded;T21.M4;33;
[18-12-13 11:02:58] PlanChanged|GameTime|0|PlayerID|SP62675|PlanChange|MethodAdded;T16.M2;0;
[18-12-13 11:03:02] PlanChanged|GameTime|0|PlayerID|SP811746|PlanChange|MethodAdded;T24.M4;39;
[18-12-13 11:03:05] PlanChanged|GameTime|0|PlayerID|SP757900|PlanChange|MethodAdded;T28.M2;5;
[18-12-13 11:03:54] PlanChanged|GameTime|0|PlayerID|SP62675|PlanChange|MethodAdded;T17.M1;10;
[18-12-13 11:04:10] PlanChanged|GameTime|0|PlayerID|SP263689|PlanChange|MethodAdded;T1.M4;27;
[18-12-13 11:04:45] PlanChanged|GameTime|0|PlayerID|SP811746|PlanChange|MethodMoved;T23.M4;0;T23.M4
[18-12-13 11:05:27] PlanChanged|GameTime|0|PlayerID|SP757900|PlanChange|MethodChanged;T2.M3;27;T2.M4
[18-12-13 11:05:39] PlanChanged|GameTime|0|PlayerID|SP811746|PlanChange|MethodMoved;T22.M3;15;T22.M3
[18-12-13 11:06:13] PlanChanged|GameTime|0|PlayerID|SP811746|PlanChange|MethodMoved;T5.M3;0;T5.M3
[18-12-13 11:06:50] PlanChanged|GameTime|0|PlayerID|SP811746|PlanChange|MethodMoved;T23.M4;26;T23.M4
[18-12-13 11:06:55] PlanChanged|GameTime|0|PlayerID|SP62675|PlanChange|MethodAdded;T18.M2;25;
[18-12-13 11:07:37] PlanChanged|GameTime|0|PlayerID|SP62675|PlanChange|MethodMoved;T18.M2;32;T18.M2
[18-12-13 11:07:47] PlanSubmitted|GameTime|0|PlayerID|SP811746
[18-12-13 11:08:10] PlanChanged|GameTime|0|PlayerID|SP263689|PlanChange|MethodAdded;T26.M1;25;
[18-12-13 11:08:44] PlanChanged|GameTime|0|PlayerID|SP600467|PlanChange|MethodMoved;T21.M4;43;T21.M4
[18-12-13 11:08:53] PlanChanged|GameTime|0|PlayerID|SP62675|PlanChange|MethodMoved;T17.M1;13;T17.M1
[18-12-13 11:09:05] PlanChanged|GameTime|0|PlayerID|SP757900|PlanChange|MethodAdded;T29.M4;17;
[18-12-13 11:09:14] PlanChanged|GameTime|0|PlayerID|SP600467|PlanChange|MethodMoved;T3.M1;25;T3.M1
[18-12-13 11:09:37] PlanChanged|GameTime|0|PlayerID|SP263689|PlanChange|MethodMoved;T26.M1;0;T26.M1
[18-12-13 11:09:47] PlanChanged|GameTime|0|PlayerID|SP600467|PlanChange|MethodMoved;T20.M3;12;T20.M3
[18-12-13 11:10:10] PlanChanged|GameTime|0|PlayerID|SP62675|PlanChange|MethodMoved;T4.M1;39;T4.M1
[18-12-13 11:10:22] PlanChanged|GameTime|0|PlayerID|SP757900|PlanChange|MethodAdded;T30.M2;38;
[18-12-13 11:10:29] PlanSubmitted|GameTime|0|PlayerID|SP62675
[18-12-13 11:10:29] PlanChanged|GameTime|0|PlayerID|SP600467|PlanChange|MethodMoved;T21.M4;8;T21.M4
[18-12-13 11:10:38] PlanSubmitted|GameTime|0|PlayerID|SP757900
[18-12-13 11:11:24] PlanChanged|GameTime|0|PlayerID|SP600467|PlanChange|MethodMoved;T21.M4;39;T21.M4
[18-12-13 11:11:34] PlanSubmitted|GameTime|0|PlayerID|SP600467
[18-12-13 11:11:54] PlanChanged|GameTime|0|PlayerID|SP263689|PlanChange|MethodAdded;T25.M4;33;
[18-12-13 11:12:28] PlanSubmitted|GameTime|0|PlayerID|SP263689
[18-12-13 11:12:28] SubmittedAll|GameTime|0
[18-12-13 11:16:59] PlayerResponded|GameTime|0|PlayerID|SP62675|AcceptResponse|false
[18-12-13 11:16:59] RespondedAll|GameTime|0|AcceptResponse|false
[18-12-13 11:16:59] StartedPlanning|GameTime|0
[18-12-13 11:29:02] PlanChanged|GameTime|0|PlayerID|SP62675|PlanChange|MethodMoved;T17.M1;0;T17.M1
[18-12-13 11:30:20] PlanChanged|GameTime|0|PlayerID|SP62675|PlanChange|MethodMoved;T16.M2;26;T16.M2
[18-12-13 11:31:01] PlanChanged|GameTime|0|PlayerID|SP62675|PlanChange|MethodMoved;T16.M2;22;T16.M2
[18-12-13 11:31:51] PlanChanged|GameTime|0|PlayerID|SP811746|PlanChange|MethodMoved;T23.M4;25;T23.M4
[18-12-13 11:33:00] PlanChanged|GameTime|0|PlayerID|SP62675|PlanChange|MethodMoved;T16.M2;15;T16.M2
[18-12-13 11:33:37] PlanChanged|GameTime|0|PlayerID|SP600467|PlanChange|MethodChanged;T20.M4;12;T20.M3
[18-12-13 11:33:54] PlanChanged|GameTime|0|PlayerID|SP263689|PlanChange|MethodMoved;T25.M4;44;T25.M4
[18-12-13 11:34:02] PlanChanged|GameTime|0|PlayerID|SP811746|PlanChange|MethodMoved;T22.M3;16;T22.M3
[18-12-13 11:34:21] PlanChanged|GameTime|0|PlayerID|SP62675|PlanChange|MethodRemoved;T16.M2;-1;T16.M2
[18-12-13 11:35:40] PlanChanged|GameTime|0|PlayerID|SP600467|PlanChange|MethodMoved;T20.M4;10;T20.M4
[18-12-13 11:35:57] PlanSubmitted|GameTime|0|PlayerID|SP600467
[18-12-13 11:35:58] PlanSubmitted|GameTime|0|PlayerID|SP811746
[18-12-13 11:36:05] PlanChanged|GameTime|0|PlayerID|SP62675|PlanChange|MethodAdded;T16.M2;39;
[18-12-13 11:36:11] PlanSubmitted|GameTime|0|PlayerID|SP263689
[18-12-13 11:36:13] PlanSubmitted|GameTime|0|PlayerID|SP757900
[18-12-13 11:37:00] PlanChanged|GameTime|0|PlayerID|SP62675|PlanChange|MethodMoved;T4.M1;15;T4.M1
[18-12-13 11:37:07] PlanSubmitted|GameTime|0|PlayerID|SP62675
[18-12-13 11:37:07] SubmittedAll|GameTime|0
[18-12-13 11:38:06] PlayerResponded|GameTime|0|PlayerID|SP811746|AcceptResponse|false
[18-12-13 11:38:06] RespondedAll|GameTime|0|AcceptResponse|false
[18-12-13 11:38:06] StartedPlanning|GameTime|0
[18-12-13 11:39:31] PlanChanged|GameTime|0|PlayerID|SP600467|PlanChange|MethodMoved;T20.M4;41;T20.M4
[18-12-13 11:39:56] PlanChanged|GameTime|0|PlayerID|SP811746|PlanChange|MethodMoved;T23.M4;24;T23.M4
[18-12-13 11:40:11] PlanChanged|GameTime|0|PlayerID|SP62675|PlanChange|MethodChanged;T18.M4;32;T18.M2
[18-12-13 11:40:22] PlanChanged|GameTime|0|PlayerID|SP600467|PlanChange|MethodMoved;T21.M4;36;T21.M4
[18-12-13 11:40:48] PlanChanged|GameTime|0|PlayerID|SP62675|PlanChange|MethodMoved;T18.M4;33;T18.M4
[18-12-13 11:40:51] PlanChanged|GameTime|0|PlayerID|SP811746|PlanChange|MethodMoved;T24.M4;37;T24.M4
[18-12-13 11:41:07] PlanChanged|GameTime|0|PlayerID|SP757900|PlanChange|MethodMoved;T28.M2;0;T28.M2
[18-12-13 11:41:14] PlanChanged|GameTime|0|PlayerID|SP600467|PlanChange|MethodMoved;T21.M4;16;T21.M4
[18-12-13 11:41:21] PlanChanged|GameTime|0|PlayerID|SP62675|PlanChange|MethodMoved;T18.M4;35;T18.M4
[18-12-13 11:41:51] PlanChanged|GameTime|0|PlayerID|SP62675|PlanChange|MethodMoved;T18.M4;34;T18.M4
[18-12-13 11:42:12] PlanChanged|GameTime|0|PlayerID|SP811746|PlanChange|MethodMoved;T24.M4;35;T24.M4
[18-12-13 11:43:08] PlanChanged|GameTime|0|PlayerID|SP62675|PlanChange|MethodChanged;T17.M4;0;T17.M1
[18-12-13 11:43:40] PlanSubmitted|GameTime|0|PlayerID|SP811746
[18-12-13 11:43:41] PlanSubmitted|GameTime|0|PlayerID|SP757900
[18-12-13 11:43:41] PlanSubmitted|GameTime|0|PlayerID|SP600467
[18-12-13 11:43:43] PlanSubmitted|GameTime|0|PlayerID|SP263689
[18-12-13 11:43:53] PlanSubmitted|GameTime|0|PlayerID|SP62675
[18-12-13 11:43:53] SubmittedAll|GameTime|0
[18-12-13 11:45:02] PlayerResponded|GameTime|0|PlayerID|SP811746|AcceptResponse|false
[18-12-13 11:45:02] RespondedAll|GameTime|0|AcceptResponse|false
[18-12-13 11:45:02] StartedPlanning|GameTime|0
[18-12-13 11:45:52] PlanChanged|GameTime|0|PlayerID|SP811746|PlanChange|MethodChanged;T22.M2;16;T22.M3
[18-12-13 11:46:04] PlanChanged|GameTime|0|PlayerID|SP757900|PlanChange|MethodMoved;T30.M2;10;T30.M2
[18-12-13 11:46:29] PlanChanged|GameTime|0|PlayerID|SP811746|PlanChange|MethodMoved;T22.M2;12;T22.M2
[18-12-13 11:46:45] PlanChanged|GameTime|0|PlayerID|SP600467|PlanChange|MethodChanged;T21.M2;16;T21.M4
[18-12-13 11:47:13] PlanChanged|GameTime|0|PlayerID|SP600467|PlanChange|MethodMoved;T21.M2;14;T21.M2
[18-12-13 11:47:16] PlanSubmitted|GameTime|0|PlayerID|SP811746
[18-12-13 11:47:16] PlanSubmitted|GameTime|0|PlayerID|SP757900
[18-12-13 11:47:17] PlanSubmitted|GameTime|0|PlayerID|SP263689
[18-12-13 11:47:17] PlanSubmitted|GameTime|0|PlayerID|SP600467
[18-12-13 11:47:20] PlanSubmitted|GameTime|0|PlayerID|SP62675
[18-12-13 11:47:20] SubmittedAll|GameTime|0
[18-12-13 11:48:39] PlayerResponded|GameTime|0|PlayerID|SP263689|AcceptResponse|false
[18-12-13 11:48:39] RespondedAll|GameTime|0|AcceptResponse|false
[18-12-13 11:48:39] StartedPlanning|GameTime|0
[18-12-13 11:49:09] PlanChanged|GameTime|0|PlayerID|SP811746|PlanChange|MethodMoved;T22.M2;14;T22.M2
[18-12-13 11:49:13] PlanSubmitted|GameTime|0|PlayerID|SP811746
[18-12-13 11:49:13] PlanSubmitted|GameTime|0|PlayerID|SP757900
[18-12-13 11:49:14] PlanSubmitted|GameTime|0|PlayerID|SP263689
[18-12-13 11:49:43] PlanSubmitted|GameTime|0|PlayerID|SP600467
[18-12-13 11:49:43] PlanSubmitted|GameTime|0|PlayerID|SP62675
[18-12-13 11:49:43] SubmittedAll|GameTime|0
[18-12-13 11:50:05] PlayerResponded|GameTime|0|PlayerID|SP263689|AcceptResponse|false
[18-12-13 11:50:05] RespondedAll|GameTime|0|AcceptResponse|false
[18-12-13 11:50:05] StartedPlanning|GameTime|0
[18-12-13 11:51:24] PlanChanged|GameTime|0|PlayerID|SP263689|PlanChange|MethodMoved;T25.M4;35;T25.M4
[18-12-13 11:51:25] PlanChanged|GameTime|0|PlayerID|SP811746|PlanChange|MethodMoved;T24.M4;36;T24.M4
[18-12-13 11:52:06] PlanChanged|GameTime|0|PlayerID|SP263689|PlanChange|MethodMoved;T25.M4;36;T25.M4
[18-12-13 11:52:16] PlanChanged|GameTime|0|PlayerID|SP811746|PlanChange|MethodMoved;T22.M2;12;T22.M2
[18-12-13 11:52:48] PlanChanged|GameTime|0|PlayerID|SP62675|PlanChange|MethodChanged;T4.M2;15;T4.M1
[18-12-13 11:53:07] PlanSubmitted|GameTime|0|PlayerID|SP811746
[18-12-13 11:53:10] PlanSubmitted|GameTime|0|PlayerID|SP263689
[18-12-13 11:53:10] PlanSubmitted|GameTime|0|PlayerID|SP757900
[18-12-13 11:53:14] PlanSubmitted|GameTime|0|PlayerID|SP62675
[18-12-13 11:53:56] PlanSubmitted|GameTime|0|PlayerID|SP600467
[18-12-13 11:53:56] SubmittedAll|GameTime|0
[18-12-13 11:55:02] PlayerResponded|GameTime|0|PlayerID|SP811746|AcceptResponse|false
[18-12-13 11:55:02] RespondedAll|GameTime|0|AcceptResponse|false
[18-12-13 11:55:02] StartedPlanning|GameTime|0
[18-12-13 11:56:24] PlanChanged|GameTime|0|PlayerID|SP811746|PlanChange|MethodChanged;T24.M2;36;T24.M4
[18-12-13 11:56:33] PlanSubmitted|GameTime|0|PlayerID|SP811746
[18-12-13 11:56:39] PlanSubmitted|GameTime|0|PlayerID|SP62675
[18-12-13 11:56:51] PlanSubmitted|GameTime|0|PlayerID|SP263689
[18-12-13 11:57:18] PlanChanged|GameTime|0|PlayerID|SP757900|PlanChange|MethodMoved;T28.M2;7;T28.M2
[18-12-13 11:57:41] PlanChanged|GameTime|0|PlayerID|SP600467|PlanChange|MethodChanged;T3.M2;25;T3.M1
[18-12-13 11:58:00] PlanChanged|GameTime|0|PlayerID|SP757900|PlanChange|MethodMoved;T30.M2;0;T30.M2
[18-12-13 11:58:10] PlanChanged|GameTime|0|PlayerID|SP600467|PlanChange|MethodChanged;T20.M2;35;T20.M4
[18-12-13 11:58:21] PlanSubmitted|GameTime|0|PlayerID|SP757900
[18-12-13 11:58:41] PlanChanged|GameTime|0|PlayerID|SP600467|PlanChange|MethodMoved;T3.M2;22;T3.M2
[18-12-13 11:58:44] PlanSubmitted|GameTime|0|PlayerID|SP600467
[18-12-13 11:58:44] SubmittedAll|GameTime|0
[18-12-13 11:59:01] PlayerResponded|GameTime|0|PlayerID|SP811746|AcceptResponse|true
[18-12-13 11:59:04] PlayerResponded|GameTime|0|PlayerID|SP62675|AcceptResponse|true
[18-12-13 11:59:05] PlayerResponded|GameTime|0|PlayerID|SP263689|AcceptResponse|true
[18-12-13 12:01:03] PlayerResponded|GameTime|0|PlayerID|SP757900|AcceptResponse|true
[18-12-13 12:01:29] RespondedAll|GameTime|0|AcceptResponse|true
[18-12-13 12:01:29] ClientStateForced|PlayerID|SP600467|StateOld|Accepting|StateNew|Accepted
[18-12-13 12:01:43] StartedExecution|GameTime|0|ExecutionMode|UntilEvent
[18-12-13 12:01:43] RoundExecuted|GameTime|1|TasksStarted|T26.M1;T19.M2;T17.M4;T30.M2;T5.M3;|TasksPending|
[18-12-13 12:01:43] RoundEnded|GameTime|1|TasksCompleted||TasksDelayed|
[18-12-13 12:01:44] RoundExecuted|GameTime|2|TasksStarted||TasksPending|
[18-12-13 12:01:44] RoundEnded|GameTime|2|TasksCompleted||TasksDelayed|
[18-12-13 12:01:45] RoundExecuted|GameTime|3|TasksStarted||TasksPending|
[18-12-13 12:01:45] RoundEnded|GameTime|3|TasksCompleted||TasksDelayed|
[18-12-13 12:01:46] RoundExecuted|GameTime|4|TasksStarted||TasksPending|
[18-12-13 12:01:46] RoundEnded|GameTime|4|TasksCompleted||TasksDelayed|
[18-12-13 12:01:47] RoundExecuted|GameTime|5|TasksStarted||TasksPending|T30.M2;
[18-12-13 12:02:04] RoundEnded|GameTime|5|TasksCompleted|T30.M2;|TasksDelayed|
[18-12-13 12:02:05] RoundExecuted|GameTime|6|TasksStarted||TasksPending|
[18-12-13 12:02:05] RoundEnded|GameTime|6|TasksCompleted||TasksDelayed|
[18-12-13 12:02:06] RoundExecuted|GameTime|7|TasksStarted||TasksPending|
[18-12-13 12:02:06] RoundEnded|GameTime|7|TasksCompleted||TasksDelayed|
[18-12-13 12:02:07] RoundExecuted|GameTime|8|TasksStarted|T28.M2;|TasksPending|T19.M2;
[18-12-13 12:02:22] RoundEnded|GameTime|8|TasksCompleted||TasksDelayed|T19.M2;
[18-12-13 12:02:23] RoundExecuted|GameTime|9|TasksStarted||TasksPending|T17.M4;
[18-12-13 12:03:01] RoundEnded|GameTime|9|TasksCompleted|T5.M3;T17.M4;|TasksDelayed|
[18-12-13 12:03:02] RoundExecuted|GameTime|10|TasksStarted||TasksPending|
[18-12-13 12:03:02] RoundEnded|GameTime|10|TasksCompleted||TasksDelayed|
[18-12-13 12:03:03] RoundExecuted|GameTime|11|TasksStarted||TasksPending|
[18-12-13 12:03:03] RoundEnded|GameTime|11|TasksCompleted||TasksDelayed|
[18-12-13 12:03:04] RoundExecuted|GameTime|12|TasksStarted||TasksPending|
[18-12-13 12:03:04] RoundEnded|GameTime|12|TasksCompleted|T19.M2;|TasksDelayed|
[18-12-13 12:03:05] RoundExecuted|GameTime|13|TasksStarted|T22.M2;|TasksPending|
[18-12-13 12:03:05] RoundEnded|GameTime|13|TasksCompleted||TasksDelayed|
[18-12-13 12:03:06] RoundExecuted|GameTime|14|TasksStarted||TasksPending|T26.M1;
[18-12-13 12:03:22] RoundEnded|GameTime|14|TasksCompleted|T26.M1;|TasksDelayed|
[18-12-13 12:03:23] RoundExecuted|GameTime|15|TasksStarted|T21.M2;|TasksPending|T28.M2;
[18-12-13 12:03:37] RoundEnded|GameTime|15|TasksCompleted|T28.M2;|TasksDelayed|
[18-12-13 12:03:38] RoundExecuted|GameTime|16|TasksStarted|T4.M2;|TasksPending|
[18-12-13 12:03:38] RoundEnded|GameTime|16|TasksCompleted||TasksDelayed|
[18-12-13 12:03:39] RoundExecuted|GameTime|17|TasksStarted||TasksPending|
[18-12-13 12:03:39] RoundEnded|GameTime|17|TasksCompleted||TasksDelayed|
[18-12-13 12:03:40] RoundExecuted|GameTime|18|TasksStarted|T27.M2;T29.M4;|TasksPending|
[18-12-13 12:03:40] RoundEnded|GameTime|18|TasksCompleted||TasksDelayed|
[18-12-13 12:03:41] RoundExecuted|GameTime|19|TasksStarted||TasksPending|T21.M2;
[18-12-13 12:03:57] RoundEnded|GameTime|19|TasksCompleted||TasksDelayed|T21.M2;
[18-12-13 12:03:58] RoundExecuted|GameTime|20|TasksStarted||TasksPending|T22.M2;
[18-12-13 12:04:07] RoundEnded|GameTime|20|TasksCompleted|T22.M2;|TasksDelayed|
[18-12-13 12:04:08] RoundExecuted|GameTime|21|TasksStarted||TasksPending|
[18-12-13 12:04:08] RoundEnded|GameTime|21|TasksCompleted|T21.M2;|TasksDelayed|
[18-12-13 12:04:09] RoundExecuted|GameTime|22|TasksStarted||TasksPending|T27.M2;
[18-12-13 12:04:19] RoundEnded|GameTime|22|TasksCompleted|T27.M2;|TasksDelayed|
[18-12-13 12:04:20] RoundExecuted|GameTime|23|TasksStarted|T3.M2;|TasksPending|
[18-12-13 12:04:20] RoundEnded|GameTime|23|TasksCompleted||TasksDelayed|
[18-12-13 12:04:21] RoundExecuted|GameTime|24|TasksStarted||TasksPending|T4.M2;
[18-12-13 12:04:33] RoundEnded|GameTime|24|TasksCompleted|T4.M2;|TasksDelayed|
[18-12-13 12:04:34] RoundExecuted|GameTime|25|TasksStarted|T23.M4;|TasksPending|
[18-12-13 12:04:34] RoundEnded|GameTime|25|TasksCompleted||TasksDelayed|
[18-12-13 12:04:35] RoundExecuted|GameTime|26|TasksStarted||TasksPending|T29.M4;
[18-12-13 12:04:53] RoundEnded|GameTime|26|TasksCompleted|T29.M4;|TasksDelayed|
[18-12-13 12:04:54] RoundExecuted|GameTime|27|TasksStarted||TasksPending|
[18-12-13 12:04:54] RoundEnded|GameTime|27|TasksCompleted||TasksDelayed|
[18-12-13 12:04:55] RoundExecuted|GameTime|28|TasksStarted|T1.M4;T2.M3;|TasksPending|
[18-12-13 12:04:55] RoundEnded|GameTime|28|TasksCompleted||TasksDelayed|
[18-12-13 12:04:56] RoundExecuted|GameTime|29|TasksStarted||TasksPending|
[18-12-13 12:04:56] RoundEnded|GameTime|29|TasksCompleted||TasksDelayed|
[18-12-13 12:04:57] RoundExecuted|GameTime|30|TasksStarted||TasksPending|
[18-12-13 12:04:57] RoundEnded|GameTime|30|TasksCompleted||TasksDelayed|
[18-12-13 12:04:58] RoundExecuted|GameTime|31|TasksStarted||TasksPending|T3.M2;
[18-12-13 12:05:12] RoundEnded|GameTime|31|TasksCompleted||TasksDelayed|T3.M2;
[18-12-13 12:05:13] RoundExecuted|GameTime|32|TasksStarted||TasksPending|
[18-12-13 12:05:13] RoundEnded|GameTime|32|TasksCompleted||TasksDelayed|
[18-12-13 12:05:14] RoundExecuted|GameTime|33|TasksStarted||TasksPending|T1.M4;T23.M4;
[18-12-13 12:05:30] RoundEnded|GameTime|33|TasksCompleted|T23.M4;|TasksDelayed|T1.M4;
[18-12-13 12:05:31] RoundExecuted|GameTime|34|TasksStarted||TasksPending|
[18-12-13 12:05:31] RoundEnded|GameTime|34|TasksCompleted||TasksDelayed|
[18-12-13 12:05:32] RoundExecuted|GameTime|35|TasksStarted|T18.M4;|TasksPending|
[18-12-13 12:05:32] RoundEnded|GameTime|35|TasksCompleted|T1.M4;T3.M2;|TasksDelayed|
[18-12-13 12:05:33] RoundExecuted|GameTime|36|TasksStarted|T20.M2;|TasksPending|
[18-12-13 12:05:33] RoundEnded|GameTime|36|TasksCompleted|T2.M3;|TasksDelayed|
[18-12-13 12:05:34] RoundExecuted|GameTime|37|TasksStarted|T25.M4;T24.M2;|TasksPending|
[18-12-13 12:05:34] RoundEnded|GameTime|37|TasksCompleted||TasksDelayed|
[18-12-13 12:05:35] RoundExecuted|GameTime|38|TasksStarted||TasksPending|T18.M4;
[18-12-13 12:05:49] RoundEnded|GameTime|38|TasksCompleted|T18.M4;|TasksDelayed|
[18-12-13 12:05:50] RoundExecuted|GameTime|39|TasksStarted||TasksPending|
[18-12-13 12:05:50] RoundEnded|GameTime|39|TasksCompleted||TasksDelayed|
[18-12-13 12:05:51] RoundExecuted|GameTime|40|TasksStarted|T16.M2;|TasksPending|
[18-12-13 12:05:51] RoundEnded|GameTime|40|TasksCompleted||TasksDelayed|
[18-12-13 12:05:52] RoundExecuted|GameTime|41|TasksStarted||TasksPending|T24.M2;
[18-12-13 12:06:07] RoundEnded|GameTime|41|TasksCompleted|T24.M2;|TasksDelayed|
[18-12-13 12:06:08] RoundExecuted|GameTime|42|TasksStarted||TasksPending|T25.M4;
[18-12-13 12:06:18] RoundEnded|GameTime|42|TasksCompleted|T25.M4;|TasksDelayed|
[18-12-13 12:06:19] RoundExecuted|GameTime|43|TasksStarted||TasksPending|
[18-12-13 12:06:19] RoundEnded|GameTime|43|TasksCompleted||TasksDelayed|
[18-12-13 12:06:20] RoundExecuted|GameTime|44|TasksStarted||TasksPending|
[18-12-13 12:06:20] RoundEnded|GameTime|44|TasksCompleted||TasksDelayed|
[18-12-13 12:06:21] RoundExecuted|GameTime|45|TasksStarted||TasksPending|
[18-12-13 12:06:21] RoundEnded|GameTime|45|TasksCompleted||TasksDelayed|
[18-12-13 12:06:22] RoundExecuted|GameTime|46|TasksStarted||TasksPending|
[18-12-13 12:06:22] RoundEnded|GameTime|46|TasksCompleted||TasksDelayed|
[18-12-13 12:06:23] RoundExecuted|GameTime|47|TasksStarted||TasksPending|T16.M2;
[18-12-13 12:06:32] RoundEnded|GameTime|47|TasksCompleted||TasksDelayed|T16.M2;
[18-12-13 12:06:33] RoundExecuted|GameTime|48|TasksStarted||TasksPending|T20.M2;
[18-12-13 12:06:48] RoundEnded|GameTime|48|TasksCompleted||TasksDelayed|T20.M2;
[18-12-13 12:06:49] RoundExecuted|GameTime|49|TasksStarted||TasksPending|
[18-12-13 12:06:49] RoundEnded|GameTime|49|TasksCompleted||TasksDelayed|
[18-12-13 12:06:50] RoundExecuted|GameTime|50|TasksStarted||TasksPending|
[18-12-13 12:06:50] RoundEnded|GameTime|50|TasksCompleted||TasksDelayed|
[18-12-13 12:06:51] RoundExecuted|GameTime|51|TasksStarted||TasksPending|
[18-12-13 12:06:51] RoundEnded|GameTime|51|TasksCompleted|T16.M2;|TasksDelayed|
[18-12-13 12:06:52] GameEnded
